========================================================================================================================================================================================================
=                                                                         Advanced Algorithms and Parallel Programming Project                                                                         =
========================================================================================================================================================================================================
--------------------------------------------------------------------------------------------------------------------------------------------------------------------------------------------------------
|All the graph files are imported                                                                                                                                                                      |
--------------------------------------------------------------------------------------------------------------------------------------------------------------------------------------------------------
|Result Table                                                                                                                                                                                          |
--------------------------------------------------------------------------------------------------------------------------------------------------------------------------------------------------------
|id        |Vertex    |Edge      |Tj T      |Tj S      |N_0 T     |N_0 S     |N_1 T     |N_1 S     |N_2 T     |N_2 S     |P_0 T     |P_0 S     |P_1 T     |P_1 S     |P_2 T     |P_2 S                 |
--------------------------------------------------------------------------------------------------------------------------------------------------------------------------------------------------------
|0         |21        |35        |0.184619  |0.246094  |0.027917  |0.492188  |0.023848  |0.492188  |0.021232  |0.511719  |0.02781   |0.492188  |0.019931  |0.0859375 |0.062568  |0.20854               |
|------------------------------------------------------------------------------------------------------------------------------------------------------------------------------------------------------|
|1         |37        |1148      |12.1374   |0.433594  |0.313065  |0.867188  |0.347451  |0.867188  |0.305722  |0.886719  |0.408413  |0.867188  |0.235377  |0.148438  |1.86781   |0.367428              |
|------------------------------------------------------------------------------------------------------------------------------------------------------------------------------------------------------|
|2         |20        |338       |5.59789   |0.234375  |0.058157  |0.46875   |0.068972  |0.46875   |0.052405  |0.488281  |0.093305  |0.46875   |0.071208  |0.0820312 |0.234122  |0.19861               |
|------------------------------------------------------------------------------------------------------------------------------------------------------------------------------------------------------|
|3         |28        |298       |1.61788   |0.328125  |0.054875  |0.65625   |0.057409  |0.65625   |0.050744  |0.675781  |0.071043  |0.65625   |0.044097  |0.113281  |0.16882   |0.278054              |
|------------------------------------------------------------------------------------------------------------------------------------------------------------------------------------------------------|
|4         |32        |389       |4.79859   |0.375     |0.109508  |0.75      |0.124498  |0.75      |0.101391  |0.769531  |0.110634  |0.75      |0.084131  |0.128906  |0.348462  |0.317776              |
|------------------------------------------------------------------------------------------------------------------------------------------------------------------------------------------------------|
|5         |14        |10        |0.055189  |0.164062  |0.008958  |0.328125  |0.006307  |0.328125  |0.006658  |0.347656  |0.007199  |0.328125  |0.005295  |0.0585938 |0.016365  |0.139027              |
|------------------------------------------------------------------------------------------------------------------------------------------------------------------------------------------------------|
|6         |34        |687       |7.7747    |0.398438  |0.206469  |0.796875  |0.224763  |0.796875  |0.194736  |0.816406  |0.29083   |0.796875  |0.18188   |0.136719  |0.695593  |0.337637              |
|------------------------------------------------------------------------------------------------------------------------------------------------------------------------------------------------------|
|7         |13        |24        |0.12053   |0.152344  |0.023567  |0.304688  |0.019968  |0.304688  |0.028766  |0.324219  |0.022392  |0.304688  |0.014932  |0.0546875 |0.049424  |0.129096              |
|------------------------------------------------------------------------------------------------------------------------------------------------------------------------------------------------------|
|8         |19        |46        |0.2612    |0.222656  |0.03065   |0.445312  |0.030106  |0.445312  |0.026885  |0.464844  |0.034314  |0.445312  |0.023307  |0.078125  |0.072853  |0.188679              |
|------------------------------------------------------------------------------------------------------------------------------------------------------------------------------------------------------|
|9         |42        |826       |11.5698   |0.492188  |0.255837  |0.984375  |0.29347   |0.984375  |0.242011  |1.00391   |0.285379  |0.984375  |0.20539   |0.167969  |0.858186  |0.41708               |
|------------------------------------------------------------------------------------------------------------------------------------------------------------------------------------------------------|
|10        |21        |196       |2.01991   |0.246094  |0.13636   |0.492188  |0.117737  |0.492188  |0.100325  |0.511719  |0.140919  |0.492188  |0.0793    |0.0859375 |0.255122  |0.20854               |
|------------------------------------------------------------------------------------------------------------------------------------------------------------------------------------------------------|
|11        |39        |77        |2.13167   |0.457031  |0.147063  |0.914062  |0.118126  |0.914062  |0.094275  |0.933594  |0.158155  |0.914062  |0.058023  |0.15625   |0.176168  |0.387289              |
|------------------------------------------------------------------------------------------------------------------------------------------------------------------------------------------------------|
|12        |18        |226       |1.33169   |0.210938  |0.07148   |0.421875  |0.076309  |0.421875  |0.063192  |0.441406  |0.077331  |0.421875  |0.053212  |0.0742188 |0.205951  |0.178749              |
|------------------------------------------------------------------------------------------------------------------------------------------------------------------------------------------------------|
|13        |49        |73        |0.443743  |0.574219  |1.65076   |1.14844   |0.109167  |1.14844   |0.051321  |1.16797   |0.059722  |1.14844   |0.042402  |0.195312  |0.124666  |0.486594              |
|------------------------------------------------------------------------------------------------------------------------------------------------------------------------------------------------------|
|14        |10        |63        |1.35436   |0.117188  |0.040472  |0.234375  |0.033405  |0.234375  |0.026256  |0.253906  |0.060714  |0.234375  |0.023713  |0.0429688 |0.087946  |0.0993049             |
|------------------------------------------------------------------------------------------------------------------------------------------------------------------------------------------------------|
|15        |39        |114       |2.46847   |0.457031  |0.152565  |0.914062  |0.130595  |0.914062  |0.11084   |0.933594  |0.11788   |0.914062  |0.067197  |0.15625   |3.15735   |0.387289              |
|------------------------------------------------------------------------------------------------------------------------------------------------------------------------------------------------------|
|16        |9         |40        |0.142043  |0.105469  |0.020528  |0.210938  |0.019088  |0.210938  |0.016811  |0.230469  |0.020687  |0.210938  |0.015085  |0.0390625 |0.050838  |0.0893744             |
|------------------------------------------------------------------------------------------------------------------------------------------------------------------------------------------------------|
|17        |36        |951       |8.42263   |0.421875  |0.21213   |0.84375   |0.182947  |0.84375   |0.17075   |0.863281  |0.28672   |0.84375   |0.183124  |0.144531  |0.583067  |0.357498              |
|------------------------------------------------------------------------------------------------------------------------------------------------------------------------------------------------------|
|18        |30        |65        |0.611879  |0.351562  |0.041463  |0.703125  |0.037602  |0.703125  |0.039146  |0.722656  |0.051289  |0.703125  |0.030663  |0.121094  |0.079857  |0.297915              |
|------------------------------------------------------------------------------------------------------------------------------------------------------------------------------------------------------|
|19        |19        |190       |0.793939  |0.222656  |0.041036  |0.445312  |0.042613  |0.445312  |0.036207  |0.464844  |0.04198   |0.445312  |0.030842  |0.078125  |0.11738   |0.188679              |
|------------------------------------------------------------------------------------------------------------------------------------------------------------------------------------------------------|
|20        |18        |245       |1.3949    |0.210938  |0.08473   |0.421875  |0.090255  |0.421875  |0.077123  |0.441406  |0.07768   |0.421875  |0.056801  |0.0742188 |0.224487  |0.178749              |
|------------------------------------------------------------------------------------------------------------------------------------------------------------------------------------------------------|
|21        |47        |818       |7.29795   |0.550781  |0.163814  |1.10156   |0.172093  |1.10156   |0.200159  |1.12109   |0.172197  |1.10156   |0.119465  |0.1875    |0.496272  |0.466733              |
|------------------------------------------------------------------------------------------------------------------------------------------------------------------------------------------------------|
|22        |12        |62        |0.254622  |0.140625  |0.021276  |0.28125   |0.021195  |0.28125   |0.016628  |0.300781  |0.021437  |0.28125   |0.016329  |0.0507812 |0.055312  |0.119166              |
|------------------------------------------------------------------------------------------------------------------------------------------------------------------------------------------------------|
|23        |31        |366       |2.24198   |0.363281  |0.081021  |0.726562  |0.086006  |0.726562  |0.074191  |0.746094  |0.082177  |0.726562  |0.058719  |0.125     |0.236433  |0.307845              |
|------------------------------------------------------------------------------------------------------------------------------------------------------------------------------------------------------|
|24        |6         |21        |0.047845  |0.0703125 |0.009316  |0.140625  |0.009699  |0.140625  |0.006572  |0.160156  |0.009886  |0.140625  |0.007308  |0.0273438 |0.022854  |0.0595829             |
|------------------------------------------------------------------------------------------------------------------------------------------------------------------------------------------------------|
|25        |33        |11        |0.048234  |0.386719  |0.033287  |0.773438  |0.020441  |0.773438  |0.020622  |0.792969  |0.01724   |0.773438  |0.012021  |0.132812  |0.029871  |0.327706              |
|------------------------------------------------------------------------------------------------------------------------------------------------------------------------------------------------------|
|26        |39        |1474      |9.11402   |0.457031  |0.231088  |0.914062  |0.249485  |0.914062  |0.295245  |0.933594  |0.246768  |0.914062  |0.172538  |0.15625   |0.932406  |0.387289              |
|------------------------------------------------------------------------------------------------------------------------------------------------------------------------------------------------------|
|27        |7         |10        |0.034935  |0.0820312 |0.01158   |0.164062  |0.008906  |0.164062  |0.009565  |0.183594  |0.006411  |0.164062  |0.004449  |0.03125   |0.016618  |0.0695134             |
|------------------------------------------------------------------------------------------------------------------------------------------------------------------------------------------------------|
|28        |38        |200       |1.51665   |0.445312  |0.051014  |0.890625  |0.052014  |0.890625  |0.046393  |0.910156  |0.053586  |0.890625  |0.03953   |0.152344  |0.138826  |0.377358              |
|------------------------------------------------------------------------------------------------------------------------------------------------------------------------------------------------------|
|29        |32        |109       |0.749087  |0.375     |0.033737  |0.75      |0.034214  |0.75      |0.031082  |0.769531  |0.037837  |0.75      |0.027326  |0.128906  |0.089039  |0.317776              |
|------------------------------------------------------------------------------------------------------------------------------------------------------------------------------------------------------|
|30        |26        |119       |0.571406  |0.304688  |0.032011  |0.609375  |0.032766  |0.609375  |0.029544  |0.628906  |0.034234  |0.609375  |0.02591   |0.105469  |0.087723  |0.258193              |
|------------------------------------------------------------------------------------------------------------------------------------------------------------------------------------------------------|
|31        |7         |38        |0.072973  |0.0820312 |0.011069  |0.164062  |0.011111  |0.164062  |0.008687  |0.183594  |0.011473  |0.164062  |0.008788  |0.03125   |0.028906  |0.0695134             |
|------------------------------------------------------------------------------------------------------------------------------------------------------------------------------------------------------|
|32        |7         |35        |0.073098  |0.0820312 |0.01042   |0.164062  |0.010545  |0.164062  |0.008008  |0.183594  |0.011184  |0.164062  |0.008241  |0.03125   |0.027486  |0.0695134             |
|------------------------------------------------------------------------------------------------------------------------------------------------------------------------------------------------------|
|33        |40        |4         |0.024957  |0.46875   |0.017548  |0.9375    |0.013992  |0.9375    |0.014379  |0.957031  |0.016136  |0.9375    |0.0112    |0.160156  |0.023495  |0.397219              |
|------------------------------------------------------------------------------------------------------------------------------------------------------------------------------------------------------|
|34        |17        |187       |0.567911  |0.199219  |0.03498   |0.398438  |0.037237  |0.398438  |0.031906  |0.417969  |0.036571  |0.398438  |0.026547  |0.0703125 |0.10442   |0.168818              |
|------------------------------------------------------------------------------------------------------------------------------------------------------------------------------------------------------|
|35        |42        |97        |0.540023  |0.492188  |0.035389  |0.984375  |0.034554  |0.984375  |0.032106  |1.00391   |0.037309  |0.984375  |0.028196  |0.167969  |0.086988  |0.41708               |
|------------------------------------------------------------------------------------------------------------------------------------------------------------------------------------------------------|
|36        |20        |107       |0.459499  |0.234375  |0.042855  |0.46875   |0.041873  |0.46875   |0.034757  |0.488281  |0.029428  |0.46875   |0.021706  |0.0820312 |0.073717  |0.19861               |
|------------------------------------------------------------------------------------------------------------------------------------------------------------------------------------------------------|
|37        |10        |22        |0.058347  |0.117188  |0.075876  |0.234375  |0.015933  |0.234375  |0.011214  |0.253906  |0.016392  |0.234375  |0.023517  |0.0429688 |0.025932  |0.0993049             |
|------------------------------------------------------------------------------------------------------------------------------------------------------------------------------------------------------|
|38        |11        |64        |0.171793  |0.128906  |0.016127  |0.257812  |0.016577  |0.257812  |0.013329  |0.277344  |0.017191  |0.257812  |0.012862  |0.046875  |0.044172  |0.109235              |
|------------------------------------------------------------------------------------------------------------------------------------------------------------------------------------------------------|
|39        |7         |7         |0.015189  |0.0820312 |0.005569  |0.164062  |0.00436   |0.164062  |0.004749  |0.183594  |0.005042  |0.164062  |0.003715  |0.03125   |0.010574  |0.0695134             |
|------------------------------------------------------------------------------------------------------------------------------------------------------------------------------------------------------|
|40        |38        |1213      |7.67666   |0.445312  |0.409574  |0.890625  |0.449964  |0.890625  |0.402404  |0.910156  |0.252     |0.890625  |0.174658  |0.152344  |0.783873  |0.377358              |
|------------------------------------------------------------------------------------------------------------------------------------------------------------------------------------------------------|
|41        |26        |487       |2.82559   |0.304688  |0.100528  |0.609375  |0.109     |0.609375  |0.10206   |0.628906  |0.108478  |0.609375  |0.076916  |0.105469  |0.32306   |0.258193              |
|------------------------------------------------------------------------------------------------------------------------------------------------------------------------------------------------------|
|42        |34        |42        |0.117974  |0.398438  |0.0287    |0.796875  |0.023578  |0.796875  |0.022612  |0.816406  |0.027364  |0.796875  |0.01994   |0.136719  |0.063164  |0.337637              |
|------------------------------------------------------------------------------------------------------------------------------------------------------------------------------------------------------|
|43        |15        |127       |0.455656  |0.175781  |0.054158  |0.351562  |0.057918  |0.351562  |0.047718  |0.371094  |0.057232  |0.351562  |0.042502  |0.0625    |0.153034  |0.148957              |
|------------------------------------------------------------------------------------------------------------------------------------------------------------------------------------------------------|
|44        |9         |5         |0.021814  |0.105469  |0.010848  |0.210938  |0.007384  |0.210938  |0.007726  |0.230469  |0.008446  |0.210938  |0.006238  |0.0390625 |0.018612  |0.0893744             |
|------------------------------------------------------------------------------------------------------------------------------------------------------------------------------------------------------|
|45        |7         |27        |0.104818  |0.0820312 |0.017282  |0.164062  |0.018712  |0.164062  |0.01303   |0.183594  |0.027112  |0.164062  |0.009574  |0.03125   |0.02992   |0.0695134             |
|------------------------------------------------------------------------------------------------------------------------------------------------------------------------------------------------------|
|46        |39        |33        |0.15227   |0.457031  |0.040873  |0.914062  |0.035017  |0.914062  |0.035692  |0.933594  |0.027838  |0.914062  |0.018675  |0.15625   |0.074702  |0.387289              |
|------------------------------------------------------------------------------------------------------------------------------------------------------------------------------------------------------|
|47        |40        |766       |5.64922   |0.46875   |0.146843  |0.9375    |0.184829  |0.9375    |0.216068  |0.957031  |0.243531  |0.9375    |0.18335   |0.160156  |0.749984  |0.397219              |
|------------------------------------------------------------------------------------------------------------------------------------------------------------------------------------------------------|
|48        |6         |7         |0.02043   |0.0703125 |0.007197  |0.140625  |0.005673  |0.140625  |0.005967  |0.160156  |0.006462  |0.140625  |0.004564  |0.0273438 |0.013905  |0.0595829             |
|------------------------------------------------------------------------------------------------------------------------------------------------------------------------------------------------------|
|49        |44        |109       |0.931238  |0.515625  |0.044803  |1.03125   |0.043873  |1.03125   |0.041777  |1.05078   |0.068406  |1.03125   |0.053491  |0.175781  |0.165909  |0.436941              |
|------------------------------------------------------------------------------------------------------------------------------------------------------------------------------------------------------|
|50        |41        |992       |7.48387   |0.480469  |0.174324  |0.960938  |0.186185  |0.960938  |0.186124  |0.980469  |0.181655  |0.960938  |0.128792  |0.164062  |0.555078  |0.40715               |
|------------------------------------------------------------------------------------------------------------------------------------------------------------------------------------------------------|
|51        |13        |75        |0.22411   |0.152344  |0.019949  |0.304688  |0.020802  |0.304688  |0.016798  |0.324219  |0.021239  |0.304688  |0.015816  |0.0546875 |0.055065  |0.129096              |
|------------------------------------------------------------------------------------------------------------------------------------------------------------------------------------------------------|
|52        |28        |237       |1.21417   |0.328125  |0.083918  |0.65625   |0.059473  |0.65625   |0.04738   |0.675781  |0.055638  |0.65625   |0.040432  |0.113281  |0.152267  |0.278054              |
|------------------------------------------------------------------------------------------------------------------------------------------------------------------------------------------------------|
|53        |43        |1494      |10.26     |0.503906  |0.270711  |1.00781   |0.410639  |1.00781   |0.260285  |1.02734   |0.424825  |1.00781   |0.330263  |0.171875  |0.877183  |0.427011              |
|------------------------------------------------------------------------------------------------------------------------------------------------------------------------------------------------------|
|54        |17        |10        |0.041938  |0.199219  |0.018877  |0.398438  |0.015916  |0.398438  |0.015826  |0.417969  |0.013137  |0.398438  |0.009206  |0.0703125 |0.02427   |0.168818              |
|------------------------------------------------------------------------------------------------------------------------------------------------------------------------------------------------------|
|55        |44        |1574      |13.5456   |0.515625  |0.49606   |1.03125   |0.56987   |1.03125   |0.489316  |1.05078   |0.586544  |1.03125   |0.392416  |0.175781  |1.59876   |0.436941              |
|------------------------------------------------------------------------------------------------------------------------------------------------------------------------------------------------------|
|56        |24        |137       |1.58588   |0.28125   |0.043031  |0.5625    |0.042239  |0.5625    |0.035392  |0.582031  |0.045268  |0.5625    |0.032092  |0.0976562 |0.113031  |0.238332              |
|------------------------------------------------------------------------------------------------------------------------------------------------------------------------------------------------------|
|57        |32        |217       |1.54428   |0.375     |0.056137  |0.75      |0.058232  |0.75      |0.051215  |0.769531  |0.059925  |0.75      |0.043426  |0.128906  |0.233146  |0.317776              |
|------------------------------------------------------------------------------------------------------------------------------------------------------------------------------------------------------|
|58        |13        |21        |0.047306  |0.152344  |0.013925  |0.304688  |0.012331  |0.304688  |0.011862  |0.324219  |0.013849  |0.304688  |0.010452  |0.0546875 |0.03062   |0.129096              |
|------------------------------------------------------------------------------------------------------------------------------------------------------------------------------------------------------|
|59        |41        |379       |3.12867   |0.480469  |0.128104  |0.960938  |0.087143  |0.960938  |0.075393  |0.980469  |0.08738   |0.960938  |0.064394  |0.164062  |0.245128  |0.40715               |
|------------------------------------------------------------------------------------------------------------------------------------------------------------------------------------------------------|
|60        |7         |19        |0.051243  |0.0820312 |0.00896   |0.164062  |0.008769  |0.164062  |0.006479  |0.183594  |0.009457  |0.164062  |0.007391  |0.03125   |0.021834  |0.0695134             |
|------------------------------------------------------------------------------------------------------------------------------------------------------------------------------------------------------|
|61        |7         |12        |0.029057  |0.0820312 |0.008256  |0.164062  |0.007058  |0.164062  |0.006374  |0.183594  |0.007924  |0.164062  |0.006091  |0.03125   |0.020131  |0.0695134             |
|------------------------------------------------------------------------------------------------------------------------------------------------------------------------------------------------------|
|62        |34        |777       |5.54796   |0.398438  |0.216957  |0.796875  |0.247074  |0.796875  |0.209195  |0.816406  |0.232249  |0.796875  |0.175934  |0.136719  |0.699974  |0.337637              |
|------------------------------------------------------------------------------------------------------------------------------------------------------------------------------------------------------|
|63        |37        |961       |6.2643    |0.433594  |0.168067  |0.867188  |0.183665  |0.867188  |0.162788  |0.886719  |0.172137  |0.867188  |0.122771  |0.148438  |0.658705  |0.367428              |
|------------------------------------------------------------------------------------------------------------------------------------------------------------------------------------------------------|
|64        |25        |32        |0.067508  |0.292969  |0.01882   |0.585938  |0.016373  |0.585938  |0.01608   |0.605469  |0.0184    |0.585938  |0.013811  |0.101562  |0.041466  |0.248262              |
|------------------------------------------------------------------------------------------------------------------------------------------------------------------------------------------------------|
|65        |22        |398       |1.4796    |0.257812  |0.071197  |0.515625  |0.077966  |0.515625  |0.067342  |0.535156  |0.076157  |0.515625  |0.055353  |0.0898438 |0.357185  |0.218471              |
|------------------------------------------------------------------------------------------------------------------------------------------------------------------------------------------------------|
|66        |14        |7         |0.018768  |0.164062  |0.009536  |0.328125  |0.007183  |0.328125  |0.006948  |0.347656  |0.007914  |0.328125  |0.005663  |0.0585938 |0.0253    |0.139027              |
|------------------------------------------------------------------------------------------------------------------------------------------------------------------------------------------------------|
|67        |45        |1879      |11.0073   |0.527344  |0.25914   |1.05469   |0.28775   |1.05469   |0.256446  |1.07422   |0.274025  |1.05469   |0.246644  |0.179688  |0.983434  |0.446872              |
|------------------------------------------------------------------------------------------------------------------------------------------------------------------------------------------------------|
|68        |22        |9         |0.023577  |0.257812  |0.011817  |0.515625  |0.008733  |0.515625  |0.009454  |0.535156  |0.010645  |0.515625  |0.008876  |0.0898438 |0.030571  |0.218471              |
|------------------------------------------------------------------------------------------------------------------------------------------------------------------------------------------------------|
|69        |39        |1306      |6.6595    |0.457031  |0.186864  |0.914062  |0.209497  |0.914062  |0.181005  |0.933594  |0.214861  |0.914062  |0.158438  |0.15625   |0.582733  |0.387289              |
|------------------------------------------------------------------------------------------------------------------------------------------------------------------------------------------------------|
|70        |35        |378       |2.08543   |0.410156  |0.063055  |0.820312  |0.066881  |0.820312  |0.058828  |0.839844  |0.066987  |0.820312  |0.04938   |0.140625  |0.202313  |0.347567              |
|------------------------------------------------------------------------------------------------------------------------------------------------------------------------------------------------------|
|71        |22        |354       |1.25301   |0.257812  |0.051879  |0.515625  |0.056318  |0.515625  |0.048651  |0.535156  |0.054728  |0.515625  |0.040016  |0.0898438 |0.16687   |0.218471              |
|------------------------------------------------------------------------------------------------------------------------------------------------------------------------------------------------------|
|72        |30        |814       |3.14552   |0.351562  |0.109835  |0.703125  |0.12235   |0.703125  |0.107224  |0.722656  |0.118119  |0.703125  |0.105953  |0.121094  |0.418658  |0.297915              |
|------------------------------------------------------------------------------------------------------------------------------------------------------------------------------------------------------|
|73        |14        |90        |0.269498  |0.164062  |0.020088  |0.328125  |0.020835  |0.328125  |0.017237  |0.347656  |0.02168   |0.328125  |0.015965  |0.0585938 |0.057423  |0.139027              |
|------------------------------------------------------------------------------------------------------------------------------------------------------------------------------------------------------|
|74        |31        |241       |1.09654   |0.363281  |0.041667  |0.726562  |0.043844  |0.726562  |0.037822  |0.746094  |0.043349  |0.726562  |0.032037  |0.125     |0.137892  |0.307845              |
|------------------------------------------------------------------------------------------------------------------------------------------------------------------------------------------------------|
|75        |39        |99        |0.540687  |0.457031  |0.041749  |0.914062  |0.066957  |0.914062  |0.03747   |0.933594  |0.038766  |0.914062  |0.028315  |0.15625   |0.093549  |0.387289              |
|------------------------------------------------------------------------------------------------------------------------------------------------------------------------------------------------------|
|76        |47        |1190      |7.06829   |0.550781  |0.204644  |1.10156   |0.182556  |1.10156   |0.217967  |1.12109   |0.170309  |1.10156   |0.113244  |0.1875    |0.564546  |0.466733              |
|------------------------------------------------------------------------------------------------------------------------------------------------------------------------------------------------------|
|77        |47        |270       |1.67364   |0.550781  |0.050868  |1.10156   |0.052883  |1.10156   |0.046425  |1.12109   |0.073095  |1.10156   |0.041225  |0.1875    |0.145472  |0.466733              |
|------------------------------------------------------------------------------------------------------------------------------------------------------------------------------------------------------|
|78        |46        |481       |3.22281   |0.539062  |0.073923  |1.07812   |0.127202  |1.07812   |0.08056   |1.09766   |0.087086  |1.07812   |0.063592  |0.183594  |0.257438  |0.456802              |
|------------------------------------------------------------------------------------------------------------------------------------------------------------------------------------------------------|
|79        |22        |51        |0.164107  |0.257812  |0.018006  |0.515625  |0.017086  |0.515625  |0.015405  |0.535156  |0.027494  |0.515625  |0.014793  |0.0898438 |0.045242  |0.218471              |
|------------------------------------------------------------------------------------------------------------------------------------------------------------------------------------------------------|
|80        |38        |1147      |5.08898   |0.445312  |0.137293  |0.890625  |0.151781  |0.890625  |0.13472   |0.910156  |0.16524   |0.890625  |0.117338  |0.152344  |0.533702  |0.377358              |
|------------------------------------------------------------------------------------------------------------------------------------------------------------------------------------------------------|
|81        |25        |281       |1.17988   |0.292969  |0.046971  |0.585938  |0.058398  |0.585938  |0.039228  |0.605469  |0.045226  |0.585938  |0.033273  |0.101562  |0.131741  |0.248262              |
|------------------------------------------------------------------------------------------------------------------------------------------------------------------------------------------------------|
|82        |38        |836       |4.37744   |0.445312  |0.107228  |0.890625  |0.11561   |0.890625  |0.102697  |0.910156  |0.135929  |0.890625  |0.09734   |0.152344  |0.414192  |0.377358              |
|------------------------------------------------------------------------------------------------------------------------------------------------------------------------------------------------------|
|83        |48        |136       |0.84938   |0.5625    |0.036501  |1.125     |0.037297  |1.125     |0.033796  |1.14453   |0.03926   |1.125     |0.029589  |0.191406  |0.094871  |0.476663              |
|------------------------------------------------------------------------------------------------------------------------------------------------------------------------------------------------------|
|84        |23        |16        |0.026504  |0.269531  |0.011164  |0.539062  |0.009703  |0.539062  |0.00943   |0.558594  |0.011002  |0.539062  |0.008282  |0.09375   |0.020697  |0.228401              |
|------------------------------------------------------------------------------------------------------------------------------------------------------------------------------------------------------|
|85        |17        |197       |0.657071  |0.199219  |0.038116  |0.398438  |0.06203   |0.398438  |0.033244  |0.417969  |0.038331  |0.398438  |0.027884  |0.0703125 |0.110812  |0.168818              |
|------------------------------------------------------------------------------------------------------------------------------------------------------------------------------------------------------|
|86        |47        |1009      |6.28355   |0.550781  |0.131821  |1.10156   |0.14508   |1.10156   |0.128412  |1.12109   |0.551321  |1.10156   |0.11547   |0.1875    |0.538943  |0.466733              |
|------------------------------------------------------------------------------------------------------------------------------------------------------------------------------------------------------|
|87        |33        |921       |4.22834   |0.386719  |0.13489   |0.773438  |0.145909  |0.773438  |0.130415  |0.792969  |0.14108   |0.773438  |0.102276  |0.132812  |0.446496  |0.327706              |
|------------------------------------------------------------------------------------------------------------------------------------------------------------------------------------------------------|
|88        |45        |1429      |8.75612   |0.527344  |0.188148  |1.05469   |0.208093  |1.05469   |0.185806  |1.07422   |0.199152  |1.05469   |0.144276  |0.179688  |0.63048   |0.446872              |
|------------------------------------------------------------------------------------------------------------------------------------------------------------------------------------------------------|
|89        |31        |366       |1.73349   |0.363281  |0.068781  |0.726562  |0.063253  |0.726562  |0.062965  |0.746094  |0.060535  |0.726562  |0.048449  |0.125     |0.177565  |0.307845              |
|------------------------------------------------------------------------------------------------------------------------------------------------------------------------------------------------------|
|90        |32        |644       |2.89826   |0.375     |0.101439  |0.75      |0.101292  |0.75      |0.088564  |0.769531  |0.102819  |0.75      |0.135042  |0.128906  |0.415129  |0.317776              |
|------------------------------------------------------------------------------------------------------------------------------------------------------------------------------------------------------|
|91        |30        |667       |3.49145   |0.351562  |0.093199  |0.703125  |0.09812   |0.703125  |0.087059  |0.722656  |0.100778  |0.703125  |0.068189  |0.121094  |0.365487  |0.297915              |
|------------------------------------------------------------------------------------------------------------------------------------------------------------------------------------------------------|
|92        |17        |10        |0.020143  |0.199219  |0.009145  |0.398438  |0.007519  |0.398438  |0.007697  |0.417969  |0.008452  |0.398438  |0.005934  |0.0703125 |0.016583  |0.168818              |
|------------------------------------------------------------------------------------------------------------------------------------------------------------------------------------------------------|
|93        |32        |169       |0.895195  |0.375     |0.033579  |0.75      |0.034605  |0.75      |0.030617  |0.769531  |0.036376  |0.75      |0.026731  |0.128906  |0.095509  |0.317776              |
|------------------------------------------------------------------------------------------------------------------------------------------------------------------------------------------------------|
|94        |36        |233       |1.12024   |0.421875  |0.042665  |0.84375   |0.044161  |0.84375   |0.038403  |0.863281  |0.045662  |0.84375   |0.033531  |0.144531  |0.123148  |0.357498              |
|------------------------------------------------------------------------------------------------------------------------------------------------------------------------------------------------------|
|95        |24        |60        |0.427257  |0.28125   |0.020209  |0.5625    |0.019715  |0.5625    |0.016136  |0.582031  |0.02172   |0.5625    |0.016222  |0.0976562 |0.050326  |0.238332              |
|------------------------------------------------------------------------------------------------------------------------------------------------------------------------------------------------------|
|96        |30        |134       |2.68193   |0.351562  |0.101084  |0.703125  |0.103898  |0.703125  |0.089378  |0.722656  |0.109156  |0.703125  |0.081299  |0.121094  |0.274636  |0.297915              |
|------------------------------------------------------------------------------------------------------------------------------------------------------------------------------------------------------|
|97        |45        |226       |5.21492   |0.527344  |0.14434   |1.05469   |0.145512  |1.05469   |0.133616  |1.07422   |0.153716  |1.05469   |0.111064  |0.179688  |0.391352  |0.446872              |
|------------------------------------------------------------------------------------------------------------------------------------------------------------------------------------------------------|
|98        |42        |844       |12.6901   |0.492188  |0.25921   |0.984375  |0.283019  |0.984375  |0.249867  |1.00391   |0.275683  |0.984375  |0.199409  |0.167969  |0.847773  |0.41708               |
|------------------------------------------------------------------------------------------------------------------------------------------------------------------------------------------------------|
|99        |49        |1246      |16.242    |0.574219  |0.303575  |1.14844   |0.326188  |1.14844   |0.290388  |1.16797   |0.313732  |1.14844   |0.227397  |0.195312  |0.942493  |0.486594              |
|------------------------------------------------------------------------------------------------------------------------------------------------------------------------------------------------------|
|100       |37        |1287      |8.94175   |0.433594  |0.247699  |0.867188  |0.272968  |0.867188  |0.242659  |0.886719  |0.264048  |0.867188  |0.189206  |0.148438  |1.02747   |0.367428              |
|------------------------------------------------------------------------------------------------------------------------------------------------------------------------------------------------------|
|101       |12        |9         |0.029471  |0.140625  |0.011603  |0.28125   |0.008718  |0.28125   |0.009038  |0.300781  |0.010337  |0.28125   |0.007506  |0.0507812 |0.022373  |0.119166              |
|------------------------------------------------------------------------------------------------------------------------------------------------------------------------------------------------------|
|102       |13        |140       |0.439861  |0.152344  |0.036743  |0.304688  |0.038745  |0.304688  |0.032474  |0.324219  |0.038489  |0.304688  |0.028021  |0.0546875 |0.115617  |0.129096              |
|------------------------------------------------------------------------------------------------------------------------------------------------------------------------------------------------------|
|103       |27        |515       |2.88121   |0.316406  |0.10619   |0.632812  |0.155384  |0.632812  |0.099552  |0.652344  |0.110362  |0.632812  |0.080352  |0.109375  |0.340662  |0.268123              |
|------------------------------------------------------------------------------------------------------------------------------------------------------------------------------------------------------|
|104       |35        |741       |5.15204   |0.410156  |0.139369  |0.820312  |0.152167  |0.820312  |0.134302  |0.839844  |0.141277  |0.820312  |0.103209  |0.140625  |0.439858  |0.347567              |
|------------------------------------------------------------------------------------------------------------------------------------------------------------------------------------------------------|
|105       |27        |36        |0.098412  |0.316406  |0.051154  |0.632812  |0.026489  |0.632812  |0.029695  |0.652344  |0.021108  |0.632812  |0.014797  |0.109375  |0.046237  |0.268123              |
|------------------------------------------------------------------------------------------------------------------------------------------------------------------------------------------------------|
|106       |39        |575       |4.23844   |0.457031  |0.12262   |0.914062  |0.114798  |0.914062  |0.101349  |0.933594  |0.113503  |0.914062  |0.083263  |0.15625   |0.340764  |0.387289              |
|------------------------------------------------------------------------------------------------------------------------------------------------------------------------------------------------------|
|107       |18        |205       |0.731683  |0.210938  |0.075866  |0.421875  |0.046214  |0.421875  |0.038203  |0.441406  |0.044637  |0.421875  |0.033     |0.0742188 |0.128574  |0.178749              |
|------------------------------------------------------------------------------------------------------------------------------------------------------------------------------------------------------|
|108       |45        |1901      |11.1695   |0.527344  |0.276747  |1.05469   |0.302534  |1.05469   |0.26975   |1.07422   |0.280961  |1.05469   |0.198804  |0.179688  |0.882709  |0.446872              |
|------------------------------------------------------------------------------------------------------------------------------------------------------------------------------------------------------|
|109       |47        |826       |6.16443   |0.550781  |0.129369  |1.10156   |0.137476  |1.10156   |0.15501   |1.12109   |0.150198  |1.10156   |0.097093  |0.1875    |0.407198  |0.466733              |
|------------------------------------------------------------------------------------------------------------------------------------------------------------------------------------------------------|
|110       |6         |19        |0.037719  |0.0703125 |0.007541  |0.140625  |0.00755   |0.140625  |0.005779  |0.160156  |0.008202  |0.140625  |0.006164  |0.0273438 |0.019627  |0.0595829             |
|------------------------------------------------------------------------------------------------------------------------------------------------------------------------------------------------------|
|111       |29        |22        |0.049174  |0.339844  |0.017114  |0.679688  |0.013886  |0.679688  |0.014257  |0.699219  |0.016011  |0.679688  |0.011557  |0.117188  |0.034709  |0.287984              |
|------------------------------------------------------------------------------------------------------------------------------------------------------------------------------------------------------|
|112       |34        |160       |0.839546  |0.398438  |0.037223  |0.796875  |0.0379    |0.796875  |0.032656  |0.816406  |0.039766  |0.796875  |0.029844  |0.136719  |0.10394   |0.337637              |
|------------------------------------------------------------------------------------------------------------------------------------------------------------------------------------------------------|
|113       |10        |15        |0.049258  |0.117188  |0.034854  |0.234375  |0.012264  |0.234375  |0.006684  |0.253906  |0.009425  |0.234375  |0.006827  |0.0429688 |0.021739  |0.0993049             |
|------------------------------------------------------------------------------------------------------------------------------------------------------------------------------------------------------|
|114       |21        |21        |0.03504   |0.246094  |0.012617  |0.492188  |0.011324  |0.492188  |0.011105  |0.511719  |0.012969  |0.492188  |0.009529  |0.0859375 |0.027622  |0.20854               |
|------------------------------------------------------------------------------------------------------------------------------------------------------------------------------------------------------|
|115       |32        |621       |3.10669   |0.375     |0.086471  |0.75      |0.093912  |0.75      |0.083229  |0.769531  |0.093103  |0.75      |0.066005  |0.128906  |0.278285  |0.317776              |
|------------------------------------------------------------------------------------------------------------------------------------------------------------------------------------------------------|
|116       |15        |158       |0.435475  |0.175781  |0.029838  |0.351562  |0.031706  |0.351562  |0.026806  |0.371094  |0.029604  |0.351562  |0.02155   |0.0625    |0.084315  |0.148957              |
|------------------------------------------------------------------------------------------------------------------------------------------------------------------------------------------------------|
|117       |11        |30        |0.074606  |0.128906  |0.01117   |0.257812  |0.01085   |0.257812  |0.009004  |0.277344  |0.011955  |0.257812  |0.008963  |0.046875  |0.0269    |0.109235              |
|------------------------------------------------------------------------------------------------------------------------------------------------------------------------------------------------------|
|118       |28        |557       |2.27826   |0.328125  |0.074153  |0.65625   |0.080886  |0.65625   |0.106049  |0.675781  |0.079004  |0.65625   |0.057516  |0.113281  |0.244415  |0.278054              |
|------------------------------------------------------------------------------------------------------------------------------------------------------------------------------------------------------|
|119       |11        |19        |0.04258   |0.128906  |0.009558  |0.257812  |0.008586  |0.257812  |0.013045  |0.277344  |0.010552  |0.257812  |0.007472  |0.046875  |0.023859  |0.109235              |
|------------------------------------------------------------------------------------------------------------------------------------------------------------------------------------------------------|
|120       |46        |244       |1.80375   |0.539062  |0.057563  |1.07812   |0.059135  |1.07812   |0.052152  |1.09766   |0.053352  |1.07812   |0.039062  |0.183594  |0.234893  |0.456802              |
|------------------------------------------------------------------------------------------------------------------------------------------------------------------------------------------------------|
|121       |10        |9         |0.015868  |0.117188  |0.007282  |0.234375  |0.005772  |0.234375  |0.006005  |0.253906  |0.006489  |0.234375  |0.004561  |0.0429688 |0.015275  |0.0993049             |
|------------------------------------------------------------------------------------------------------------------------------------------------------------------------------------------------------|
|122       |40        |243       |1.6283    |0.46875   |0.045769  |0.9375    |0.04676   |0.9375    |0.041471  |0.957031  |0.048677  |0.9375    |0.036333  |0.160156  |0.148586  |0.397219              |
|------------------------------------------------------------------------------------------------------------------------------------------------------------------------------------------------------|
|123       |27        |137       |0.669936  |0.316406  |0.028573  |0.632812  |0.029109  |0.632812  |0.025022  |0.652344  |0.030797  |0.632812  |0.022821  |0.109375  |0.079416  |0.268123              |
|------------------------------------------------------------------------------------------------------------------------------------------------------------------------------------------------------|
|124       |37        |437       |2.65417   |0.433594  |0.06458   |0.867188  |0.068703  |0.867188  |0.061238  |0.886719  |0.068382  |0.867188  |0.050319  |0.148438  |0.200832  |0.367428              |
|------------------------------------------------------------------------------------------------------------------------------------------------------------------------------------------------------|
|125       |41        |1302      |8.00053   |0.480469  |0.22917   |0.960938  |0.28584   |0.960938  |0.224222  |0.980469  |0.193894  |0.960938  |0.120948  |0.164062  |0.52288   |0.40715               |
|------------------------------------------------------------------------------------------------------------------------------------------------------------------------------------------------------|
|126       |15        |143       |0.3756    |0.175781  |0.026383  |0.351562  |0.027524  |0.351562  |0.02361   |0.371094  |0.02812   |0.351562  |0.02044   |0.0625    |0.079013  |0.148957              |
|------------------------------------------------------------------------------------------------------------------------------------------------------------------------------------------------------|
|127       |5         |1         |0.008143  |0.0585938 |0.003352  |0.117188  |0.002399  |0.117188  |0.002397  |0.136719  |0.002806  |0.117188  |0.00186   |0.0234375 |0.005574  |0.0496524             |
|------------------------------------------------------------------------------------------------------------------------------------------------------------------------------------------------------|
|128       |32        |83        |0.558083  |0.375     |0.026299  |0.75      |0.025945  |0.75      |0.024145  |0.769531  |0.077695  |0.75      |0.021231  |0.128906  |0.068526  |0.317776              |
|------------------------------------------------------------------------------------------------------------------------------------------------------------------------------------------------------|
|129       |19        |326       |0.902731  |0.222656  |0.054209  |0.445312  |0.057846  |0.445312  |0.062738  |0.464844  |0.05718   |0.445312  |0.041132  |0.078125  |0.170548  |0.188679              |
|------------------------------------------------------------------------------------------------------------------------------------------------------------------------------------------------------|
|130       |5         |5         |0.046567  |0.0585938 |0.004628  |0.117188  |0.003576  |0.117188  |0.003831  |0.136719  |0.004142  |0.117188  |0.002991  |0.0234375 |0.009143  |0.0496524             |
|------------------------------------------------------------------------------------------------------------------------------------------------------------------------------------------------------|
|131       |23        |341       |1.26796   |0.269531  |0.056703  |0.539062  |0.06132   |0.539062  |0.052934  |0.558594  |0.056013  |0.539062  |0.040978  |0.09375   |0.168055  |0.228401              |
|------------------------------------------------------------------------------------------------------------------------------------------------------------------------------------------------------|
|132       |22        |267       |0.927292  |0.257812  |0.04388   |0.515625  |0.047032  |0.515625  |0.040416  |0.535156  |0.046917  |0.515625  |0.03415   |0.0898438 |0.137153  |0.218471              |
|------------------------------------------------------------------------------------------------------------------------------------------------------------------------------------------------------|
|133       |44        |95        |0.605968  |0.515625  |0.031856  |1.03125   |0.030573  |1.03125   |0.030339  |1.05078   |0.058661  |1.03125   |0.028915  |0.175781  |0.088846  |0.436941              |
|------------------------------------------------------------------------------------------------------------------------------------------------------------------------------------------------------|
|134       |32        |252       |1.47707   |0.375     |0.046004  |0.75      |0.048957  |0.75      |0.04226   |0.769531  |0.04951   |0.75      |0.036542  |0.128906  |0.150873  |0.317776              |
|------------------------------------------------------------------------------------------------------------------------------------------------------------------------------------------------------|
|135       |34        |508       |2.6186    |0.398438  |0.070229  |0.796875  |0.075438  |0.796875  |0.066175  |0.816406  |0.074444  |0.796875  |0.054292  |0.136719  |0.223702  |0.337637              |
|------------------------------------------------------------------------------------------------------------------------------------------------------------------------------------------------------|
|136       |13        |92        |0.227262  |0.152344  |0.02084   |0.304688  |0.0215    |0.304688  |0.017886  |0.324219  |0.022379  |0.304688  |0.016509  |0.0546875 |0.059836  |0.129096              |
|------------------------------------------------------------------------------------------------------------------------------------------------------------------------------------------------------|
|137       |14        |171       |0.390297  |0.164062  |0.029238  |0.328125  |0.031449  |0.328125  |0.026806  |0.347656  |0.031485  |0.328125  |0.022818  |0.0585938 |0.097988  |0.139027              |
|------------------------------------------------------------------------------------------------------------------------------------------------------------------------------------------------------|
|138       |32        |509       |2.40935   |0.375     |0.069266  |0.75      |0.074696  |0.75      |0.065718  |0.769531  |0.073189  |0.75      |0.053676  |0.128906  |0.222583  |0.317776              |
|------------------------------------------------------------------------------------------------------------------------------------------------------------------------------------------------------|
|139       |12        |4         |0.014049  |0.140625  |0.006801  |0.28125   |0.004893  |0.28125   |0.005131  |0.300781  |0.005688  |0.28125   |0.003904  |0.0507812 |0.011531  |0.119166              |
|------------------------------------------------------------------------------------------------------------------------------------------------------------------------------------------------------|
|140       |5         |4         |0.01402   |0.0585938 |0.004808  |0.117188  |0.003649  |0.117188  |0.003833  |0.136719  |0.004225  |0.117188  |0.003199  |0.0234375 |0.009016  |0.0496524             |
|------------------------------------------------------------------------------------------------------------------------------------------------------------------------------------------------------|
|141       |26        |157       |0.684512  |0.304688  |0.033818  |0.609375  |0.03463   |0.609375  |0.030561  |0.628906  |0.097737  |0.609375  |0.027664  |0.105469  |0.095517  |0.258193              |
|------------------------------------------------------------------------------------------------------------------------------------------------------------------------------------------------------|
|142       |26        |125       |0.591423  |0.304688  |0.031843  |0.609375  |0.03992   |0.609375  |0.027297  |0.628906  |0.032336  |0.609375  |0.023359  |0.105469  |0.082151  |0.258193              |
|------------------------------------------------------------------------------------------------------------------------------------------------------------------------------------------------------|
|143       |37        |280       |1.62675   |0.433594  |0.053764  |0.867188  |0.055359  |0.867188  |0.048621  |0.886719  |0.057724  |0.867188  |0.042087  |0.148438  |0.157883  |0.367428              |
|------------------------------------------------------------------------------------------------------------------------------------------------------------------------------------------------------|
|144       |49        |2299      |11.7949   |0.574219  |0.264925  |1.14844   |0.291246  |1.14844   |0.260402  |1.16797   |0.318049  |1.14844   |0.222056  |0.195312  |0.96537   |0.486594              |
|------------------------------------------------------------------------------------------------------------------------------------------------------------------------------------------------------|
|145       |42        |1260      |6.46962   |0.492188  |0.168648  |0.984375  |0.184794  |0.984375  |0.165271  |1.00391   |0.161691  |0.984375  |0.115998  |0.167969  |0.631949  |0.41708               |
|------------------------------------------------------------------------------------------------------------------------------------------------------------------------------------------------------|
|146       |37        |19        |0.034009  |0.433594  |0.017113  |0.867188  |0.013492  |0.867188  |0.014218  |0.886719  |0.015985  |0.867188  |0.011062  |0.148438  |0.029882  |0.367428              |
|------------------------------------------------------------------------------------------------------------------------------------------------------------------------------------------------------|
|147       |32        |592       |2.57932   |0.375     |0.077312  |0.75      |0.084313  |0.75      |0.074869  |0.769531  |0.082594  |0.75      |0.060187  |0.128906  |0.253202  |0.317776              |
|------------------------------------------------------------------------------------------------------------------------------------------------------------------------------------------------------|
|148       |15        |154       |0.436012  |0.175781  |0.078957  |0.351562  |0.057831  |0.351562  |0.027608  |0.371094  |0.02923   |0.351562  |0.0212    |0.0625    |0.083119  |0.148957              |
|------------------------------------------------------------------------------------------------------------------------------------------------------------------------------------------------------|
|149       |44        |611       |4.31343   |0.515625  |0.085146  |1.03125   |0.091745  |1.03125   |0.081213  |1.05078   |0.089752  |1.03125   |0.06593   |0.175781  |0.270209  |0.436941              |
|------------------------------------------------------------------------------------------------------------------------------------------------------------------------------------------------------|
Estimated time is: 0.908832 seconds
