This log is created with the input_test directory
--------------------------------------------------------------------------------------------------------------------------------------------------------------------------------------------------------
|Result Table                                                                                                                                                                                          |
--------------------------------------------------------------------------------------------------------------------------------------------------------------------------------------------------------
|id        |Vertex    |Edge      |Tj T      |Tj S      |N_0 T     |N_0 S     |N_1 T     |N_1 S     |N_2 T     |N_2 S     |P_0 T     |P_0 S     |P_1 T     |P_1 S     |P_2 T     |P_2 S                 |
--------------------------------------------------------------------------------------------------------------------------------------------------------------------------------------------------------
|0         |21        |35        |0.349732  |0.246094  |0.056427  |0.492188  |0.038766  |0.492188  |0.036832  |0.511719  |0.053177  |0.492188  |0.02546   |0.0859375 |0.107139  |0.20854               |
|------------------------------------------------------------------------------------------------------------------------------------------------------------------------------------------------------|
|1         |37        |1148      |8.60801   |0.433594  |3.42262   |0.867188  |0.42594   |0.867188  |0.415486  |0.886719  |0.338118  |0.867188  |0.203066  |0.148438  |0.762571  |0.367428              |
|------------------------------------------------------------------------------------------------------------------------------------------------------------------------------------------------------|
|2         |20        |338       |1.40774   |0.234375  |0.122168  |0.46875   |0.103788  |0.46875   |0.088971  |0.488281  |1.12786   |0.46875   |0.073361  |0.0820312 |0.334454  |0.19861               |
|------------------------------------------------------------------------------------------------------------------------------------------------------------------------------------------------------|
|3         |28        |298       |2.46706   |0.328125  |0.12921   |0.65625   |0.181198  |0.65625   |0.15717   |0.675781  |0.155687  |0.65625   |0.472581  |0.113281  |0.295203  |0.278054              |
|------------------------------------------------------------------------------------------------------------------------------------------------------------------------------------------------------|
|4         |32        |389       |3.33345   |0.375     |0.153132  |0.75      |0.156551  |0.75      |0.125265  |0.769531  |0.322312  |0.75      |0.158369  |0.128906  |1.05443   |0.317776              |
|------------------------------------------------------------------------------------------------------------------------------------------------------------------------------------------------------|
|5         |14        |10        |0.0624    |0.164062  |0.015845  |0.328125  |0.013071  |0.328125  |0.012488  |0.347656  |0.02025   |0.328125  |0.009522  |0.0585938 |0.05352   |0.139027              |
|------------------------------------------------------------------------------------------------------------------------------------------------------------------------------------------------------|
|6         |34        |687       |5.72915   |0.398438  |0.299597  |0.796875  |0.244192  |0.796875  |0.347065  |0.816406  |0.218996  |0.796875  |0.076145  |0.136719  |0.532154  |0.337637              |
|------------------------------------------------------------------------------------------------------------------------------------------------------------------------------------------------------|
|7         |13        |24        |0.120365  |0.152344  |0.027993  |0.304688  |0.022192  |0.304688  |0.026308  |0.324219  |0.031167  |0.304688  |0.017635  |0.0546875 |0.062546  |0.129096              |
|------------------------------------------------------------------------------------------------------------------------------------------------------------------------------------------------------|
|8         |19        |46        |0.464648  |0.222656  |0.044852  |0.445312  |0.033381  |0.445312  |0.030728  |0.464844  |0.049856  |0.445312  |0.022279  |0.078125  |0.07815   |0.188679              |
|------------------------------------------------------------------------------------------------------------------------------------------------------------------------------------------------------|
|9         |42        |826       |11.29     |0.492188  |0.209659  |0.984375  |0.16044   |0.984375  |0.127964  |1.00391   |0.283583  |0.984375  |0.091655  |0.167969  |0.388883  |0.41708               |
|------------------------------------------------------------------------------------------------------------------------------------------------------------------------------------------------------|
|10        |21        |196       |1.35053   |0.246094  |0.051292  |0.492188  |0.039513  |0.492188  |0.03656   |0.511719  |0.051764  |0.492188  |0.028444  |0.0859375 |0.159929  |0.20854               |
|------------------------------------------------------------------------------------------------------------------------------------------------------------------------------------------------------|
|11        |39        |77        |0.467907  |0.457031  |0.037116  |0.914062  |0.040988  |0.914062  |0.04348   |0.933594  |0.049991  |0.914062  |0.032598  |0.15625   |0.135036  |0.387289              |
|------------------------------------------------------------------------------------------------------------------------------------------------------------------------------------------------------|
|12        |18        |226       |2.2808    |0.210938  |0.125307  |0.421875  |0.110567  |0.421875  |0.089317  |0.441406  |0.168558  |0.421875  |0.088425  |0.0742188 |0.343328  |0.178749              |
|------------------------------------------------------------------------------------------------------------------------------------------------------------------------------------------------------|
|13        |49        |73        |0.583055  |0.574219  |0.235328  |1.14844   |2.70332   |1.14844   |0.069401  |1.16797   |0.064203  |1.14844   |0.050019  |0.195312  |0.143874  |0.486594              |
|------------------------------------------------------------------------------------------------------------------------------------------------------------------------------------------------------|
|14        |10        |63        |0.249617  |0.117188  |0.029819  |0.234375  |0.03287   |0.234375  |0.027458  |0.253906  |0.032223  |0.234375  |0.024782  |0.0429688 |0.084721  |0.0993049             |
|------------------------------------------------------------------------------------------------------------------------------------------------------------------------------------------------------|
|15        |39        |114       |1.20091   |0.457031  |0.071533  |0.914062  |0.212139  |0.914062  |0.063813  |0.933594  |0.085592  |0.914062  |0.054753  |0.15625   |0.143789  |0.387289              |
|------------------------------------------------------------------------------------------------------------------------------------------------------------------------------------------------------|
|16        |9         |40        |0.362468  |0.105469  |0.041071  |0.210938  |0.035188  |0.210938  |0.030148  |0.230469  |0.071625  |0.210938  |0.031483  |0.0390625 |0.106421  |0.0893744             |
|------------------------------------------------------------------------------------------------------------------------------------------------------------------------------------------------------|
|17        |36        |951       |10.649    |0.421875  |0.15422   |0.84375   |0.143003  |0.84375   |0.126978  |0.863281  |0.195294  |0.84375   |0.72953   |0.144531  |3.33189   |0.357498              |
|------------------------------------------------------------------------------------------------------------------------------------------------------------------------------------------------------|
|18        |30        |65        |0.360821  |0.351562  |0.034007  |0.703125  |0.033361  |0.703125  |0.032521  |0.722656  |0.036996  |0.703125  |0.027388  |0.121094  |0.084494  |0.297915              |
|------------------------------------------------------------------------------------------------------------------------------------------------------------------------------------------------------|
|19        |19        |190       |0.923866  |0.222656  |0.035045  |0.445312  |0.035695  |0.445312  |0.031021  |0.464844  |0.036203  |0.445312  |0.026558  |0.078125  |0.102746  |0.188679              |
|------------------------------------------------------------------------------------------------------------------------------------------------------------------------------------------------------|
|20        |18        |245       |0.683414  |0.210938  |0.036719  |0.421875  |0.069963  |0.421875  |0.059497  |0.441406  |0.04365   |0.421875  |0.030519  |0.0742188 |0.123488  |0.178749              |
|------------------------------------------------------------------------------------------------------------------------------------------------------------------------------------------------------|
|21        |47        |818       |7.94467   |0.550781  |0.124395  |1.10156   |0.131208  |1.10156   |0.115958  |1.12109   |0.125048  |1.10156   |0.089631  |0.1875    |0.374633  |0.466733              |
|------------------------------------------------------------------------------------------------------------------------------------------------------------------------------------------------------|
|22        |12        |62        |0.13584   |0.140625  |0.01452   |0.28125   |0.014829  |0.28125   |0.012138  |0.300781  |0.015512  |0.28125   |0.011488  |0.0507812 |0.039902  |0.119166              |
|------------------------------------------------------------------------------------------------------------------------------------------------------------------------------------------------------|
|23        |31        |366       |1.68164   |0.363281  |0.055998  |0.726562  |0.060561  |0.726562  |0.053036  |0.746094  |0.060215  |0.726562  |0.043854  |0.125     |0.177393  |0.307845              |
|------------------------------------------------------------------------------------------------------------------------------------------------------------------------------------------------------|
|24        |6         |21        |0.035433  |0.0703125 |0.007015  |0.140625  |0.006809  |0.140625  |0.005116  |0.160156  |0.007328  |0.140625  |0.005397  |0.0273438 |0.017058  |0.0595829             |
|------------------------------------------------------------------------------------------------------------------------------------------------------------------------------------------------------|
|25        |33        |11        |0.025687  |0.386719  |0.014675  |0.773438  |0.011142  |0.773438  |0.011702  |0.792969  |0.012841  |0.773438  |0.008982  |0.132812  |0.02192   |0.327706              |
|------------------------------------------------------------------------------------------------------------------------------------------------------------------------------------------------------|
|26        |39        |1474      |6.53547   |0.457031  |0.205977  |0.914062  |0.225944  |0.914062  |0.200763  |0.933594  |0.181054  |0.914062  |0.131431  |0.15625   |0.586185  |0.387289              |
|------------------------------------------------------------------------------------------------------------------------------------------------------------------------------------------------------|
|27        |7         |10        |0.018708  |0.0820312 |0.006456  |0.164062  |0.0046    |0.164062  |0.005217  |0.183594  |0.005288  |0.164062  |0.003874  |0.03125   |0.013729  |0.0695134             |
|------------------------------------------------------------------------------------------------------------------------------------------------------------------------------------------------------|
|28        |38        |200       |1.25745   |0.445312  |0.039527  |0.890625  |0.040822  |0.890625  |0.036649  |0.910156  |0.042943  |0.890625  |0.031548  |0.152344  |0.112369  |0.377358              |
|------------------------------------------------------------------------------------------------------------------------------------------------------------------------------------------------------|
|29        |32        |109       |0.830129  |0.375     |0.028915  |0.75      |0.027791  |0.75      |0.025574  |0.769531  |0.032789  |0.75      |0.024443  |0.128906  |0.080854  |0.317776              |
|------------------------------------------------------------------------------------------------------------------------------------------------------------------------------------------------------|
|30        |26        |119       |0.740867  |0.304688  |0.038387  |0.609375  |0.034002  |0.609375  |0.03371   |0.628906  |0.039127  |0.609375  |0.024568  |0.105469  |0.087604  |0.258193              |
|------------------------------------------------------------------------------------------------------------------------------------------------------------------------------------------------------|
|31        |7         |38        |0.07588   |0.0820312 |0.013785  |0.164062  |0.01203   |0.164062  |0.009647  |0.183594  |0.070835  |0.164062  |0.015366  |0.03125   |0.070713  |0.0695134             |
|------------------------------------------------------------------------------------------------------------------------------------------------------------------------------------------------------|
|32        |7         |35        |0.139547  |0.0820312 |0.01767   |0.164062  |0.016161  |0.164062  |0.014     |0.183594  |0.018616  |0.164062  |0.012957  |0.03125   |0.044329  |0.0695134             |
|------------------------------------------------------------------------------------------------------------------------------------------------------------------------------------------------------|
|33        |40        |4         |0.038923  |0.46875   |0.022672  |0.9375    |0.01744   |0.9375    |0.01868   |0.957031  |0.019257  |0.9375    |0.013379  |0.160156  |0.033948  |0.397219              |
|------------------------------------------------------------------------------------------------------------------------------------------------------------------------------------------------------|
|34        |17        |187       |0.91268   |0.199219  |0.05494   |0.398438  |0.04963   |0.398438  |0.041026  |0.417969  |0.063835  |0.398438  |0.040782  |0.0703125 |0.109417  |0.168818              |
|------------------------------------------------------------------------------------------------------------------------------------------------------------------------------------------------------|
|35        |42        |97        |0.711385  |0.492188  |0.038133  |0.984375  |0.034555  |0.984375  |0.047669  |1.00391   |0.036748  |0.984375  |0.025804  |0.167969  |0.087759  |0.41708               |
|------------------------------------------------------------------------------------------------------------------------------------------------------------------------------------------------------|
|36        |20        |107       |0.364793  |0.234375  |0.021631  |0.46875   |0.022576  |0.46875   |0.018837  |0.488281  |0.023342  |0.46875   |0.017596  |0.0820312 |0.061038  |0.19861               |
|------------------------------------------------------------------------------------------------------------------------------------------------------------------------------------------------------|
|37        |10        |22        |0.064803  |0.117188  |0.008755  |0.234375  |0.007913  |0.234375  |0.006121  |0.253906  |0.008905  |0.234375  |0.006662  |0.0429688 |0.020859  |0.0993049             |
|------------------------------------------------------------------------------------------------------------------------------------------------------------------------------------------------------|
|38        |11        |64        |0.187293  |0.128906  |0.014241  |0.257812  |0.014064  |0.257812  |0.011498  |0.277344  |0.014945  |0.257812  |0.010814  |0.046875  |0.038013  |0.109235              |
|------------------------------------------------------------------------------------------------------------------------------------------------------------------------------------------------------|
|39        |7         |7         |0.013301  |0.0820312 |0.004657  |0.164062  |0.003859  |0.164062  |0.004162  |0.183594  |0.004417  |0.164062  |0.003041  |0.03125   |0.009075  |0.0695134             |
|------------------------------------------------------------------------------------------------------------------------------------------------------------------------------------------------------|
|40        |38        |1213      |7.62721   |0.445312  |0.168003  |0.890625  |0.170722  |0.890625  |0.189796  |0.910156  |0.163824  |0.890625  |0.118445  |0.152344  |0.527775  |0.377358              |
|------------------------------------------------------------------------------------------------------------------------------------------------------------------------------------------------------|
|41        |26        |487       |1.75151   |0.304688  |0.067643  |0.609375  |0.073939  |0.609375  |0.064612  |0.628906  |0.071955  |0.609375  |0.052509  |0.105469  |0.221479  |0.258193              |
|------------------------------------------------------------------------------------------------------------------------------------------------------------------------------------------------------|
|42        |34        |42        |0.081293  |0.398438  |0.019256  |0.796875  |0.016209  |0.796875  |0.015693  |0.816406  |0.018669  |0.796875  |0.013623  |0.136719  |0.043198  |0.337637              |
|------------------------------------------------------------------------------------------------------------------------------------------------------------------------------------------------------|
|43        |15        |127       |0.311754  |0.175781  |0.022827  |0.351562  |0.024081  |0.351562  |0.020628  |0.371094  |0.024518  |0.351562  |0.018224  |0.0625    |0.067804  |0.148957              |
|------------------------------------------------------------------------------------------------------------------------------------------------------------------------------------------------------|
|44        |9         |5         |0.00961   |0.105469  |0.005125  |0.210938  |0.003706  |0.210938  |0.003936  |0.230469  |0.004431  |0.210938  |0.003079  |0.0390625 |0.008919  |0.0893744             |
|------------------------------------------------------------------------------------------------------------------------------------------------------------------------------------------------------|
|45        |7         |27        |0.048429  |0.0820312 |0.008394  |0.164062  |0.008048  |0.164062  |0.006218  |0.183594  |0.008626  |0.164062  |0.006482  |0.03125   |0.02034   |0.0695134             |
|------------------------------------------------------------------------------------------------------------------------------------------------------------------------------------------------------|
|46        |39        |33        |0.043716  |0.457031  |0.018818  |0.914062  |0.015827  |0.914062  |0.016288  |0.933594  |0.018156  |0.914062  |0.013009  |0.15625   |0.039263  |0.387289              |
|------------------------------------------------------------------------------------------------------------------------------------------------------------------------------------------------------|
|47        |40        |766       |4.31084   |0.46875   |0.111133  |0.9375    |0.11957   |0.9375    |0.10621   |0.957031  |0.125134  |0.9375    |0.09148   |0.160156  |0.374123  |0.397219              |
|------------------------------------------------------------------------------------------------------------------------------------------------------------------------------------------------------|
|48        |6         |7         |0.014639  |0.0703125 |0.005145  |0.140625  |0.00417   |0.140625  |0.004563  |0.160156  |0.00499   |0.140625  |0.003519  |0.0273438 |0.01033   |0.0595829             |
|------------------------------------------------------------------------------------------------------------------------------------------------------------------------------------------------------|
|49        |44        |109       |0.741402  |0.515625  |0.034005  |1.03125   |0.034025  |1.03125   |0.033041  |1.05078   |0.037156  |1.03125   |0.02681   |0.175781  |0.095651  |0.436941              |
|------------------------------------------------------------------------------------------------------------------------------------------------------------------------------------------------------|
|50        |41        |992       |5.43128   |0.480469  |0.1357    |0.960938  |0.148621  |0.960938  |0.139043  |0.980469  |0.144187  |0.960938  |0.097825  |0.164062  |0.60466   |0.40715               |
|------------------------------------------------------------------------------------------------------------------------------------------------------------------------------------------------------|
|51        |13        |75        |0.182323  |0.152344  |0.016182  |0.304688  |0.016687  |0.304688  |0.013829  |0.324219  |0.017452  |0.304688  |0.012769  |0.0546875 |0.053564  |0.129096              |
|------------------------------------------------------------------------------------------------------------------------------------------------------------------------------------------------------|
|52        |28        |237       |0.976773  |0.328125  |0.039966  |0.65625   |0.041825  |0.65625   |0.036888  |0.675781  |0.043016  |0.65625   |0.031826  |0.113281  |0.12071   |0.278054              |
|------------------------------------------------------------------------------------------------------------------------------------------------------------------------------------------------------|
|53        |43        |1494      |7.52273   |0.503906  |0.176452  |1.00781   |0.193531  |1.00781   |0.173448  |1.02734   |0.185656  |1.00781   |0.134448  |0.171875  |0.60336   |0.427011              |
|------------------------------------------------------------------------------------------------------------------------------------------------------------------------------------------------------|
|54        |17        |10        |0.017887  |0.199219  |0.00864   |0.398438  |0.007382  |0.398438  |0.007383  |0.417969  |0.008431  |0.398438  |0.005918  |0.0703125 |0.0162    |0.168818              |
|------------------------------------------------------------------------------------------------------------------------------------------------------------------------------------------------------|
|55        |44        |1574      |7.60373   |0.515625  |0.183633  |1.03125   |0.233838  |1.03125   |0.181973  |1.05078   |0.214986  |1.03125   |0.155558  |0.175781  |0.692651  |0.436941              |
|------------------------------------------------------------------------------------------------------------------------------------------------------------------------------------------------------|
|56        |24        |137       |0.680957  |0.28125   |0.026561  |0.5625    |0.027578  |0.5625    |0.023745  |0.582031  |0.044561  |0.5625    |0.023693  |0.0976562 |0.102087  |0.238332              |
|------------------------------------------------------------------------------------------------------------------------------------------------------------------------------------------------------|
|57        |32        |217       |1.15708   |0.375     |0.038156  |0.75      |0.040334  |0.75      |0.035099  |0.769531  |0.041426  |0.75      |0.030414  |0.128906  |0.113456  |0.317776              |
|------------------------------------------------------------------------------------------------------------------------------------------------------------------------------------------------------|
|58        |13        |21        |0.031349  |0.152344  |0.009665  |0.304688  |0.008906  |0.304688  |0.008935  |0.324219  |0.00993   |0.304688  |0.007378  |0.0546875 |0.021589  |0.129096              |
|------------------------------------------------------------------------------------------------------------------------------------------------------------------------------------------------------|
|59        |41        |379       |2.22432   |0.480469  |0.059081  |0.960938  |0.062573  |0.960938  |0.055352  |0.980469  |0.063617  |0.960938  |0.046951  |0.164062  |0.181619  |0.40715               |
|------------------------------------------------------------------------------------------------------------------------------------------------------------------------------------------------------|
|60        |7         |19        |0.0375    |0.0820312 |0.006691  |0.164062  |0.00636   |0.164062  |0.004905  |0.183594  |0.00713   |0.164062  |0.00533   |0.03125   |0.015807  |0.0695134             |
|------------------------------------------------------------------------------------------------------------------------------------------------------------------------------------------------------|
|61        |7         |12        |0.072399  |0.0820312 |0.043749  |0.164062  |0.00861   |0.164062  |0.007928  |0.183594  |0.010088  |0.164062  |0.007307  |0.03125   |0.025269  |0.0695134             |
|------------------------------------------------------------------------------------------------------------------------------------------------------------------------------------------------------|
|62        |34        |777       |4.65476   |0.398438  |0.117076  |0.796875  |0.118146  |0.796875  |0.103211  |0.816406  |0.272281  |0.796875  |0.135469  |0.136719  |0.427178  |0.337637              |
|------------------------------------------------------------------------------------------------------------------------------------------------------------------------------------------------------|
|63        |37        |961       |5.2241    |0.433594  |0.382035  |0.867188  |0.144267  |0.867188  |0.123561  |0.886719  |0.135955  |0.867188  |0.097263  |0.148438  |0.420787  |0.367428              |
|------------------------------------------------------------------------------------------------------------------------------------------------------------------------------------------------------|
|64        |25        |32        |0.055447  |0.292969  |0.014887  |0.585938  |0.012988  |0.585938  |0.013475  |0.605469  |0.014726  |0.585938  |0.010974  |0.101562  |0.033441  |0.248262              |
|------------------------------------------------------------------------------------------------------------------------------------------------------------------------------------------------------|
|65        |22        |398       |1.40029   |0.257812  |0.059765  |0.515625  |0.063839  |0.515625  |0.055074  |0.535156  |0.062723  |0.515625  |0.045704  |0.0898438 |0.188839  |0.218471              |
|------------------------------------------------------------------------------------------------------------------------------------------------------------------------------------------------------|
|66        |14        |7         |0.014474  |0.164062  |0.007525  |0.328125  |0.005459  |0.328125  |0.005755  |0.347656  |0.006469  |0.328125  |0.004598  |0.0585938 |0.013089  |0.139027              |
|------------------------------------------------------------------------------------------------------------------------------------------------------------------------------------------------------|
|67        |45        |1879      |9.05295   |0.527344  |0.213857  |1.05469   |0.278809  |1.05469   |0.25169   |1.07422   |0.228108  |1.05469   |0.165442  |0.179688  |0.740712  |0.446872              |
|------------------------------------------------------------------------------------------------------------------------------------------------------------------------------------------------------|
|68        |22        |9         |0.018594  |0.257812  |0.009922  |0.515625  |0.007452  |0.515625  |0.007799  |0.535156  |0.0089    |0.515625  |0.006178  |0.0898438 |0.031058  |0.218471              |
|------------------------------------------------------------------------------------------------------------------------------------------------------------------------------------------------------|
|69        |39        |1306      |5.76728   |0.457031  |0.152122  |0.914062  |0.170501  |0.914062  |0.151378  |0.933594  |0.177338  |0.914062  |0.118549  |0.15625   |0.663942  |0.387289              |
|------------------------------------------------------------------------------------------------------------------------------------------------------------------------------------------------------|
|70        |35        |378       |2.18043   |0.410156  |0.056254  |0.820312  |0.060879  |0.820312  |0.052977  |0.839844  |0.060466  |0.820312  |0.044232  |0.140625  |0.175683  |0.347567              |
|------------------------------------------------------------------------------------------------------------------------------------------------------------------------------------------------------|
|71        |22        |354       |1.04826   |0.257812  |0.047552  |0.515625  |0.05201   |0.515625  |0.044942  |0.535156  |0.050697  |0.515625  |0.037299  |0.0898438 |0.153664  |0.218471              |
|------------------------------------------------------------------------------------------------------------------------------------------------------------------------------------------------------|
|72        |30        |814       |3.41048   |0.351562  |0.098596  |0.703125  |0.111216  |0.703125  |0.112718  |0.722656  |0.123742  |0.703125  |0.076444  |0.121094  |0.334223  |0.297915              |
|------------------------------------------------------------------------------------------------------------------------------------------------------------------------------------------------------|
|73        |14        |90        |0.225387  |0.164062  |0.017069  |0.328125  |0.017941  |0.328125  |0.014597  |0.347656  |0.018545  |0.328125  |0.013638  |0.0585938 |0.048715  |0.139027              |
|------------------------------------------------------------------------------------------------------------------------------------------------------------------------------------------------------|
|74        |31        |241       |0.974936  |0.363281  |0.039026  |0.726562  |0.041938  |0.726562  |0.036427  |0.746094  |0.043129  |0.726562  |0.031259  |0.125     |0.11948   |0.307845              |
|------------------------------------------------------------------------------------------------------------------------------------------------------------------------------------------------------|
|75        |39        |99        |0.448562  |0.457031  |0.028653  |0.914062  |0.029332  |0.914062  |0.02717   |0.933594  |0.031443  |0.914062  |0.023015  |0.15625   |0.073152  |0.387289              |
|------------------------------------------------------------------------------------------------------------------------------------------------------------------------------------------------------|
|76        |47        |1190      |6.99683   |0.550781  |0.173255  |1.10156   |0.191791  |1.10156   |0.170468  |1.12109   |0.19606   |1.10156   |0.133646  |0.1875    |0.580874  |0.466733              |
|------------------------------------------------------------------------------------------------------------------------------------------------------------------------------------------------------|
|77        |47        |270       |1.92111   |0.550781  |0.057604  |1.10156   |0.059851  |1.10156   |0.052536  |1.12109   |0.062844  |1.10156   |0.046299  |0.1875    |0.166726  |0.466733              |
|------------------------------------------------------------------------------------------------------------------------------------------------------------------------------------------------------|
|78        |46        |481       |3.69672   |0.539062  |0.080168  |1.07812   |0.098912  |1.07812   |0.080986  |1.09766   |0.092258  |1.07812   |0.06765   |0.183594  |0.262338  |0.456802              |
|------------------------------------------------------------------------------------------------------------------------------------------------------------------------------------------------------|
|79        |22        |51        |0.1832    |0.257812  |0.019717  |0.515625  |0.019336  |0.515625  |0.017476  |0.535156  |0.020532  |0.515625  |0.015275  |0.0898438 |0.04791   |0.218471              |
|------------------------------------------------------------------------------------------------------------------------------------------------------------------------------------------------------|
|80        |38        |1147      |8.27886   |0.445312  |0.151951  |0.890625  |0.162541  |0.890625  |0.14487   |0.910156  |0.150097  |0.890625  |0.203723  |0.152344  |0.479533  |0.377358              |
|------------------------------------------------------------------------------------------------------------------------------------------------------------------------------------------------------|
|81        |25        |281       |1.61      |0.292969  |0.047813  |0.585938  |0.048231  |0.585938  |0.04198   |0.605469  |0.04782   |0.585938  |0.034392  |0.101562  |0.137365  |0.248262              |
|------------------------------------------------------------------------------------------------------------------------------------------------------------------------------------------------------|
|82        |38        |836       |4.17025   |0.445312  |0.105224  |0.890625  |0.115463  |0.890625  |0.102296  |0.910156  |0.154051  |0.890625  |0.09021   |0.152344  |0.387391  |0.377358              |
|------------------------------------------------------------------------------------------------------------------------------------------------------------------------------------------------------|
|83        |48        |136       |0.987155  |0.5625    |0.036838  |1.125     |0.036896  |1.125     |0.034024  |1.14453   |0.039155  |1.125     |0.029046  |0.191406  |0.121924  |0.476663              |
|------------------------------------------------------------------------------------------------------------------------------------------------------------------------------------------------------|
|84        |23        |16        |0.025692  |0.269531  |0.011326  |0.539062  |0.009614  |0.539062  |0.009697  |0.558594  |0.011704  |0.539062  |0.008254  |0.09375   |0.020375  |0.228401              |
|------------------------------------------------------------------------------------------------------------------------------------------------------------------------------------------------------|
|85        |17        |197       |0.524373  |0.199219  |0.029861  |0.398438  |0.031603  |0.398438  |0.026956  |0.417969  |0.030984  |0.398438  |0.022969  |0.0703125 |0.091595  |0.168818              |
|------------------------------------------------------------------------------------------------------------------------------------------------------------------------------------------------------|
|86        |47        |1009      |6.09804   |0.550781  |0.142954  |1.10156   |0.186452  |1.10156   |0.143456  |1.12109   |0.13497   |1.10156   |0.097769  |0.1875    |0.41992   |0.466733              |
|------------------------------------------------------------------------------------------------------------------------------------------------------------------------------------------------------|
|87        |33        |921       |3.57153   |0.386719  |0.109975  |0.773438  |0.151462  |0.773438  |0.108413  |0.792969  |0.1177    |0.773438  |0.085043  |0.132812  |0.374207  |0.327706              |
|------------------------------------------------------------------------------------------------------------------------------------------------------------------------------------------------------|
|88        |45        |1429      |8.04175   |0.527344  |0.168527  |1.05469   |0.186731  |1.05469   |0.167578  |1.07422   |0.204555  |1.05469   |0.130448  |0.179688  |0.574426  |0.446872              |
|------------------------------------------------------------------------------------------------------------------------------------------------------------------------------------------------------|
|89        |31        |366       |1.65571   |0.363281  |0.058884  |0.726562  |0.063132  |0.726562  |0.055031  |0.746094  |0.056516  |0.726562  |0.041044  |0.125     |0.167222  |0.307845              |
|------------------------------------------------------------------------------------------------------------------------------------------------------------------------------------------------------|
|90        |32        |644       |2.71984   |0.375     |0.081617  |0.75      |0.089204  |0.75      |0.079326  |0.769531  |0.116999  |0.75      |0.065974  |0.128906  |0.465564  |0.317776              |
|------------------------------------------------------------------------------------------------------------------------------------------------------------------------------------------------------|
|91        |30        |667       |2.86005   |0.351562  |0.118619  |0.703125  |0.112731  |0.703125  |0.163817  |0.722656  |0.102189  |0.703125  |0.0718    |0.121094  |0.30847   |0.297915              |
|------------------------------------------------------------------------------------------------------------------------------------------------------------------------------------------------------|
|92        |17        |10        |0.021683  |0.199219  |0.01022   |0.398438  |0.008655  |0.398438  |0.008782  |0.417969  |0.009494  |0.398438  |0.00685   |0.0703125 |0.018508  |0.168818              |
|------------------------------------------------------------------------------------------------------------------------------------------------------------------------------------------------------|
|93        |32        |169       |1.50304   |0.375     |0.04558   |0.75      |0.040671  |0.75      |0.040157  |0.769531  |0.046509  |0.75      |0.027979  |0.128906  |0.126487  |0.317776              |
|------------------------------------------------------------------------------------------------------------------------------------------------------------------------------------------------------|
|94        |36        |233       |1.56973   |0.421875  |0.043314  |0.84375   |0.044343  |0.84375   |0.038523  |0.863281  |0.045994  |0.84375   |0.033589  |0.144531  |0.123178  |0.357498              |
|------------------------------------------------------------------------------------------------------------------------------------------------------------------------------------------------------|
|95        |24        |60        |0.256108  |0.28125   |0.018298  |0.5625    |0.017498  |0.5625    |0.014676  |0.582031  |0.019274  |0.5625    |0.014548  |0.0976562 |0.044745  |0.238332              |
|------------------------------------------------------------------------------------------------------------------------------------------------------------------------------------------------------|
|96        |30        |134       |0.63062   |0.351562  |0.0293    |0.703125  |0.02979   |0.703125  |0.025673  |0.722656  |0.031162  |0.703125  |0.023478  |0.121094  |0.080559  |0.297915              |
|------------------------------------------------------------------------------------------------------------------------------------------------------------------------------------------------------|
|97        |45        |226       |1.41298   |0.527344  |0.045017  |1.05469   |0.046743  |1.05469   |0.043167  |1.07422   |0.048966  |1.05469   |0.09466   |0.179688  |0.128829  |0.446872              |
|------------------------------------------------------------------------------------------------------------------------------------------------------------------------------------------------------|
|98        |42        |844       |4.8146    |0.492188  |0.125151  |0.984375  |0.131306  |0.984375  |0.122947  |1.00391   |0.226454  |0.984375  |0.122329  |0.167969  |0.764839  |0.41708               |
|------------------------------------------------------------------------------------------------------------------------------------------------------------------------------------------------------|
|99        |49        |1246      |8.73617   |0.574219  |0.170999  |1.14844   |0.179521  |1.14844   |0.158071  |1.16797   |0.18699   |1.14844   |0.139945  |0.195312  |0.608828  |0.486594              |
|------------------------------------------------------------------------------------------------------------------------------------------------------------------------------------------------------|
|100       |37        |1287      |5.32359   |0.433594  |0.151552  |0.867188  |0.167024  |0.867188  |0.148403  |0.886719  |0.298227  |0.867188  |0.130276  |0.148438  |0.570383  |0.367428              |
|------------------------------------------------------------------------------------------------------------------------------------------------------------------------------------------------------|
|101       |12        |9         |0.018097  |0.140625  |0.007395  |0.28125   |0.005368  |0.28125   |0.00603   |0.300781  |0.006291  |0.28125   |0.004254  |0.0507812 |0.012967  |0.119166              |
|------------------------------------------------------------------------------------------------------------------------------------------------------------------------------------------------------|
|102       |13        |140       |0.266367  |0.152344  |0.02214   |0.304688  |0.023389  |0.304688  |0.01959   |0.324219  |0.023523  |0.304688  |0.017246  |0.0546875 |0.066322  |0.129096              |
|------------------------------------------------------------------------------------------------------------------------------------------------------------------------------------------------------|
|103       |27        |515       |1.77335   |0.316406  |0.065793  |0.632812  |0.072595  |0.632812  |0.063243  |0.652344  |0.070409  |0.632812  |0.051051  |0.109375  |0.217981  |0.268123              |
|------------------------------------------------------------------------------------------------------------------------------------------------------------------------------------------------------|
|104       |35        |741       |3.60227   |0.410156  |0.105335  |0.820312  |0.102766  |0.820312  |0.091007  |0.839844  |0.099468  |0.820312  |0.072739  |0.140625  |0.310717  |0.347567              |
|------------------------------------------------------------------------------------------------------------------------------------------------------------------------------------------------------|
|105       |27        |36        |0.068334  |0.316406  |0.014803  |0.632812  |0.012881  |0.632812  |0.01434   |0.652344  |0.014661  |0.632812  |0.010584  |0.109375  |0.03236   |0.268123              |
|------------------------------------------------------------------------------------------------------------------------------------------------------------------------------------------------------|
|106       |39        |575       |3.04487   |0.457031  |0.077764  |0.914062  |0.084696  |0.914062  |0.074485  |0.933594  |0.083373  |0.914062  |0.061331  |0.15625   |0.251004  |0.387289              |
|------------------------------------------------------------------------------------------------------------------------------------------------------------------------------------------------------|
|107       |18        |205       |0.571234  |0.210938  |0.031945  |0.421875  |0.033706  |0.421875  |0.028478  |0.441406  |0.034292  |0.421875  |0.024647  |0.0742188 |0.097294  |0.178749              |
|------------------------------------------------------------------------------------------------------------------------------------------------------------------------------------------------------|
|108       |45        |1901      |8.74853   |0.527344  |0.239924  |1.05469   |0.267801  |1.05469   |0.256284  |1.07422   |0.230038  |1.05469   |0.166757  |0.179688  |0.74898   |0.446872              |
|------------------------------------------------------------------------------------------------------------------------------------------------------------------------------------------------------|
|109       |47        |826       |6.0156    |0.550781  |0.110651  |1.10156   |0.118531  |1.10156   |0.105719  |1.12109   |0.13235   |1.10156   |0.093233  |0.1875    |1.37746   |0.466733              |
|------------------------------------------------------------------------------------------------------------------------------------------------------------------------------------------------------|
|110       |6         |19        |0.057992  |0.0703125 |0.009968  |0.140625  |0.010987  |0.140625  |0.00953   |0.160156  |0.030704  |0.140625  |0.006612  |0.0273438 |0.024599  |0.0595829             |
|------------------------------------------------------------------------------------------------------------------------------------------------------------------------------------------------------|
|111       |29        |22        |0.057306  |0.339844  |0.030083  |0.679688  |0.012149  |0.679688  |0.01503   |0.699219  |0.018133  |0.679688  |0.011809  |0.117188  |0.035215  |0.287984              |
|------------------------------------------------------------------------------------------------------------------------------------------------------------------------------------------------------|
|112       |34        |160       |0.886235  |0.398438  |0.037699  |0.796875  |0.038371  |0.796875  |0.032639  |0.816406  |0.040543  |0.796875  |0.029111  |0.136719  |0.103367  |0.337637              |
|------------------------------------------------------------------------------------------------------------------------------------------------------------------------------------------------------|
|113       |10        |15        |0.026984  |0.117188  |0.008655  |0.234375  |0.00791   |0.234375  |0.005851  |0.253906  |0.00884   |0.234375  |0.006621  |0.0429688 |0.019392  |0.0993049             |
|------------------------------------------------------------------------------------------------------------------------------------------------------------------------------------------------------|
|114       |21        |21        |0.030433  |0.246094  |0.01108   |0.492188  |0.00995   |0.492188  |0.009777  |0.511719  |0.01148   |0.492188  |0.0084    |0.0859375 |0.023332  |0.20854               |
|------------------------------------------------------------------------------------------------------------------------------------------------------------------------------------------------------|
|115       |32        |621       |2.62492   |0.375     |0.0791    |0.75      |0.086633  |0.75      |0.076695  |0.769531  |0.085073  |0.75      |0.061909  |0.128906  |0.262728  |0.317776              |
|------------------------------------------------------------------------------------------------------------------------------------------------------------------------------------------------------|
|116       |15        |158       |0.374468  |0.175781  |0.025483  |0.351562  |0.026702  |0.351562  |0.0226    |0.371094  |0.026988  |0.351562  |0.019485  |0.0625    |0.077049  |0.148957              |
|------------------------------------------------------------------------------------------------------------------------------------------------------------------------------------------------------|
|117       |11        |30        |0.068374  |0.128906  |0.009831  |0.257812  |0.009497  |0.257812  |0.008337  |0.277344  |0.010695  |0.257812  |0.008002  |0.046875  |0.02394   |0.109235              |
|------------------------------------------------------------------------------------------------------------------------------------------------------------------------------------------------------|
|118       |28        |557       |1.95273   |0.328125  |0.070386  |0.65625   |0.077497  |0.65625   |0.068587  |0.675781  |0.135521  |0.65625   |0.10313   |0.113281  |0.380362  |0.278054              |
|------------------------------------------------------------------------------------------------------------------------------------------------------------------------------------------------------|
|119       |11        |19        |0.048511  |0.128906  |0.010126  |0.257812  |0.009264  |0.257812  |0.009332  |0.277344  |0.013484  |0.257812  |0.043293  |0.046875  |0.033043  |0.109235              |
|------------------------------------------------------------------------------------------------------------------------------------------------------------------------------------------------------|
|120       |46        |244       |2.48886   |0.539062  |0.085647  |1.07812   |0.05747   |1.07812   |0.048683  |1.09766   |0.111195  |1.07812   |0.075121  |0.183594  |0.240371  |0.456802              |
|------------------------------------------------------------------------------------------------------------------------------------------------------------------------------------------------------|
|121       |10        |9         |0.020993  |0.117188  |0.007462  |0.234375  |0.005913  |0.234375  |0.006368  |0.253906  |0.006831  |0.234375  |0.004514  |0.0429688 |0.015386  |0.0993049             |
|------------------------------------------------------------------------------------------------------------------------------------------------------------------------------------------------------|
|122       |40        |243       |2.22644   |0.46875   |0.088729  |0.9375    |0.080842  |0.9375    |0.05962   |0.957031  |0.071124  |0.9375    |0.041818  |0.160156  |0.174402  |0.397219              |
|------------------------------------------------------------------------------------------------------------------------------------------------------------------------------------------------------|
|123       |27        |137       |0.630625  |0.316406  |0.030805  |0.632812  |0.039558  |0.632812  |0.024578  |0.652344  |0.033697  |0.632812  |0.024809  |0.109375  |0.087616  |0.268123              |
|------------------------------------------------------------------------------------------------------------------------------------------------------------------------------------------------------|
|124       |37        |437       |3.92509   |0.433594  |0.067817  |0.867188  |0.069238  |0.867188  |0.061058  |0.886719  |0.068292  |0.867188  |0.050054  |0.148438  |0.204689  |0.367428              |
|------------------------------------------------------------------------------------------------------------------------------------------------------------------------------------------------------|
|125       |41        |1302      |6.58834   |0.480469  |0.154027  |0.960938  |0.171282  |0.960938  |0.151784  |0.980469  |0.166349  |0.960938  |0.119059  |0.164062  |0.52532   |0.40715               |
|------------------------------------------------------------------------------------------------------------------------------------------------------------------------------------------------------|
|126       |15        |143       |0.336534  |0.175781  |0.022998  |0.351562  |0.024697  |0.351562  |0.020871  |0.371094  |0.024734  |0.351562  |0.018489  |0.0625    |0.070188  |0.148957              |
|------------------------------------------------------------------------------------------------------------------------------------------------------------------------------------------------------|
|127       |5         |1         |0.00573   |0.0585938 |0.002631  |0.117188  |0.001869  |0.117188  |0.001962  |0.136719  |0.003223  |0.117188  |0.002108  |0.0234375 |0.012875  |0.0496524             |
|------------------------------------------------------------------------------------------------------------------------------------------------------------------------------------------------------|
|128       |32        |83        |0.517247  |0.375     |0.026297  |0.75      |0.025791  |0.75      |0.023882  |0.769531  |0.03407   |0.75      |0.018967  |0.128906  |0.060994  |0.317776              |
|------------------------------------------------------------------------------------------------------------------------------------------------------------------------------------------------------|
|129       |19        |326       |0.778202  |0.222656  |0.043632  |0.445312  |0.047614  |0.445312  |0.041199  |0.464844  |0.048236  |0.445312  |0.034047  |0.078125  |0.142115  |0.188679              |
|------------------------------------------------------------------------------------------------------------------------------------------------------------------------------------------------------|
|130       |5         |5         |0.011342  |0.0585938 |0.003639  |0.117188  |0.00306   |0.117188  |0.003037  |0.136719  |0.003285  |0.117188  |0.002402  |0.0234375 |0.006756  |0.0496524             |
|------------------------------------------------------------------------------------------------------------------------------------------------------------------------------------------------------|
|131       |23        |341       |1.07827   |0.269531  |0.04677   |0.539062  |0.051291  |0.539062  |0.044337  |0.558594  |0.050127  |0.539062  |0.03671   |0.09375   |0.150064  |0.228401              |
|------------------------------------------------------------------------------------------------------------------------------------------------------------------------------------------------------|
|132       |22        |267       |0.844968  |0.257812  |0.038508  |0.515625  |0.041423  |0.515625  |0.03615   |0.535156  |0.041484  |0.515625  |0.030669  |0.0898438 |0.180758  |0.218471              |
|------------------------------------------------------------------------------------------------------------------------------------------------------------------------------------------------------|
|133       |44        |95        |0.455145  |0.515625  |0.028292  |1.03125   |0.027429  |1.03125   |0.027277  |1.05078   |0.03031   |1.03125   |0.022814  |0.175781  |0.071696  |0.436941              |
|------------------------------------------------------------------------------------------------------------------------------------------------------------------------------------------------------|
|134       |32        |252       |1.40321   |0.375     |0.04613   |0.75      |0.04867   |0.75      |0.042044  |0.769531  |0.049037  |0.75      |0.036104  |0.128906  |0.148388  |0.317776              |
|------------------------------------------------------------------------------------------------------------------------------------------------------------------------------------------------------|
|135       |34        |508       |2.75327   |0.398438  |0.069076  |0.796875  |0.075189  |0.796875  |0.065586  |0.816406  |0.07394   |0.796875  |0.053887  |0.136719  |0.222029  |0.337637              |
|------------------------------------------------------------------------------------------------------------------------------------------------------------------------------------------------------|
|136       |13        |92        |0.194979  |0.152344  |0.017133  |0.304688  |0.017731  |0.304688  |0.014617  |0.324219  |0.024246  |0.304688  |0.02565   |0.0546875 |0.23941   |0.129096              |
|------------------------------------------------------------------------------------------------------------------------------------------------------------------------------------------------------|
|137       |14        |171       |0.412377  |0.164062  |0.026116  |0.328125  |0.043859  |0.328125  |0.023873  |0.347656  |0.028268  |0.328125  |0.020167  |0.0585938 |0.081349  |0.139027              |
|------------------------------------------------------------------------------------------------------------------------------------------------------------------------------------------------------|
|138       |32        |509       |2.37761   |0.375     |0.068087  |0.75      |0.073994  |0.75      |0.065567  |0.769531  |0.07274   |0.75      |0.053073  |0.128906  |0.221154  |0.317776              |
|------------------------------------------------------------------------------------------------------------------------------------------------------------------------------------------------------|
|139       |12        |4         |0.010666  |0.140625  |0.005882  |0.28125   |0.004161  |0.28125   |0.004344  |0.300781  |0.004943  |0.28125   |0.003492  |0.0507812 |0.009161  |0.119166              |
|------------------------------------------------------------------------------------------------------------------------------------------------------------------------------------------------------|
|140       |5         |4         |0.008994  |0.0585938 |0.003377  |0.117188  |0.002727  |0.117188  |0.002964  |0.136719  |0.003236  |0.117188  |0.002171  |0.0234375 |0.005869  |0.0496524             |
|------------------------------------------------------------------------------------------------------------------------------------------------------------------------------------------------------|
|141       |26        |157       |0.578194  |0.304688  |0.030172  |0.609375  |0.030704  |0.609375  |0.027344  |0.628906  |0.032408  |0.609375  |0.023932  |0.105469  |0.084662  |0.258193              |
|------------------------------------------------------------------------------------------------------------------------------------------------------------------------------------------------------|
|142       |26        |125       |0.496899  |0.304688  |0.026207  |0.609375  |0.027002  |0.609375  |0.024252  |0.628906  |0.028167  |0.609375  |0.020743  |0.105469  |0.07315   |0.258193              |
|------------------------------------------------------------------------------------------------------------------------------------------------------------------------------------------------------|
|143       |37        |280       |1.50209   |0.433594  |0.053238  |0.867188  |0.064998  |0.867188  |0.050123  |0.886719  |0.058981  |0.867188  |0.043485  |0.148438  |0.162393  |0.367428              |
|------------------------------------------------------------------------------------------------------------------------------------------------------------------------------------------------------|
|144       |49        |2299      |11.4709   |0.574219  |0.26033   |1.14844   |0.289565  |1.14844   |0.260324  |1.16797   |0.340355  |1.14844   |0.22134   |0.195312  |0.989824  |0.486594              |
|------------------------------------------------------------------------------------------------------------------------------------------------------------------------------------------------------|
|145       |42        |1260      |6.27571   |0.492188  |0.149349  |0.984375  |0.165822  |0.984375  |0.147203  |1.00391   |0.267458  |0.984375  |0.161623  |0.167969  |0.56274   |0.41708               |
|------------------------------------------------------------------------------------------------------------------------------------------------------------------------------------------------------|
|146       |37        |19        |0.050361  |0.433594  |0.021044  |0.867188  |0.015996  |0.867188  |0.016031  |0.886719  |0.018735  |0.867188  |0.01186   |0.148438  |0.037915  |0.367428              |
|------------------------------------------------------------------------------------------------------------------------------------------------------------------------------------------------------|
|147       |32        |592       |4.60949   |0.375     |0.206375  |0.75      |0.245076  |0.75      |0.138486  |0.769531  |0.102904  |0.75      |0.064239  |0.128906  |0.280298  |0.317776              |
|------------------------------------------------------------------------------------------------------------------------------------------------------------------------------------------------------|
|148       |15        |154       |0.390626  |0.175781  |0.025359  |0.351562  |0.026962  |0.351562  |0.022673  |0.371094  |0.027272  |0.351562  |0.019873  |0.0625    |0.077441  |0.148957              |
|------------------------------------------------------------------------------------------------------------------------------------------------------------------------------------------------------|
|149       |44        |611       |4.9741    |0.515625  |0.088153  |1.03125   |0.092048  |1.03125   |0.081662  |1.05078   |0.094376  |1.03125   |0.065854  |0.175781  |0.271782  |0.436941              |
|------------------------------------------------------------------------------------------------------------------------------------------------------------------------------------------------------|
