This log is created with the input_v2 directory
--------------------------------------------------------------------------------------------------------------------------------------------------------------------------------------------------------
|Result Table                                                                                                                                                                                          |
--------------------------------------------------------------------------------------------------------------------------------------------------------------------------------------------------------
|id        |Vertex    |Edge      |Tj T      |Tj S      |N_0 T     |N_0 S     |N_1 T     |N_1 S     |N_2 T     |N_2 S     |P_0 T     |P_0 S     |P_1 T     |P_1 S     |P_2 T     |P_2 S                 |
--------------------------------------------------------------------------------------------------------------------------------------------------------------------------------------------------------
|0         |19        |286       |1.53438   |0.222656  |0.120289  |0.445312  |0.105815  |0.445312  |0.085536  |0.464844  |0.090762  |0.445312  |0.040656  |0.078125  |0.249906  |0.188679              |
|------------------------------------------------------------------------------------------------------------------------------------------------------------------------------------------------------|
|1         |41        |533       |5.04291   |0.480469  |0.16436   |0.960938  |0.101317  |0.960938  |0.139541  |0.980469  |0.162013  |0.960938  |0.071267  |0.164062  |0.372171  |0.40715               |
|------------------------------------------------------------------------------------------------------------------------------------------------------------------------------------------------------|
|2         |38        |81        |0.818792  |0.445312  |0.059874  |0.890625  |0.039059  |0.890625  |0.043298  |0.910156  |0.112996  |0.890625  |0.040881  |0.152344  |0.128389  |0.377358              |
|------------------------------------------------------------------------------------------------------------------------------------------------------------------------------------------------------|
|3         |9         |14        |0.076252  |0.105469  |0.020241  |0.210938  |0.01816   |0.210938  |0.015878  |0.230469  |0.022644  |0.210938  |0.011606  |0.0390625 |0.04712   |0.0893744             |
|------------------------------------------------------------------------------------------------------------------------------------------------------------------------------------------------------|
|4         |12        |8         |0.026678  |0.140625  |0.011422  |0.28125   |0.007111  |0.28125   |0.009047  |0.300781  |0.013081  |0.28125   |0.005059  |0.0507812 |0.017194  |0.119166              |
|------------------------------------------------------------------------------------------------------------------------------------------------------------------------------------------------------|
|5         |38        |1176      |12.9129   |0.445312  |0.226411  |0.890625  |0.195917  |0.890625  |0.274563  |0.910156  |0.469495  |0.890625  |0.1542    |0.152344  |0.71387   |0.377358              |
|------------------------------------------------------------------------------------------------------------------------------------------------------------------------------------------------------|
|6         |19        |17        |0.046195  |0.222656  |0.016174  |0.445312  |0.010754  |0.445312  |0.011441  |0.464844  |0.013711  |0.445312  |0.009305  |0.078125  |0.04282   |0.188679              |
|------------------------------------------------------------------------------------------------------------------------------------------------------------------------------------------------------|
|7         |20        |179       |0.615667  |0.234375  |0.036183  |0.46875   |0.03554   |0.46875   |0.031858  |0.488281  |0.040308  |0.46875   |0.025802  |0.0820312 |0.097627  |0.19861               |
|------------------------------------------------------------------------------------------------------------------------------------------------------------------------------------------------------|
|8         |11        |97        |0.223056  |0.128906  |0.019221  |0.257812  |0.026727  |0.257812  |0.020311  |0.277344  |0.02665   |0.257812  |0.015721  |0.046875  |0.076113  |0.109235              |
|------------------------------------------------------------------------------------------------------------------------------------------------------------------------------------------------------|
|9         |28        |114       |0.651433  |0.328125  |0.085824  |0.65625   |0.035746  |0.65625   |0.048642  |0.675781  |0.040804  |0.65625   |0.024611  |0.113281  |0.09024   |0.278054              |
|------------------------------------------------------------------------------------------------------------------------------------------------------------------------------------------------------|
|10        |11        |76        |0.206028  |0.128906  |0.025441  |0.257812  |0.017707  |0.257812  |0.016766  |0.277344  |0.02113   |0.257812  |0.01362   |0.046875  |0.052715  |0.109235              |
|------------------------------------------------------------------------------------------------------------------------------------------------------------------------------------------------------|
|11        |45        |66        |0.186793  |0.527344  |0.02961   |1.05469   |0.026518  |1.05469   |0.026494  |1.07422   |0.031418  |1.05469   |0.021194  |0.179688  |0.066705  |0.446872              |
|------------------------------------------------------------------------------------------------------------------------------------------------------------------------------------------------------|
|12        |25        |298       |1.57762   |0.292969  |0.103308  |0.585938  |0.071476  |0.585938  |0.077159  |0.605469  |0.1158    |0.585938  |0.049415  |0.101562  |0.196853  |0.248262              |
|------------------------------------------------------------------------------------------------------------------------------------------------------------------------------------------------------|
|13        |44        |1390      |9.92764   |0.515625  |0.716874  |1.03125   |0.315099  |1.03125   |0.291263  |1.05078   |0.283402  |1.03125   |0.146254  |0.175781  |0.750479  |0.436941              |
|------------------------------------------------------------------------------------------------------------------------------------------------------------------------------------------------------|
|14        |29        |658       |2.88407   |0.339844  |0.125919  |0.679688  |0.102811  |0.679688  |0.101857  |0.699219  |0.12526   |0.679688  |0.102214  |0.117188  |0.653824  |0.287984              |
|------------------------------------------------------------------------------------------------------------------------------------------------------------------------------------------------------|
|15        |39        |75        |0.803604  |0.457031  |0.073529  |0.914062  |0.051471  |0.914062  |0.029549  |0.933594  |0.052261  |0.914062  |0.026803  |0.15625   |0.072064  |0.387289              |
|------------------------------------------------------------------------------------------------------------------------------------------------------------------------------------------------------|
|16        |6         |7         |0.029615  |0.0703125 |0.008164  |0.140625  |0.005993  |0.140625  |0.008593  |0.160156  |0.008193  |0.140625  |0.004278  |0.0273438 |0.02045   |0.0595829             |
|------------------------------------------------------------------------------------------------------------------------------------------------------------------------------------------------------|
|17        |25        |16        |0.040803  |0.292969  |0.015616  |0.585938  |0.010684  |0.585938  |0.011721  |0.605469  |0.015727  |0.585938  |0.008786  |0.101562  |0.031526  |0.248262              |
|------------------------------------------------------------------------------------------------------------------------------------------------------------------------------------------------------|
|18        |30        |384       |1.97768   |0.351562  |0.05866   |0.703125  |0.061052  |0.703125  |0.053842  |0.722656  |0.229124  |0.703125  |0.075502  |0.121094  |0.201409  |0.297915              |
|------------------------------------------------------------------------------------------------------------------------------------------------------------------------------------------------------|
|19        |17        |219       |0.565994  |0.199219  |0.034728  |0.398438  |0.03638   |0.398438  |0.031179  |0.417969  |0.03553   |0.398438  |0.02539   |0.0703125 |0.106555  |0.168818              |
|------------------------------------------------------------------------------------------------------------------------------------------------------------------------------------------------------|
|20        |20        |70        |0.385684  |0.234375  |0.02098   |0.46875   |0.019672  |0.46875   |0.01674   |0.488281  |0.020845  |0.46875   |0.015179  |0.0820312 |0.050226  |0.19861               |
|------------------------------------------------------------------------------------------------------------------------------------------------------------------------------------------------------|
|21        |14        |73        |0.217938  |0.164062  |0.01727   |0.328125  |0.017173  |0.328125  |0.013925  |0.347656  |0.018388  |0.328125  |0.013917  |0.0585938 |0.048547  |0.139027              |
|------------------------------------------------------------------------------------------------------------------------------------------------------------------------------------------------------|
|22        |32        |499       |2.2906    |0.375     |0.069717  |0.75      |0.074476  |0.75      |0.06555   |0.769531  |0.073846  |0.75      |0.052426  |0.128906  |0.223999  |0.317776              |
|------------------------------------------------------------------------------------------------------------------------------------------------------------------------------------------------------|
|23        |40        |0         |0.013584  |0.46875   |0.013373  |0.9375    |0.010752  |0.9375    |0.011575  |0.957031  |0.012499  |0.9375    |0.008297  |0.160156  |0.015865  |0.397219              |
|------------------------------------------------------------------------------------------------------------------------------------------------------------------------------------------------------|
|24        |42        |1645      |8.43836   |0.492188  |0.371794  |0.984375  |0.343943  |0.984375  |0.292283  |1.00391   |0.243637  |0.984375  |0.157295  |0.167969  |1.02191   |0.41708               |
|------------------------------------------------------------------------------------------------------------------------------------------------------------------------------------------------------|
|25        |6         |26        |0.06886   |0.0703125 |0.008593  |0.140625  |0.007723  |0.140625  |0.00602   |0.160156  |0.008677  |0.140625  |0.005944  |0.0273438 |0.0205    |0.0595829             |
|------------------------------------------------------------------------------------------------------------------------------------------------------------------------------------------------------|
|26        |37        |576       |3.91644   |0.433594  |0.159421  |0.867188  |0.148231  |0.867188  |0.112112  |0.886719  |0.093208  |0.867188  |0.063182  |0.148438  |0.2775    |0.367428              |
|------------------------------------------------------------------------------------------------------------------------------------------------------------------------------------------------------|
|27        |41        |38        |0.136303  |0.480469  |0.033836  |0.960938  |0.019211  |0.960938  |0.02058   |0.980469  |0.021969  |0.960938  |0.015684  |0.164062  |0.049916  |0.40715               |
|------------------------------------------------------------------------------------------------------------------------------------------------------------------------------------------------------|
|28        |45        |324       |4.34142   |0.527344  |0.132092  |1.05469   |0.107996  |1.05469   |0.117821  |1.07422   |0.103542  |1.05469   |0.075015  |0.179688  |0.275972  |0.446872              |
|------------------------------------------------------------------------------------------------------------------------------------------------------------------------------------------------------|
|29        |42        |886       |6.12405   |0.492188  |0.230427  |0.984375  |1.01664   |0.984375  |0.35898   |1.00391   |0.245685  |0.984375  |0.102332  |0.167969  |0.444782  |0.41708               |
|------------------------------------------------------------------------------------------------------------------------------------------------------------------------------------------------------|
|30        |13        |2         |0.024297  |0.152344  |0.020974  |0.304688  |0.027346  |0.304688  |0.014028  |0.324219  |0.014396  |0.304688  |0.007376  |0.0546875 |0.037366  |0.129096              |
|------------------------------------------------------------------------------------------------------------------------------------------------------------------------------------------------------|
|31        |38        |718       |4.95732   |0.445312  |0.138226  |0.890625  |0.280611  |0.890625  |0.192428  |0.910156  |0.168159  |0.890625  |0.072044  |0.152344  |0.310374  |0.377358              |
|------------------------------------------------------------------------------------------------------------------------------------------------------------------------------------------------------|
|32        |26        |71        |0.32636   |0.304688  |0.022309  |0.609375  |0.021627  |0.609375  |0.019125  |0.628906  |0.034532  |0.609375  |0.021797  |0.105469  |0.072178  |0.258193              |
|------------------------------------------------------------------------------------------------------------------------------------------------------------------------------------------------------|
|33        |7         |8         |0.033175  |0.0820312 |0.010044  |0.164062  |0.006976  |0.164062  |0.009545  |0.183594  |0.01169   |0.164062  |0.006145  |0.03125   |0.019034  |0.0695134             |
|------------------------------------------------------------------------------------------------------------------------------------------------------------------------------------------------------|
|34        |41        |1422      |9.04752   |0.480469  |0.203144  |0.960938  |0.314769  |0.960938  |0.19779   |0.980469  |0.203367  |0.960938  |0.128671  |0.164062  |0.649918  |0.40715               |
|------------------------------------------------------------------------------------------------------------------------------------------------------------------------------------------------------|
|35        |20        |272       |1.01213   |0.234375  |0.040524  |0.46875   |0.043013  |0.46875   |0.037116  |0.488281  |0.068153  |0.46875   |0.047193  |0.0820312 |0.20651   |0.19861               |
|------------------------------------------------------------------------------------------------------------------------------------------------------------------------------------------------------|
|36        |31        |240       |1.21307   |0.363281  |0.076661  |0.726562  |0.05692   |0.726562  |0.048636  |0.746094  |0.060362  |0.726562  |0.040224  |0.125     |0.202955  |0.307845              |
|------------------------------------------------------------------------------------------------------------------------------------------------------------------------------------------------------|
|37        |48        |1161      |8.02771   |0.5625    |0.254616  |1.125     |0.210371  |1.125     |0.168305  |1.14453   |0.267841  |1.125     |0.196822  |0.191406  |0.658887  |0.476663              |
|------------------------------------------------------------------------------------------------------------------------------------------------------------------------------------------------------|
|38        |44        |415       |3.00916   |0.515625  |0.075604  |1.03125   |0.07708   |1.03125   |0.067919  |1.05078   |0.078964  |1.03125   |0.056166  |0.175781  |0.221158  |0.436941              |
|------------------------------------------------------------------------------------------------------------------------------------------------------------------------------------------------------|
|39        |25        |406       |1.94337   |0.292969  |0.06261   |0.585938  |0.066691  |0.585938  |0.05753   |0.605469  |0.112422  |0.585938  |0.043678  |0.101562  |0.238901  |0.248262              |
|------------------------------------------------------------------------------------------------------------------------------------------------------------------------------------------------------|
|40        |8         |9         |0.024621  |0.09375   |0.007796  |0.1875    |0.005655  |0.1875    |0.005907  |0.207031  |0.006694  |0.1875    |0.004869  |0.0351562 |0.01278   |0.0794439             |
|------------------------------------------------------------------------------------------------------------------------------------------------------------------------------------------------------|
|41        |40        |376       |3.61643   |0.46875   |0.0755    |0.9375    |0.078631  |0.9375    |0.068466  |0.957031  |0.064376  |0.9375    |0.046271  |0.160156  |0.181801  |0.397219              |
|------------------------------------------------------------------------------------------------------------------------------------------------------------------------------------------------------|
|42        |39        |138       |0.752978  |0.457031  |0.033789  |0.914062  |0.034062  |0.914062  |0.030604  |0.933594  |0.03645   |0.914062  |0.026625  |0.15625   |0.089905  |0.387289              |
|------------------------------------------------------------------------------------------------------------------------------------------------------------------------------------------------------|
|43        |23        |287       |0.877247  |0.269531  |0.041778  |0.539062  |0.044887  |0.539062  |0.038698  |0.558594  |0.044524  |0.539062  |0.032438  |0.09375   |0.131991  |0.228401              |
|------------------------------------------------------------------------------------------------------------------------------------------------------------------------------------------------------|
|44        |28        |212       |0.87539   |0.328125  |0.037052  |0.65625   |0.037961  |0.65625   |0.033446  |0.675781  |0.039674  |0.65625   |0.029074  |0.113281  |0.109373  |0.278054              |
|------------------------------------------------------------------------------------------------------------------------------------------------------------------------------------------------------|
|45        |17        |195       |0.47784   |0.199219  |0.030291  |0.398438  |0.031704  |0.398438  |0.027221  |0.417969  |0.031979  |0.398438  |0.023218  |0.0703125 |0.094845  |0.168818              |
|------------------------------------------------------------------------------------------------------------------------------------------------------------------------------------------------------|
|46        |11        |13        |0.026618  |0.128906  |0.007169  |0.257812  |0.005348  |0.257812  |0.005443  |0.277344  |0.006715  |0.257812  |0.004339  |0.046875  |0.01487   |0.109235              |
|------------------------------------------------------------------------------------------------------------------------------------------------------------------------------------------------------|
|47        |27        |133       |0.519205  |0.316406  |0.028699  |0.632812  |0.028891  |0.632812  |0.024593  |0.652344  |0.031295  |0.632812  |0.022622  |0.109375  |0.080778  |0.268123              |
|------------------------------------------------------------------------------------------------------------------------------------------------------------------------------------------------------|
|48        |37        |826       |4.12132   |0.433594  |0.258695  |0.867188  |0.244288  |0.867188  |0.194316  |0.886719  |0.230608  |0.867188  |0.121662  |0.148438  |0.437469  |0.367428              |
|------------------------------------------------------------------------------------------------------------------------------------------------------------------------------------------------------|
|49        |9         |51        |0.112383  |0.105469  |0.014759  |0.210938  |0.013811  |0.210938  |0.011855  |0.230469  |0.014039  |0.210938  |0.009316  |0.0390625 |0.0339    |0.0893744             |
|------------------------------------------------------------------------------------------------------------------------------------------------------------------------------------------------------|
|50        |258       |46868     |1421.68   |3.02344   |5.00324   |6.04688   |5.74994   |6.04688   |5.20157   |6.06641   |5.282     |6.04688   |3.86331   |1.01172   |19.1467   |2.56207               |
|------------------------------------------------------------------------------------------------------------------------------------------------------------------------------------------------------|
|51        |384       |31311     |1674.73   |4.5       |4.14995   |9         |4.28903   |9         |3.68805   |9.01953   |3.84444   |9         |2.61389   |1.50391   |12.2605   |3.81331               |
|------------------------------------------------------------------------------------------------------------------------------------------------------------------------------------------------------|
|52        |187       |28750     |529.479   |2.19141   |3.04212   |4.38281   |3.5537    |4.38281   |3.29312   |4.40234   |3.23903   |4.38281   |2.31319   |0.734375  |11.4787   |1.857                 |
|------------------------------------------------------------------------------------------------------------------------------------------------------------------------------------------------------|
|53        |268       |13441     |475.578   |3.14062   |1.67811   |6.28125   |1.87065   |6.28125   |1.68336   |6.30078   |1.73583   |6.28125   |1.23484   |1.05078   |5.57801   |2.66137               |
|------------------------------------------------------------------------------------------------------------------------------------------------------------------------------------------------------|
|54        |463       |156475    |7230.03   |5.42578   |16.3535   |10.8516   |18.6458   |10.8516   |17.0029   |10.8711   |30.5737   |10.8516   |17.8695   |1.8125    |100.777   |4.59782               |
|------------------------------------------------------------------------------------------------------------------------------------------------------------------------------------------------------|
|55        |347       |4181      |438.604   |4.06641   |1.58177   |8.13281   |0.831056  |8.13281   |0.786794  |8.15234   |0.882741  |8.13281   |0.559363  |1.35938   |2.28789   |3.44588               |
|------------------------------------------------------------------------------------------------------------------------------------------------------------------------------------------------------|
|56        |484       |135121    |8210.35   |5.67188   |21.943    |11.3438   |20.0054   |11.3438   |19.0786   |11.3633   |20.0566   |11.3438   |13.4131   |1.89453   |55.9419   |4.80636               |
|------------------------------------------------------------------------------------------------------------------------------------------------------------------------------------------------------|
|57        |145       |5998      |128.105   |1.69922   |0.698378  |3.39844   |0.769413  |3.39844   |0.692162  |3.41797   |0.807441  |3.39844   |0.653835  |0.570312  |2.93138   |1.43992               |
|------------------------------------------------------------------------------------------------------------------------------------------------------------------------------------------------------|
|58        |197       |8204      |263.708   |2.30859   |1.01506   |4.61719   |1.15923   |4.61719   |0.993803  |4.63672   |1.13718   |4.61719   |0.842534  |0.773438  |3.83611   |1.95631               |
|------------------------------------------------------------------------------------------------------------------------------------------------------------------------------------------------------|
|59        |258       |7862      |335.013   |3.02344   |0.946495  |6.04688   |1.05079   |6.04688   |0.937284  |6.06641   |0.999194  |6.04688   |0.718119  |1.01172   |3.1903    |2.56207               |
|------------------------------------------------------------------------------------------------------------------------------------------------------------------------------------------------------|
|60        |188       |22014     |501.027   |2.20312   |2.50008   |4.40625   |2.71038   |4.40625   |2.42824   |4.42578   |2.53995   |4.40625   |1.84005   |0.738281  |8.46904   |1.86693               |
|------------------------------------------------------------------------------------------------------------------------------------------------------------------------------------------------------|
|61        |450       |22472     |1564.43   |5.27344   |2.94505   |10.5469   |3.20039   |10.5469   |2.83803   |10.5664   |2.81032   |10.5469   |2.3333    |1.76172   |10.6821   |4.46872               |
|------------------------------------------------------------------------------------------------------------------------------------------------------------------------------------------------------|
|62        |333       |83408     |3020.97   |3.90234   |8.77523   |7.80469   |9.91092   |7.80469   |8.86514   |7.82422   |9.48372   |7.80469   |6.65756   |1.30469   |31.7112   |3.30685               |
|------------------------------------------------------------------------------------------------------------------------------------------------------------------------------------------------------|
|63        |305       |55749     |2185.5    |3.57422   |43.8005   |7.14844   |29.7835   |7.14844   |15.5487   |7.16797   |7.83878   |7.14844   |5.38219   |1.19531   |29.8706   |3.0288                |
|------------------------------------------------------------------------------------------------------------------------------------------------------------------------------------------------------|
|64        |438       |137233    |8743.43   |5.13281   |14.9428   |10.2656   |16.6731   |10.2656   |15.0058   |10.2852   |15.5167   |10.2656   |11.3368   |1.71484   |52.6865   |4.34955               |
|------------------------------------------------------------------------------------------------------------------------------------------------------------------------------------------------------|
|65        |114       |2605      |43.8449   |1.33594   |0.323853  |2.67188   |0.352939  |2.67188   |0.319667  |2.69141   |0.372577  |2.67188   |0.358482  |0.449219  |1.13982   |1.13208               |
|------------------------------------------------------------------------------------------------------------------------------------------------------------------------------------------------------|
|66        |124       |1834      |35.4163   |1.45312   |0.290485  |2.90625   |0.31007   |2.90625   |0.280957  |2.92578   |0.324569  |2.90625   |0.245563  |0.488281  |0.98327   |1.23138               |
|------------------------------------------------------------------------------------------------------------------------------------------------------------------------------------------------------|
|67        |367       |96624     |4300.73   |4.30078   |15.4811   |8.60156   |17.7377   |8.60156   |14.362    |8.62109   |11.0129   |8.60156   |7.7845    |1.4375    |44.3473   |3.64449               |
|------------------------------------------------------------------------------------------------------------------------------------------------------------------------------------------------------|
|68        |144       |13236     |221.472   |1.6875    |1.74563   |3.375     |1.9399    |3.375     |1.71022   |3.39453   |1.74186   |3.375     |1.21614   |0.566406  |5.48967   |1.42999               |
|------------------------------------------------------------------------------------------------------------------------------------------------------------------------------------------------------|
|69        |293       |36273     |1542.43   |3.43359   |3.89116   |6.86719   |4.40261   |6.86719   |3.97305   |6.88672   |4.39369   |6.86719   |2.94436   |1.14844   |14.6469   |2.90963               |
|------------------------------------------------------------------------------------------------------------------------------------------------------------------------------------------------------|
|70        |293       |1675      |87.1318   |3.43359   |0.315593  |6.86719   |0.32308   |6.86719   |0.301936  |6.88672   |0.328319  |6.86719   |0.24179   |1.14844   |0.900486  |2.90963               |
|------------------------------------------------------------------------------------------------------------------------------------------------------------------------------------------------------|
|71        |249       |10292     |388.406   |2.91797   |1.34528   |5.83594   |1.47685   |5.83594   |1.32623   |5.85547   |1.32956   |5.83594   |0.940115  |0.976562  |4.2158    |2.47269               |
|------------------------------------------------------------------------------------------------------------------------------------------------------------------------------------------------------|
|72        |403       |157288    |6451.33   |4.72266   |16.4641   |9.44531   |21.1162   |9.44531   |21.3556   |9.46484   |17.6659   |9.44531   |12.9459   |1.57812   |61.6205   |4.00199               |
|------------------------------------------------------------------------------------------------------------------------------------------------------------------------------------------------------|
|73        |350       |1900      |116.722   |4.10156   |0.635157  |8.20312   |0.61018   |8.20312   |0.542596  |8.22266   |0.532545  |8.20312   |0.381039  |1.37109   |1.40245   |3.47567               |
|------------------------------------------------------------------------------------------------------------------------------------------------------------------------------------------------------|
|74        |267       |32258     |1130.76   |3.12891   |4.74502   |6.25781   |5.63358   |6.25781   |4.54941   |6.27734   |3.97771   |6.25781   |2.95939   |1.04688   |14.7332   |2.65144               |
|------------------------------------------------------------------------------------------------------------------------------------------------------------------------------------------------------|
|75        |205       |16287     |532.816   |2.40234   |1.89757   |4.80469   |2.84186   |4.80469   |1.82368   |4.82422   |1.94966   |4.80469   |1.37054   |0.804688  |6.22763   |2.03575               |
|------------------------------------------------------------------------------------------------------------------------------------------------------------------------------------------------------|
|76        |349       |4379      |293.348   |4.08984   |1.44006   |8.17969   |1.38708   |8.17969   |1.28933   |8.19922   |3.32368   |8.17969   |1.11947   |1.36719   |2.34944   |3.46574               |
|------------------------------------------------------------------------------------------------------------------------------------------------------------------------------------------------------|
|77        |108       |10447     |128.187   |1.26562   |1.39227   |2.53125   |1.56157   |2.53125   |1.40335   |2.55078   |1.37723   |2.53125   |0.980636  |0.425781  |4.47238   |1.07249               |
|------------------------------------------------------------------------------------------------------------------------------------------------------------------------------------------------------|
|78        |229       |8652      |384.559   |2.68359   |1.02167   |5.36719   |1.15026   |5.36719   |1.07664   |5.38672   |2.22627   |5.36719   |1.41712   |0.898438  |4.86997   |2.27408               |
|------------------------------------------------------------------------------------------------------------------------------------------------------------------------------------------------------|
|79        |252       |48851     |1453.11   |2.95312   |5.44281   |5.90625   |5.95229   |5.90625   |5.35222   |5.92578   |6.95036   |5.90625   |4.34356   |0.988281  |19.5694   |2.50248               |
|------------------------------------------------------------------------------------------------------------------------------------------------------------------------------------------------------|
|80        |271       |37548     |1328.45   |3.17578   |5.05972   |6.35156   |5.72643   |6.35156   |4.86089   |6.37109   |10.8648   |6.35156   |9.00256   |1.0625    |25.743    |2.69116               |
|------------------------------------------------------------------------------------------------------------------------------------------------------------------------------------------------------|
|81        |157       |11087     |274.733   |1.83984   |1.27594   |3.67969   |1.9698    |3.67969   |1.23245   |3.69922   |1.31612   |3.67969   |0.924379  |0.617188  |4.89752   |1.55909               |
|------------------------------------------------------------------------------------------------------------------------------------------------------------------------------------------------------|
|82        |129       |262       |4.35716   |1.51172   |0.141361  |3.02344   |0.091333  |3.02344   |0.165157  |3.04297   |0.195776  |3.02344   |0.076754  |0.507812  |0.232372  |1.28103               |
|------------------------------------------------------------------------------------------------------------------------------------------------------------------------------------------------------|
|83        |236       |4415      |172.586   |2.76562   |0.674658  |5.53125   |0.760933  |5.53125   |1.51435   |5.55078   |1.2162    |5.53125   |2.1051    |0.925781  |2.80475   |2.34359               |
|------------------------------------------------------------------------------------------------------------------------------------------------------------------------------------------------------|
|84        |325       |34196     |1739.56   |3.80859   |5.27227   |7.61719   |6.07634   |7.61719   |5.47711   |7.63672   |10.3482   |7.61719   |4.83697   |1.27344   |20.9276   |3.22741               |
|------------------------------------------------------------------------------------------------------------------------------------------------------------------------------------------------------|
|85        |145       |16008     |393.572   |1.69922   |2.41316   |3.39844   |2.82105   |3.39844   |3.06705   |3.41797   |2.72879   |3.39844   |2.26666   |0.570312  |8.74377   |1.43992               |
|------------------------------------------------------------------------------------------------------------------------------------------------------------------------------------------------------|
|86        |131       |326       |6.90588   |1.53516   |0.11361   |3.07031   |0.108692  |3.07031   |0.105854  |3.08984   |0.118826  |3.07031   |0.086363  |0.515625  |0.285115  |1.30089               |
|------------------------------------------------------------------------------------------------------------------------------------------------------------------------------------------------------|
|87        |260       |29516     |1021.82   |3.04688   |4.20834   |6.09375   |4.05395   |6.09375   |3.84523   |6.11328   |4.85571   |6.09375   |3.18693   |1.01953   |19.028    |2.58193               |
|------------------------------------------------------------------------------------------------------------------------------------------------------------------------------------------------------|
|88        |152       |18156     |321.57    |1.78125   |2.17996   |3.5625    |2.42161   |3.5625    |2.13918   |3.58203   |2.66171   |3.5625    |2.65907   |0.597656  |11.8193   |1.50943               |
|------------------------------------------------------------------------------------------------------------------------------------------------------------------------------------------------------|
|89        |463       |185207    |9029.92   |5.42578   |35.2116   |10.8516   |46.0066   |10.8516   |38.0173   |10.8711   |21.4754   |10.8516   |14.9636   |1.8125    |70.8494   |4.59782               |
|------------------------------------------------------------------------------------------------------------------------------------------------------------------------------------------------------|
|90        |491       |77400     |4955.54   |5.75391   |8.70077   |11.5078   |9.59882   |11.5078   |8.67706   |11.5273   |34.1336   |11.5078   |28.7222   |1.92188   |77.0849   |4.87587               |
|------------------------------------------------------------------------------------------------------------------------------------------------------------------------------------------------------|
|91        |260       |412       |8.45198   |3.04688   |0.210923  |6.09375   |0.154063  |6.09375   |0.16278   |6.11328   |0.166926  |6.09375   |0.125708  |1.01953   |0.385257  |2.58193               |
|------------------------------------------------------------------------------------------------------------------------------------------------------------------------------------------------------|
|92        |294       |25045     |1016.72   |3.44531   |2.8085    |6.89062   |3.11365   |6.89062   |2.84834   |6.91016   |3.48057   |6.89062   |2.3383    |1.15234   |15.8934   |2.91956               |
|------------------------------------------------------------------------------------------------------------------------------------------------------------------------------------------------------|
|93        |484       |6939      |695.994   |5.67188   |2.21167   |11.3438   |1.75304   |11.3438   |1.19205   |11.3633   |1.25548   |11.3438   |0.85108   |1.89453   |3.49566   |4.80636               |
|------------------------------------------------------------------------------------------------------------------------------------------------------------------------------------------------------|
|94        |311       |91427     |2714.29   |3.64453   |11.3757   |7.28906   |13.2341   |7.28906   |12.7147   |7.30859   |12.916    |7.28906   |10.512    |1.21875   |44.8218   |3.08838               |
|------------------------------------------------------------------------------------------------------------------------------------------------------------------------------------------------------|
|95        |424       |166931    |7040.4    |4.96875   |21.8176   |9.9375    |23.4092   |9.9375    |19.0116   |9.95703   |18.9684   |9.9375    |13.5114   |1.66016   |63.5877   |4.21053               |
|------------------------------------------------------------------------------------------------------------------------------------------------------------------------------------------------------|
|96        |158       |4955      |115.345   |1.85156   |0.698724  |3.70312   |0.778439  |3.70312   |0.628385  |3.72266   |0.714706  |3.70312   |0.451027  |0.621094  |2.03331   |1.56902               |
|------------------------------------------------------------------------------------------------------------------------------------------------------------------------------------------------------|
|97        |310       |8865      |426.263   |3.63281   |1.2534    |7.26562   |1.22431   |7.26562   |1.09306   |7.28516   |1.17209   |7.26562   |0.903279  |1.21484   |3.80741   |3.07845               |
|------------------------------------------------------------------------------------------------------------------------------------------------------------------------------------------------------|
|98        |116       |8841      |122.05    |1.35938   |1.49948   |2.71875   |1.6522    |2.71875   |1.12374   |2.73828   |1.43861   |2.71875   |0.904171  |0.457031  |4.91681   |1.15194               |
|------------------------------------------------------------------------------------------------------------------------------------------------------------------------------------------------------|
|99        |362       |35207     |2039.13   |4.24219   |4.04741   |8.48438   |4.47013   |8.48438   |3.89707   |8.50391   |4.11561   |8.48438   |2.98393   |1.41797   |13.6635   |3.59484               |
|------------------------------------------------------------------------------------------------------------------------------------------------------------------------------------------------------|
|100       |96        |181       |1.33132   |1.125     |0.06659   |2.25      |0.055511  |2.25      |0.055299  |2.26953   |0.060426  |2.25      |0.044484  |0.378906  |0.143748  |0.953327              |
|------------------------------------------------------------------------------------------------------------------------------------------------------------------------------------------------------|
|101       |64        |1835      |18.8472   |0.75      |0.260318  |1.5       |0.378837  |1.5       |0.22018   |1.51953   |0.262016  |1.5       |0.17918   |0.253906  |0.829492  |0.635551              |
|------------------------------------------------------------------------------------------------------------------------------------------------------------------------------------------------------|
|102       |84        |771       |13.7235   |0.984375  |0.184354  |1.96875   |0.196466  |1.96875   |0.174768  |1.98828   |0.197331  |1.96875   |0.136605  |0.332031  |0.539434  |0.834161              |
|------------------------------------------------------------------------------------------------------------------------------------------------------------------------------------------------------|
|103       |81        |2515      |32.2451   |0.949219  |0.352871  |1.89844   |0.391575  |1.89844   |0.349989  |1.91797   |0.377214  |1.89844   |0.277465  |0.320312  |1.20875   |0.804369              |
|------------------------------------------------------------------------------------------------------------------------------------------------------------------------------------------------------|
|104       |82        |3939      |43.1727   |0.960938  |0.445004  |1.92188   |0.495481  |1.92188   |0.444323  |1.94141   |0.526743  |1.92188   |0.338745  |0.324219  |1.54661   |0.8143                |
|------------------------------------------------------------------------------------------------------------------------------------------------------------------------------------------------------|
|105       |56        |69        |0.151089  |0.65625   |0.029743  |1.3125    |0.027676  |1.3125    |0.026572  |1.33203   |0.03015   |1.3125    |0.022455  |0.222656  |0.067717  |0.556107              |
|------------------------------------------------------------------------------------------------------------------------------------------------------------------------------------------------------|
|106       |99        |3607      |50.2132   |1.16016   |0.428074  |2.32031   |0.469563  |2.32031   |0.426637  |2.33984   |0.489538  |2.32031   |0.318965  |0.390625  |1.43216   |0.983118              |
|------------------------------------------------------------------------------------------------------------------------------------------------------------------------------------------------------|
|107       |80        |633       |9.07835   |0.9375    |0.117196  |1.875     |0.111377  |1.875     |0.100573  |1.89453   |0.111953  |1.875     |0.08205   |0.316406  |0.317786  |0.794439              |
|------------------------------------------------------------------------------------------------------------------------------------------------------------------------------------------------------|
|108       |89        |7692      |69.7482   |1.04297   |0.860235  |2.08594   |1.00743   |2.08594   |1.03664   |2.10547   |1.22612   |2.08594   |0.658456  |0.351562  |2.92579   |0.883813              |
|------------------------------------------------------------------------------------------------------------------------------------------------------------------------------------------------------|
|109       |70        |267       |3.20071   |0.820312  |0.060589  |1.64062   |0.061276  |1.64062   |0.055239  |1.66016   |0.065234  |1.64062   |0.047798  |0.277344  |0.16396   |0.695134              |
|------------------------------------------------------------------------------------------------------------------------------------------------------------------------------------------------------|
|110       |91        |2323      |30.2669   |1.06641   |0.311219  |2.13281   |0.342622  |2.13281   |0.349231  |2.15234   |0.330766  |2.13281   |0.239132  |0.359375  |1.05565   |0.903674              |
|------------------------------------------------------------------------------------------------------------------------------------------------------------------------------------------------------|
|111       |87        |1743      |23.3282   |1.01953   |0.222713  |2.03906   |0.243313  |2.03906   |0.217933  |2.05859   |0.234417  |2.03906   |0.212932  |0.34375   |0.747626  |0.863952              |
|------------------------------------------------------------------------------------------------------------------------------------------------------------------------------------------------------|
|112       |94        |3782      |50.2003   |1.10156   |0.534979  |2.20312   |0.59606   |2.20312   |0.56378   |2.22266   |0.593503  |2.20312   |0.426057  |0.371094  |1.88534   |0.933466              |
|------------------------------------------------------------------------------------------------------------------------------------------------------------------------------------------------------|
|113       |74        |3721      |41.3378   |0.867188  |0.672101  |1.73438   |1.08615   |1.73438   |0.482577  |1.75391   |0.47172   |1.73438   |0.339327  |0.292969  |1.55533   |0.734856              |
|------------------------------------------------------------------------------------------------------------------------------------------------------------------------------------------------------|
|114       |88        |576       |8.11464   |1.03125   |0.107425  |2.0625    |0.105912  |2.0625    |0.098013  |2.08203   |0.107907  |2.0625    |0.079318  |0.347656  |0.299367  |0.873883              |
|------------------------------------------------------------------------------------------------------------------------------------------------------------------------------------------------------|
|115       |83        |348       |4.36225   |0.972656  |0.078741  |1.94531   |0.080542  |1.94531   |0.074406  |1.96484   |0.085493  |1.94531   |0.062855  |0.328125  |0.220268  |0.82423               |
|------------------------------------------------------------------------------------------------------------------------------------------------------------------------------------------------------|
|116       |52        |872       |6.16516   |0.609375  |0.118701  |1.21875   |0.128374  |1.21875   |0.114436  |1.23828   |0.130197  |1.21875   |0.094482  |0.207031  |0.402393  |0.516385              |
|------------------------------------------------------------------------------------------------------------------------------------------------------------------------------------------------------|
|117       |76        |4210      |39.253    |0.890625  |0.69602   |1.78125   |0.878416  |1.78125   |0.627626  |1.80078   |0.512797  |1.78125   |0.357106  |0.300781  |1.69715   |0.754717              |
|------------------------------------------------------------------------------------------------------------------------------------------------------------------------------------------------------|
|118       |97        |461       |6.64814   |1.13672   |0.09685   |2.27344   |0.100678  |2.27344   |0.092942  |2.29297   |0.106058  |2.27344   |0.077403  |0.382812  |0.425619  |0.963257              |
|------------------------------------------------------------------------------------------------------------------------------------------------------------------------------------------------------|
|119       |54        |947       |7.20671   |0.632812  |0.132957  |1.26562   |0.143309  |1.26562   |0.12837   |1.28516   |0.143011  |1.26562   |0.10218   |0.214844  |0.435381  |0.536246              |
|------------------------------------------------------------------------------------------------------------------------------------------------------------------------------------------------------|
|120       |92        |3134      |44.5468   |1.07812   |0.413943  |2.15625   |0.440725  |2.15625   |0.393092  |2.17578   |0.417251  |2.15625   |0.298618  |0.363281  |1.38492   |0.913605              |
|------------------------------------------------------------------------------------------------------------------------------------------------------------------------------------------------------|
|121       |75        |402       |5.69704   |0.878906  |0.114471  |1.75781   |0.12356   |1.75781   |0.110787  |1.77734   |0.104651  |1.75781   |0.067887  |0.296875  |0.236603  |0.744787              |
|------------------------------------------------------------------------------------------------------------------------------------------------------------------------------------------------------|
|122       |59        |3053      |21.3521   |0.691406  |0.428842  |1.38281   |0.479534  |1.38281   |0.423912  |1.40234   |0.431555  |1.38281   |0.310326  |0.234375  |1.41439   |0.585899              |
|------------------------------------------------------------------------------------------------------------------------------------------------------------------------------------------------------|
|123       |75        |869       |10.3719   |0.878906  |0.140093  |1.75781   |0.151264  |1.75781   |0.135109  |1.77734   |0.150029  |1.75781   |0.109185  |0.296875  |0.443235  |0.744787              |
|------------------------------------------------------------------------------------------------------------------------------------------------------------------------------------------------------|
|124       |59        |1857      |15.0926   |0.691406  |0.25116   |1.38281   |0.33157   |1.38281   |0.295975  |1.40234   |0.340421  |1.38281   |0.167842  |0.234375  |0.750522  |0.585899              |
|------------------------------------------------------------------------------------------------------------------------------------------------------------------------------------------------------|
|125       |52        |1163      |7.41038   |0.609375  |0.177012  |1.21875   |0.166943  |1.21875   |0.160524  |1.23828   |0.185103  |1.21875   |0.123258  |0.207031  |0.536906  |0.516385              |
|------------------------------------------------------------------------------------------------------------------------------------------------------------------------------------------------------|
|126       |75        |118       |0.948446  |0.878906  |0.055222  |1.75781   |0.047796  |1.75781   |0.047193  |1.77734   |0.057306  |1.75781   |0.038078  |0.296875  |0.128904  |0.744787              |
|------------------------------------------------------------------------------------------------------------------------------------------------------------------------------------------------------|
|127       |84        |4551      |61.2951   |0.984375  |1.00345   |1.96875   |1.15847   |1.96875   |0.73923   |1.98828   |0.691775  |1.96875   |0.482488  |0.332031  |2.25722   |0.834161              |
|------------------------------------------------------------------------------------------------------------------------------------------------------------------------------------------------------|
|128       |91        |1668      |24.4106   |1.06641   |0.23103   |2.13281   |0.250775  |2.13281   |0.226024  |2.15234   |0.24471   |2.13281   |0.177558  |0.359375  |0.755905  |0.903674              |
|------------------------------------------------------------------------------------------------------------------------------------------------------------------------------------------------------|
|129       |86        |7081      |62.9477   |1.00781   |1.30493   |2.01562   |1.12301   |2.01562   |0.808585  |2.03516   |0.925729  |2.01562   |0.62458   |0.339844  |2.89119   |0.854022              |
|------------------------------------------------------------------------------------------------------------------------------------------------------------------------------------------------------|
|130       |93        |1791      |23.3341   |1.08984   |0.232656  |2.17969   |0.249976  |2.17969   |0.22488   |2.19922   |0.243727  |2.17969   |0.176213  |0.367188  |0.763124  |0.923535              |
|------------------------------------------------------------------------------------------------------------------------------------------------------------------------------------------------------|
|131       |84        |6719      |61.1757   |0.984375  |0.839859  |1.96875   |0.94125   |1.96875   |0.840865  |1.98828   |0.855082  |1.96875   |0.623218  |0.332031  |2.74921   |0.834161              |
|------------------------------------------------------------------------------------------------------------------------------------------------------------------------------------------------------|
|132       |84        |4750      |48.931    |0.984375  |0.538764  |1.96875   |0.589862  |1.96875   |0.527419  |1.98828   |0.573203  |1.96875   |0.401482  |0.332031  |1.8455    |0.834161              |
|------------------------------------------------------------------------------------------------------------------------------------------------------------------------------------------------------|
|133       |94        |4397      |51.3857   |1.10156   |0.678394  |2.20312   |0.739308  |2.20312   |0.663269  |2.22266   |0.656051  |2.20312   |0.454564  |0.371094  |1.99636   |0.933466              |
|------------------------------------------------------------------------------------------------------------------------------------------------------------------------------------------------------|
|134       |83        |5481      |54.8702   |0.972656  |1.16744   |1.94531   |1.30605   |1.94531   |1.12513   |1.96484   |1.6075    |1.94531   |1.20926   |0.328125  |3.98003   |0.82423               |
|------------------------------------------------------------------------------------------------------------------------------------------------------------------------------------------------------|
|135       |54        |580       |7.24902   |0.632812  |0.134086  |1.26562   |0.136969  |1.26562   |0.121301  |1.28516   |0.141169  |1.26562   |0.098677  |0.214844  |0.397547  |0.536246              |
|------------------------------------------------------------------------------------------------------------------------------------------------------------------------------------------------------|
|136       |99        |3707      |54.5567   |1.16016   |0.470153  |2.32031   |0.510565  |2.32031   |0.546892  |2.33984   |0.937859  |2.32031   |0.606544  |0.390625  |1.8424    |0.983118              |
|------------------------------------------------------------------------------------------------------------------------------------------------------------------------------------------------------|
|137       |50        |147       |5.8649    |0.585938  |0.065171  |1.17188   |0.067417  |1.17188   |0.103245  |1.19141   |0.071197  |1.17188   |0.050753  |0.199219  |0.169701  |0.496524              |
|------------------------------------------------------------------------------------------------------------------------------------------------------------------------------------------------------|
|138       |90        |5080      |83.2906   |1.05469   |0.80256   |2.10938   |0.864392  |2.10938   |0.732193  |2.12891   |0.853806  |2.10938   |1.34682   |0.355469  |2.7255    |0.893744              |
|------------------------------------------------------------------------------------------------------------------------------------------------------------------------------------------------------|
|139       |67        |826       |8.76298   |0.785156  |0.135054  |1.57031   |0.144257  |1.57031   |0.128746  |1.58984   |0.150626  |1.57031   |0.101936  |0.265625  |0.413118  |0.665343              |
|------------------------------------------------------------------------------------------------------------------------------------------------------------------------------------------------------|
|140       |85        |5861      |54.2468   |0.996094  |0.654876  |1.99219   |0.719117  |1.99219   |0.645355  |2.01172   |1.34498   |1.99219   |0.677322  |0.335938  |3.00854   |0.844091              |
|------------------------------------------------------------------------------------------------------------------------------------------------------------------------------------------------------|
|141       |91        |7809      |75.7661   |1.06641   |1.47424   |2.13281   |1.14579   |2.13281   |0.977077  |2.15234   |0.99146   |2.13281   |0.710945  |0.359375  |3.29041   |0.903674              |
|------------------------------------------------------------------------------------------------------------------------------------------------------------------------------------------------------|
|142       |81        |1560      |18.9471   |0.949219  |0.203805  |1.89844   |0.218869  |1.89844   |0.195105  |1.91797   |0.212375  |1.89844   |0.153392  |0.320312  |0.660281  |0.804369              |
|------------------------------------------------------------------------------------------------------------------------------------------------------------------------------------------------------|
|143       |98        |6625      |78.8621   |1.14844   |0.770579  |2.29688   |0.815868  |2.29688   |0.729416  |2.31641   |0.768001  |2.29688   |0.551225  |0.386719  |2.5377    |0.973188              |
|------------------------------------------------------------------------------------------------------------------------------------------------------------------------------------------------------|
|144       |59        |1746      |13.0794   |0.691406  |0.216134  |1.38281   |0.231194  |1.38281   |0.206226  |1.40234   |0.219702  |1.38281   |0.158599  |0.234375  |0.709     |0.585899              |
|------------------------------------------------------------------------------------------------------------------------------------------------------------------------------------------------------|
|145       |87        |6101      |68.4099   |1.01953   |0.858035  |2.03906   |0.966546  |2.03906   |0.920615  |2.05859   |0.877417  |2.03906   |0.629815  |0.34375   |2.95851   |0.863952              |
|------------------------------------------------------------------------------------------------------------------------------------------------------------------------------------------------------|
|146       |95        |1343      |23.3177   |1.11328   |0.256558  |2.22656   |0.255156  |2.22656   |0.207656  |2.24609   |0.242598  |2.22656   |0.160581  |0.375     |0.687515  |0.943396              |
|------------------------------------------------------------------------------------------------------------------------------------------------------------------------------------------------------|
|147       |56        |633       |5.36543   |0.65625   |0.093761  |1.3125    |0.128593  |1.3125    |0.089874  |1.33203   |0.10166   |1.3125    |0.07744   |0.222656  |0.345098  |0.556107              |
|------------------------------------------------------------------------------------------------------------------------------------------------------------------------------------------------------|
|148       |77        |5477      |48.4414   |0.902344  |0.702628  |1.80469   |0.816798  |1.80469   |1.10346   |1.82422   |0.70447   |1.80469   |0.514986  |0.304688  |2.74293   |0.764647              |
|------------------------------------------------------------------------------------------------------------------------------------------------------------------------------------------------------|
|149       |99        |5229      |73.2468   |1.16016   |0.894849  |2.32031   |1.67888   |2.32031   |1.37621   |2.33984   |0.686448  |2.32031   |0.482128  |0.390625  |2.11719   |0.983118              |
|------------------------------------------------------------------------------------------------------------------------------------------------------------------------------------------------------|
|150       |580       |150451    |13351.2   |6.79688   |16.1594   |13.5938   |18.3989   |13.5938   |16.7187   |13.6133   |17.5067   |13.5938   |13.2103   |2.26953   |65.9982   |5.75968               |
|------------------------------------------------------------------------------------------------------------------------------------------------------------------------------------------------------|
|151       |571       |28659     |2608.72   |6.69141   |4.09984   |13.3828   |4.38702   |13.3828   |3.99771   |13.4023   |3.73455   |13.3828   |2.48614   |2.23438   |11.3473   |5.67031               |
|------------------------------------------------------------------------------------------------------------------------------------------------------------------------------------------------------|
|152       |507       |52262     |3725.15   |5.94141   |5.95149   |11.8828   |6.46557   |11.8828   |6.82647   |11.9023   |6.13374   |11.8828   |4.48604   |1.98438   |22.4238   |5.03476               |
|------------------------------------------------------------------------------------------------------------------------------------------------------------------------------------------------------|
|153       |913       |47822     |8342.73   |10.6992   |7.87229   |21.3984   |10.4561   |21.3984   |9.25689   |21.418    |7.68763   |21.3984   |5.34804   |3.57031   |25.3722   |9.06653               |
|------------------------------------------------------------------------------------------------------------------------------------------------------------------------------------------------------|
|154       |776       |399396    |44494.7   |9.09375   |52.7872   |18.1875   |94.2326   |18.1875   |67.4084   |18.207    |66.2113   |18.1875   |38.8078   |3.03516   |195.616   |7.70606               |
|------------------------------------------------------------------------------------------------------------------------------------------------------------------------------------------------------|
|155       |926       |385549    |62459.6   |10.8516   |73.3804   |21.7031   |66.8123   |21.7031   |54.7291   |21.7227   |54.5579   |21.7031   |40.3301   |3.62109   |180.343   |9.19563               |
|------------------------------------------------------------------------------------------------------------------------------------------------------------------------------------------------------|
|156       |765       |174116    |23566     |8.96484   |47.4085   |17.9297   |78.814    |17.9297   |51.2065   |17.9492   |55.486    |17.9297   |37.3242   |2.99219   |174.771   |7.59682               |
|------------------------------------------------------------------------------------------------------------------------------------------------------------------------------------------------------|
|157       |700       |370236    |40131     |8.20312   |57.099    |16.4062   |60.2876   |16.4062   |53.874    |16.4258   |52.7391   |16.4062   |40.268    |2.73828   |185.769   |6.95134               |
|------------------------------------------------------------------------------------------------------------------------------------------------------------------------------------------------------|
|158       |811       |53354     |8394.84   |9.50391   |9.94481   |19.0078   |14.1328   |19.0078   |7.97528   |19.0273   |8.60999   |19.0078   |5.8063    |3.17188   |28.3593   |8.05362               |
|------------------------------------------------------------------------------------------------------------------------------------------------------------------------------------------------------|
|159       |558       |4457      |463.671   |6.53906   |0.960794  |13.0781   |0.993117  |13.0781   |0.954929  |13.0977   |2.10985   |13.0781   |1.66874   |2.18359   |4.23275   |5.54121               |
|------------------------------------------------------------------------------------------------------------------------------------------------------------------------------------------------------|
