This log is created with the input_v2 directory
--------------------------------------------------------------------------------------------------------------------------------------------------------------------------------------------------------
|Result Table                                                                                                                                                                                          |
--------------------------------------------------------------------------------------------------------------------------------------------------------------------------------------------------------
|id        |Vertex    |Edge      |Tj T      |Tj S      |N_0 T     |N_0 S     |N_1 T     |N_1 S     |N_2 T     |N_2 S     |P_0 T     |P_0 S     |P_1 T     |P_1 S     |P_2 T     |P_2 S                 |
--------------------------------------------------------------------------------------------------------------------------------------------------------------------------------------------------------
|0         |19        |286       |0.963758  |0.222656  |0.054319  |0.445312  |0.050706  |0.445312  |0.043885  |0.464844  |0.05295   |0.445312  |0.033443  |0.078125  |0.150616  |0.188679              |
|------------------------------------------------------------------------------------------------------------------------------------------------------------------------------------------------------|
|1         |41        |533       |6.45637   |0.480469  |0.19269   |0.960938  |0.175334  |0.960938  |0.182813  |0.980469  |0.123853  |0.960938  |0.063061  |0.164062  |0.363269  |0.40715               |
|------------------------------------------------------------------------------------------------------------------------------------------------------------------------------------------------------|
|2         |38        |81        |0.92161   |0.445312  |0.088828  |0.890625  |0.063986  |0.890625  |0.066695  |0.910156  |0.067373  |0.890625  |0.047741  |0.152344  |0.134527  |0.377358              |
|------------------------------------------------------------------------------------------------------------------------------------------------------------------------------------------------------|
|3         |9         |14        |0.080379  |0.105469  |0.013512  |0.210938  |0.01213   |0.210938  |0.011531  |0.230469  |0.013956  |0.210938  |0.0078    |0.0390625 |0.037301  |0.0893744             |
|------------------------------------------------------------------------------------------------------------------------------------------------------------------------------------------------------|
|4         |12        |8         |0.200035  |0.140625  |0.016432  |0.28125   |0.010899  |0.28125   |0.013705  |0.300781  |0.014161  |0.28125   |0.008171  |0.0507812 |0.035224  |0.119166              |
|------------------------------------------------------------------------------------------------------------------------------------------------------------------------------------------------------|
|5         |38        |1176      |7.3449    |0.445312  |0.241026  |0.890625  |0.228099  |0.890625  |0.264127  |0.910156  |1.35277   |0.890625  |0.228348  |0.152344  |0.735543  |0.377358              |
|------------------------------------------------------------------------------------------------------------------------------------------------------------------------------------------------------|
|6         |19        |17        |0.071134  |0.222656  |0.020792  |0.445312  |0.014976  |0.445312  |0.01611   |0.464844  |0.020198  |0.445312  |0.012561  |0.078125  |0.055553  |0.188679              |
|------------------------------------------------------------------------------------------------------------------------------------------------------------------------------------------------------|
|7         |20        |179       |0.755469  |0.234375  |0.071912  |0.46875   |0.083174  |0.46875   |0.066924  |0.488281  |0.090239  |0.46875   |0.053633  |0.0820312 |0.154412  |0.19861               |
|------------------------------------------------------------------------------------------------------------------------------------------------------------------------------------------------------|
|8         |11        |97        |0.321222  |0.128906  |0.030725  |0.257812  |0.029159  |0.257812  |0.02417   |0.277344  |0.032523  |0.257812  |0.018199  |0.046875  |0.070897  |0.109235              |
|------------------------------------------------------------------------------------------------------------------------------------------------------------------------------------------------------|
|9         |28        |114       |1.22927   |0.328125  |0.182641  |0.65625   |0.158499  |0.65625   |0.070368  |0.675781  |0.077924  |0.65625   |0.025681  |0.113281  |0.096909  |0.278054              |
|------------------------------------------------------------------------------------------------------------------------------------------------------------------------------------------------------|
|10        |11        |76        |0.444211  |0.128906  |0.054498  |0.257812  |0.051197  |0.257812  |0.044222  |0.277344  |0.062737  |0.257812  |0.030129  |0.046875  |0.098772  |0.109235              |
|------------------------------------------------------------------------------------------------------------------------------------------------------------------------------------------------------|
|11        |45        |66        |0.361945  |0.527344  |0.064237  |1.05469   |0.057194  |1.05469   |0.059783  |1.07422   |0.090426  |1.05469   |0.063439  |0.179688  |0.149241  |0.446872              |
|------------------------------------------------------------------------------------------------------------------------------------------------------------------------------------------------------|
|12        |25        |298       |5.65287   |0.292969  |0.13895   |0.585938  |0.108533  |0.585938  |0.106431  |0.605469  |0.167721  |0.585938  |0.069729  |0.101562  |0.30702   |0.248262              |
|------------------------------------------------------------------------------------------------------------------------------------------------------------------------------------------------------|
|13        |44        |1390      |12.4537   |0.515625  |0.4015    |1.03125   |0.249443  |1.03125   |0.473565  |1.05078   |0.755982  |1.03125   |0.209513  |0.175781  |0.920389  |0.436941              |
|------------------------------------------------------------------------------------------------------------------------------------------------------------------------------------------------------|
|14        |29        |658       |2.89999   |0.339844  |0.100739  |0.679688  |0.09552   |0.679688  |0.08506   |0.699219  |0.168952  |0.679688  |0.114199  |0.117188  |0.426264  |0.287984              |
|------------------------------------------------------------------------------------------------------------------------------------------------------------------------------------------------------|
|15        |39        |75        |0.993328  |0.457031  |0.061504  |0.914062  |0.048458  |0.914062  |0.064503  |0.933594  |0.066911  |0.914062  |0.050014  |0.15625   |0.149265  |0.387289              |
|------------------------------------------------------------------------------------------------------------------------------------------------------------------------------------------------------|
|16        |6         |7         |0.019252  |0.0703125 |0.005279  |0.140625  |0.004257  |0.140625  |0.004669  |0.160156  |0.005085  |0.140625  |0.003737  |0.0273438 |0.011494  |0.0595829             |
|------------------------------------------------------------------------------------------------------------------------------------------------------------------------------------------------------|
|17        |25        |16        |0.083806  |0.292969  |0.022046  |0.585938  |0.016981  |0.585938  |0.01845   |0.605469  |0.015508  |0.585938  |0.009163  |0.101562  |0.033619  |0.248262              |
|------------------------------------------------------------------------------------------------------------------------------------------------------------------------------------------------------|
|18        |30        |384       |3.04437   |0.351562  |0.138561  |0.703125  |0.131548  |0.703125  |0.12849   |0.722656  |0.110443  |0.703125  |0.071397  |0.121094  |0.266008  |0.297915              |
|------------------------------------------------------------------------------------------------------------------------------------------------------------------------------------------------------|
|19        |17        |219       |0.815717  |0.199219  |0.058022  |0.398438  |0.063869  |0.398438  |0.054279  |0.417969  |0.040768  |0.398438  |0.027891  |0.0703125 |0.182663  |0.168818              |
|------------------------------------------------------------------------------------------------------------------------------------------------------------------------------------------------------|
|20        |20        |70        |0.486956  |0.234375  |0.025485  |0.46875   |0.027064  |0.46875   |0.023303  |0.488281  |0.028201  |0.46875   |0.017334  |0.0820312 |0.066346  |0.19861               |
|------------------------------------------------------------------------------------------------------------------------------------------------------------------------------------------------------|
|21        |14        |73        |0.226553  |0.164062  |0.01909   |0.328125  |0.019734  |0.328125  |0.015906  |0.347656  |0.021051  |0.328125  |0.014967  |0.0585938 |0.052294  |0.139027              |
|------------------------------------------------------------------------------------------------------------------------------------------------------------------------------------------------------|
|22        |32        |499       |3.57929   |0.375     |0.084202  |0.75      |0.081283  |0.75      |0.073436  |0.769531  |0.077517  |0.75      |0.054129  |0.128906  |0.220598  |0.317776              |
|------------------------------------------------------------------------------------------------------------------------------------------------------------------------------------------------------|
|23        |40        |0         |0.024025  |0.46875   |0.022065  |0.9375    |0.018325  |0.9375    |0.017997  |0.957031  |0.016404  |0.9375    |0.011935  |0.160156  |0.022438  |0.397219              |
|------------------------------------------------------------------------------------------------------------------------------------------------------------------------------------------------------|
|24        |42        |1645      |11.1515   |0.492188  |0.199369  |0.984375  |0.212358  |0.984375  |0.189221  |1.00391   |0.202538  |0.984375  |0.149867  |0.167969  |0.753158  |0.41708               |
|------------------------------------------------------------------------------------------------------------------------------------------------------------------------------------------------------|
|25        |6         |26        |0.040912  |0.0703125 |0.007554  |0.140625  |0.007271  |0.140625  |0.005548  |0.160156  |0.007686  |0.140625  |0.005584  |0.0273438 |0.01883   |0.0595829             |
|------------------------------------------------------------------------------------------------------------------------------------------------------------------------------------------------------|
|26        |37        |576       |2.91741   |0.433594  |0.077322  |0.867188  |0.084446  |0.867188  |0.074061  |0.886719  |0.10027   |0.867188  |0.067643  |0.148438  |0.40362   |0.367428              |
|------------------------------------------------------------------------------------------------------------------------------------------------------------------------------------------------------|
|27        |41        |38        |0.146903  |0.480469  |0.041309  |0.960938  |0.043637  |0.960938  |0.042156  |0.980469  |0.064335  |0.960938  |0.029367  |0.164062  |0.108072  |0.40715               |
|------------------------------------------------------------------------------------------------------------------------------------------------------------------------------------------------------|
|28        |45        |324       |2.21193   |0.527344  |0.058163  |1.05469   |0.060086  |1.05469   |0.053041  |1.07422   |0.061203  |1.05469   |0.043781  |0.179688  |0.165627  |0.446872              |
|------------------------------------------------------------------------------------------------------------------------------------------------------------------------------------------------------|
|29        |42        |886       |5.14852   |0.492188  |0.116144  |0.984375  |0.121914  |0.984375  |0.107986  |1.00391   |0.152187  |0.984375  |0.103065  |0.167969  |0.441943  |0.41708               |
|------------------------------------------------------------------------------------------------------------------------------------------------------------------------------------------------------|
|30        |13        |2         |0.008238  |0.152344  |0.00673   |0.304688  |0.004404  |0.304688  |0.004703  |0.324219  |0.005255  |0.304688  |0.003487  |0.0546875 |0.011012  |0.129096              |
|------------------------------------------------------------------------------------------------------------------------------------------------------------------------------------------------------|
|31        |38        |718       |4.04601   |0.445312  |0.096047  |0.890625  |0.102589  |0.890625  |0.090768  |0.910156  |0.104846  |0.890625  |0.072739  |0.152344  |0.304967  |0.377358              |
|------------------------------------------------------------------------------------------------------------------------------------------------------------------------------------------------------|
|32        |26        |71        |0.330279  |0.304688  |0.021001  |0.609375  |0.020802  |0.609375  |0.018178  |0.628906  |0.022344  |0.609375  |0.016958  |0.105469  |0.052741  |0.258193              |
|------------------------------------------------------------------------------------------------------------------------------------------------------------------------------------------------------|
|33        |7         |8         |0.05781   |0.0820312 |0.005746  |0.164062  |0.004539  |0.164062  |0.00484   |0.183594  |0.00511   |0.164062  |0.003621  |0.03125   |0.011884  |0.0695134             |
|------------------------------------------------------------------------------------------------------------------------------------------------------------------------------------------------------|
|34        |41        |1422      |6.59419   |0.480469  |0.165477  |0.960938  |0.184876  |0.960938  |0.276654  |0.980469  |0.198862  |0.960938  |0.225877  |0.164062  |0.615424  |0.40715               |
|------------------------------------------------------------------------------------------------------------------------------------------------------------------------------------------------------|
|35        |20        |272       |0.767719  |0.234375  |0.038978  |0.46875   |0.042258  |0.46875   |0.036085  |0.488281  |0.041682  |0.46875   |0.030499  |0.0820312 |0.128266  |0.19861               |
|------------------------------------------------------------------------------------------------------------------------------------------------------------------------------------------------------|
|36        |31        |240       |1.02738   |0.363281  |0.042635  |0.726562  |0.067799  |0.726562  |0.078337  |0.746094  |0.043308  |0.726562  |0.031514  |0.125     |0.119857  |0.307845              |
|------------------------------------------------------------------------------------------------------------------------------------------------------------------------------------------------------|
|37        |48        |1161      |6.91134   |0.5625    |0.1475    |1.125     |0.157241  |1.125     |0.139799  |1.14453   |0.174772  |1.125     |0.157873  |0.191406  |0.53135   |0.476663              |
|------------------------------------------------------------------------------------------------------------------------------------------------------------------------------------------------------|
|38        |44        |415       |2.71112   |0.515625  |0.064276  |1.03125   |0.068311  |1.03125   |0.060648  |1.05078   |0.073547  |1.03125   |0.050924  |0.175781  |0.210753  |0.436941              |
|------------------------------------------------------------------------------------------------------------------------------------------------------------------------------------------------------|
|39        |25        |406       |2.33853   |0.292969  |0.0915    |0.585938  |0.075937  |0.585938  |0.06691   |0.605469  |0.188247  |0.585938  |0.089777  |0.101562  |0.184356  |0.248262              |
|------------------------------------------------------------------------------------------------------------------------------------------------------------------------------------------------------|
|40        |8         |9         |0.038586  |0.09375   |0.009853  |0.1875    |0.007822  |0.1875    |0.0088    |0.207031  |0.009649  |0.1875    |0.005956  |0.0351562 |0.021332  |0.0794439             |
|------------------------------------------------------------------------------------------------------------------------------------------------------------------------------------------------------|
|41        |40        |376       |3.07071   |0.46875   |0.061117  |0.9375    |0.062728  |0.9375    |0.054789  |0.957031  |0.063381  |0.9375    |0.04643   |0.160156  |0.180608  |0.397219              |
|------------------------------------------------------------------------------------------------------------------------------------------------------------------------------------------------------|
|42        |39        |138       |0.789712  |0.457031  |0.040389  |0.914062  |0.039713  |0.914062  |0.036586  |0.933594  |0.036291  |0.914062  |0.026767  |0.15625   |0.089471  |0.387289              |
|------------------------------------------------------------------------------------------------------------------------------------------------------------------------------------------------------|
|43        |23        |287       |1.5258    |0.269531  |0.053902  |0.539062  |0.053834  |0.539062  |0.046358  |0.558594  |0.052356  |0.539062  |0.03689   |0.09375   |0.147338  |0.228401              |
|------------------------------------------------------------------------------------------------------------------------------------------------------------------------------------------------------|
|44        |28        |212       |1.15931   |0.328125  |0.038255  |0.65625   |0.038106  |0.65625   |0.033798  |0.675781  |0.039423  |0.65625   |0.029099  |0.113281  |0.108318  |0.278054              |
|------------------------------------------------------------------------------------------------------------------------------------------------------------------------------------------------------|
|45        |17        |195       |0.479948  |0.199219  |0.029865  |0.398438  |0.031693  |0.398438  |0.027558  |0.417969  |0.032046  |0.398438  |0.022934  |0.0703125 |0.092888  |0.168818              |
|------------------------------------------------------------------------------------------------------------------------------------------------------------------------------------------------------|
|46        |11        |13        |0.025729  |0.128906  |0.007198  |0.257812  |0.005366  |0.257812  |0.005511  |0.277344  |0.006421  |0.257812  |0.004667  |0.046875  |0.014365  |0.109235              |
|------------------------------------------------------------------------------------------------------------------------------------------------------------------------------------------------------|
|47        |27        |133       |0.626433  |0.316406  |0.028166  |0.632812  |0.02861   |0.632812  |0.024356  |0.652344  |0.030085  |0.632812  |0.022342  |0.109375  |0.077734  |0.268123              |
|------------------------------------------------------------------------------------------------------------------------------------------------------------------------------------------------------|
|48        |37        |826       |4.05783   |0.433594  |0.117325  |0.867188  |0.179955  |0.867188  |0.112014  |0.886719  |0.122182  |0.867188  |0.088628  |0.148438  |0.422757  |0.367428              |
|------------------------------------------------------------------------------------------------------------------------------------------------------------------------------------------------------|
|49        |9         |51        |0.112436  |0.105469  |0.014106  |0.210938  |0.013607  |0.210938  |0.011076  |0.230469  |0.014486  |0.210938  |0.010608  |0.0390625 |0.038397  |0.0893744             |
|------------------------------------------------------------------------------------------------------------------------------------------------------------------------------------------------------|
|50        |258       |46868     |1298.76   |3.02344   |5.83047   |6.04688   |6.04887   |6.04688   |5.42407   |6.06641   |5.78454   |6.04688   |3.80582   |1.01172   |20.3576   |2.56207               |
|------------------------------------------------------------------------------------------------------------------------------------------------------------------------------------------------------|
|51        |384       |31311     |1804.25   |4.5       |3.67554   |9         |4.1196    |9         |3.52909   |9.01953   |3.76924   |9         |3.15489   |1.50391   |12.3349   |3.81331               |
|------------------------------------------------------------------------------------------------------------------------------------------------------------------------------------------------------|
|52        |187       |28750     |562.362   |2.19141   |4.08138   |4.38281   |3.99492   |4.38281   |4.09844   |4.40234   |3.7942    |4.38281   |2.40664   |0.734375  |12.1894   |1.857                 |
|------------------------------------------------------------------------------------------------------------------------------------------------------------------------------------------------------|
|53        |268       |13441     |626.272   |3.14062   |1.57177   |6.28125   |1.89383   |6.28125   |1.54245   |6.30078   |1.73066   |6.28125   |1.21878   |1.05078   |5.49705   |2.66137               |
|------------------------------------------------------------------------------------------------------------------------------------------------------------------------------------------------------|
|54        |463       |156475    |8527.86   |5.42578   |17.2037   |10.8516   |19.3141   |10.8516   |20.1861   |10.8711   |22.3153   |10.8516   |15.1058   |1.8125    |76.3312   |4.59782               |
|------------------------------------------------------------------------------------------------------------------------------------------------------------------------------------------------------|
|55        |347       |4181      |241.818   |4.06641   |2.15898   |8.13281   |1.93948   |8.13281   |0.924107  |8.15234   |2.10519   |8.13281   |0.91571   |1.35938   |2.90169   |3.44588               |
|------------------------------------------------------------------------------------------------------------------------------------------------------------------------------------------------------|
