This log is created with the input directory
--------------------------------------------------------------------------------------------------------------------------------------------------------------------------------------------------------
|Result Table                                                                                                                                                                                          |
--------------------------------------------------------------------------------------------------------------------------------------------------------------------------------------------------------
|id        |Vertex    |Edge      |Tj T      |Tj S      |N_0 T     |N_0 S     |N_1 T     |N_1 S     |N_2 T     |N_2 S     |P_0 T     |P_0 S     |P_1 T     |P_1 S     |P_2 T     |P_2 S                 |
--------------------------------------------------------------------------------------------------------------------------------------------------------------------------------------------------------
|0         |34        |51        |0.412837  |0.398438  |0.054855  |0.796875  |0.056274  |0.796875  |0.049301  |0.816406  |0.060688  |0.796875  |0.042985  |0.136719  |0.133211  |0.337637              |
|------------------------------------------------------------------------------------------------------------------------------------------------------------------------------------------------------|
|1         |30        |732       |6.59596   |0.351562  |0.1596    |0.703125  |0.168539  |0.703125  |0.150818  |0.722656  |0.22936   |0.703125  |0.128551  |0.121094  |1.2154    |0.297915              |
|------------------------------------------------------------------------------------------------------------------------------------------------------------------------------------------------------|
|2         |36        |962       |19.6187   |0.421875  |0.406241  |0.84375   |0.369623  |0.84375   |0.270896  |0.863281  |1.11893   |0.84375   |0.28645   |0.144531  |0.724488  |0.357498              |
|------------------------------------------------------------------------------------------------------------------------------------------------------------------------------------------------------|
|3         |36        |561       |3.90008   |0.421875  |0.227841  |0.84375   |0.201753  |0.84375   |0.158537  |0.863281  |2.05528   |0.84375   |0.228188  |0.144531  |0.753953  |0.357498              |
|------------------------------------------------------------------------------------------------------------------------------------------------------------------------------------------------------|
|4         |6         |10        |0.08682   |0.0703125 |0.018273  |0.140625  |0.014491  |0.140625  |0.01547   |0.160156  |0.024727  |0.140625  |0.01267   |0.0273438 |0.052197  |0.0595829             |
|------------------------------------------------------------------------------------------------------------------------------------------------------------------------------------------------------|
|5         |25        |16        |0.146713  |0.292969  |0.040376  |0.585938  |0.02058   |0.585938  |0.022195  |0.605469  |0.021377  |0.585938  |0.014433  |0.101562  |0.060247  |0.248262              |
|------------------------------------------------------------------------------------------------------------------------------------------------------------------------------------------------------|
|6         |9         |44        |0.207208  |0.105469  |0.041998  |0.210938  |0.028446  |0.210938  |0.023612  |0.230469  |0.030572  |0.210938  |0.01998   |0.0390625 |0.091043  |0.0893744             |
|------------------------------------------------------------------------------------------------------------------------------------------------------------------------------------------------------|
|7         |37        |274       |3.91702   |0.433594  |0.185666  |0.867188  |0.175754  |0.867188  |0.127628  |0.886719  |0.148715  |0.867188  |0.079342  |0.148438  |0.296144  |0.367428              |
|------------------------------------------------------------------------------------------------------------------------------------------------------------------------------------------------------|
|8         |13        |22        |0.087497  |0.152344  |0.042922  |0.304688  |0.024598  |0.304688  |0.027624  |0.324219  |0.0434    |0.304688  |0.015953  |0.0546875 |0.062794  |0.129096              |
|------------------------------------------------------------------------------------------------------------------------------------------------------------------------------------------------------|
|9         |43        |849       |9.77399   |0.503906  |0.324807  |1.00781   |0.26524   |1.00781   |0.239069  |1.02734   |0.348788  |1.00781   |0.194621  |0.171875  |0.773609  |0.427011              |
|------------------------------------------------------------------------------------------------------------------------------------------------------------------------------------------------------|
|10        |9         |16        |0.061718  |0.105469  |0.014471  |0.210938  |0.011823  |0.210938  |0.011601  |0.230469  |0.027515  |0.210938  |0.01416   |0.0390625 |0.057199  |0.0893744             |
|------------------------------------------------------------------------------------------------------------------------------------------------------------------------------------------------------|
|11        |9         |1         |0.035289  |0.105469  |0.015075  |0.210938  |0.009319  |0.210938  |0.008895  |0.230469  |0.01268   |0.210938  |0.120448  |0.0390625 |0.032498  |0.0893744             |
|------------------------------------------------------------------------------------------------------------------------------------------------------------------------------------------------------|
|12        |16        |153       |0.710804  |0.1875    |0.063171  |0.375     |0.053251  |0.375     |0.044828  |0.394531  |0.058976  |0.375     |0.045328  |0.0664062 |0.174682  |0.158888              |
|------------------------------------------------------------------------------------------------------------------------------------------------------------------------------------------------------|
|13        |33        |37        |0.153413  |0.386719  |0.031302  |0.773438  |0.025059  |0.773438  |0.026598  |0.792969  |0.031906  |0.773438  |0.019903  |0.132812  |0.07285   |0.327706              |
|------------------------------------------------------------------------------------------------------------------------------------------------------------------------------------------------------|
|14        |34        |1056      |9.68777   |0.398438  |0.462933  |0.796875  |0.352418  |0.796875  |0.285275  |0.816406  |0.232757  |0.796875  |0.151861  |0.136719  |0.910505  |0.337637              |
|------------------------------------------------------------------------------------------------------------------------------------------------------------------------------------------------------|
|15        |46        |53        |0.214588  |0.539062  |0.041458  |1.07812   |0.039402  |1.07812   |0.037913  |1.09766   |0.042545  |1.07812   |0.033083  |0.183594  |0.093151  |0.456802              |
|------------------------------------------------------------------------------------------------------------------------------------------------------------------------------------------------------|
|16        |9         |37        |0.322323  |0.105469  |0.02016   |0.210938  |0.014972  |0.210938  |0.013752  |0.230469  |0.019825  |0.210938  |0.015718  |0.0390625 |0.055245  |0.0893744             |
|------------------------------------------------------------------------------------------------------------------------------------------------------------------------------------------------------|
|17        |45        |1825      |10.7635   |0.527344  |0.297672  |1.05469   |0.32796   |1.05469   |0.293029  |1.07422   |0.520337  |1.05469   |0.374169  |0.179688  |3.25685   |0.446872              |
|------------------------------------------------------------------------------------------------------------------------------------------------------------------------------------------------------|
|18        |35        |52        |0.42472   |0.410156  |0.047903  |0.820312  |0.045874  |0.820312  |0.053366  |0.839844  |0.048038  |0.820312  |0.037117  |0.140625  |0.078177  |0.347567              |
|------------------------------------------------------------------------------------------------------------------------------------------------------------------------------------------------------|
|19        |26        |458       |2.24116   |0.304688  |0.146391  |0.609375  |0.180367  |0.609375  |0.170862  |0.628906  |0.160034  |0.609375  |0.080132  |0.105469  |0.282157  |0.258193              |
|------------------------------------------------------------------------------------------------------------------------------------------------------------------------------------------------------|
|20        |43        |1546      |12.1482   |0.503906  |0.241767  |1.00781   |0.259287  |1.00781   |0.231643  |1.02734   |0.392607  |1.00781   |0.171852  |0.171875  |0.769591  |0.427011              |
|------------------------------------------------------------------------------------------------------------------------------------------------------------------------------------------------------|
|21        |29        |200       |1.05496   |0.339844  |0.072346  |0.679688  |0.053574  |0.679688  |0.039746  |0.699219  |0.047348  |0.679688  |0.034585  |0.117188  |0.128238  |0.287984              |
|------------------------------------------------------------------------------------------------------------------------------------------------------------------------------------------------------|
|22        |34        |481       |3.437     |0.398438  |0.078731  |0.796875  |0.085674  |0.796875  |0.074384  |0.816406  |0.085036  |0.796875  |0.061147  |0.136719  |0.255005  |0.337637              |
|------------------------------------------------------------------------------------------------------------------------------------------------------------------------------------------------------|
|23        |19        |91        |0.315176  |0.222656  |0.024186  |0.445312  |0.023949  |0.445312  |0.020921  |0.464844  |0.025851  |0.445312  |0.019243  |0.078125  |0.064934  |0.188679              |
|------------------------------------------------------------------------------------------------------------------------------------------------------------------------------------------------------|
|24        |21        |346       |1.38926   |0.246094  |0.057284  |0.492188  |0.061657  |0.492188  |0.053397  |0.511719  |0.060646  |0.492188  |0.043188  |0.0859375 |0.18275   |0.20854               |
|------------------------------------------------------------------------------------------------------------------------------------------------------------------------------------------------------|
|25        |41        |135       |1.00399   |0.480469  |0.039285  |0.960938  |0.040787  |0.960938  |0.037443  |0.980469  |0.043717  |0.960938  |0.031604  |0.164062  |0.107628  |0.40715               |
|------------------------------------------------------------------------------------------------------------------------------------------------------------------------------------------------------|
|26        |8         |43        |0.080529  |0.09375   |0.011897  |0.1875    |0.011757  |0.1875    |0.009323  |0.207031  |0.012578  |0.1875    |0.009177  |0.0351562 |0.031053  |0.0794439             |
|------------------------------------------------------------------------------------------------------------------------------------------------------------------------------------------------------|
|27        |31        |222       |1.06423   |0.363281  |0.045077  |0.726562  |0.047377  |0.726562  |0.041023  |0.746094  |0.048664  |0.726562  |0.035517  |0.125     |0.134849  |0.307845              |
|------------------------------------------------------------------------------------------------------------------------------------------------------------------------------------------------------|
|28        |42        |288       |2.05858   |0.492188  |0.067382  |0.984375  |0.070025  |0.984375  |0.062439  |1.00391   |0.076249  |0.984375  |0.05646   |0.167969  |0.20788   |0.41708               |
|------------------------------------------------------------------------------------------------------------------------------------------------------------------------------------------------------|
|29        |25        |59        |0.277237  |0.292969  |0.026725  |0.585938  |0.026849  |0.585938  |0.023498  |0.605469  |0.0288    |0.585938  |0.02118   |0.101562  |0.066877  |0.248262              |
|------------------------------------------------------------------------------------------------------------------------------------------------------------------------------------------------------|
|30        |40        |200       |1.96157   |0.46875   |0.059439  |0.9375    |0.060808  |0.9375    |0.052712  |0.957031  |0.064146  |0.9375    |0.047323  |0.160156  |0.1675    |0.397219              |
|------------------------------------------------------------------------------------------------------------------------------------------------------------------------------------------------------|
|31        |20        |316       |1.19571   |0.234375  |0.06391   |0.46875   |0.069521  |0.46875   |0.059885  |0.488281  |0.068472  |0.46875   |0.049858  |0.0820312 |0.206692  |0.19861               |
|------------------------------------------------------------------------------------------------------------------------------------------------------------------------------------------------------|
|32        |29        |624       |3.90532   |0.339844  |0.121596  |0.679688  |0.132801  |0.679688  |0.11771   |0.699219  |0.133316  |0.679688  |0.104208  |0.117188  |0.634793  |0.287984              |
|------------------------------------------------------------------------------------------------------------------------------------------------------------------------------------------------------|
|33        |12        |3         |0.050637  |0.140625  |0.014897  |0.28125   |0.009674  |0.28125   |0.009995  |0.300781  |0.012216  |0.28125   |0.00828   |0.0507812 |0.022061  |0.119166              |
|------------------------------------------------------------------------------------------------------------------------------------------------------------------------------------------------------|
|34        |10        |59        |0.286452  |0.117188  |0.034964  |0.234375  |0.03708   |0.234375  |0.029916  |0.253906  |0.038148  |0.234375  |0.029139  |0.0429688 |0.095927  |0.0993049             |
|------------------------------------------------------------------------------------------------------------------------------------------------------------------------------------------------------|
|35        |31        |0         |0.017731  |0.363281  |0.017356  |0.726562  |0.013348  |0.726562  |0.014436  |0.746094  |0.028325  |0.726562  |0.015027  |0.125     |0.026907  |0.307845              |
|------------------------------------------------------------------------------------------------------------------------------------------------------------------------------------------------------|
|36        |40        |544       |5.40379   |0.46875   |0.184042  |0.9375    |0.195966  |0.9375    |0.176457  |0.957031  |0.428452  |0.9375    |0.175392  |0.160156  |0.63685   |0.397219              |
|------------------------------------------------------------------------------------------------------------------------------------------------------------------------------------------------------|
|37        |26        |213       |2.38941   |0.304688  |0.11089   |0.609375  |0.098898  |0.609375  |0.089207  |0.628906  |0.111563  |0.609375  |0.066525  |0.105469  |0.250531  |0.258193              |
|------------------------------------------------------------------------------------------------------------------------------------------------------------------------------------------------------|
|38        |26        |435       |2.05046   |0.304688  |0.119533  |0.609375  |0.136234  |0.609375  |0.083823  |0.628906  |0.080153  |0.609375  |0.058093  |0.105469  |0.247523  |0.258193              |
|------------------------------------------------------------------------------------------------------------------------------------------------------------------------------------------------------|
|39        |27        |141       |1.24811   |0.316406  |0.058149  |0.632812  |0.061284  |0.632812  |0.053853  |0.652344  |0.063724  |0.632812  |0.047853  |0.109375  |0.160156  |0.268123              |
|------------------------------------------------------------------------------------------------------------------------------------------------------------------------------------------------------|
|40        |24        |414       |2.99526   |0.28125   |0.104482  |0.5625    |0.083268  |0.5625    |0.076837  |0.582031  |0.075108  |0.5625    |0.053373  |0.0976562 |0.224014  |0.238332              |
|------------------------------------------------------------------------------------------------------------------------------------------------------------------------------------------------------|
|41        |8         |44        |0.088793  |0.09375   |0.012464  |0.1875    |0.01232   |0.1875    |0.009843  |0.207031  |0.013365  |0.1875    |0.009731  |0.0351562 |0.032898  |0.0794439             |
|------------------------------------------------------------------------------------------------------------------------------------------------------------------------------------------------------|
|42        |34        |47        |0.14558   |0.398438  |0.023812  |0.796875  |0.021347  |0.796875  |0.021304  |0.816406  |0.023569  |0.796875  |0.017629  |0.136719  |0.054354  |0.337637              |
|------------------------------------------------------------------------------------------------------------------------------------------------------------------------------------------------------|
|43        |42        |1006      |8.52552   |0.492188  |0.158774  |0.984375  |0.170164  |0.984375  |0.150049  |1.00391   |0.295491  |0.984375  |0.23046   |0.167969  |0.824768  |0.41708               |
|------------------------------------------------------------------------------------------------------------------------------------------------------------------------------------------------------|
|44        |26        |34        |0.090393  |0.304688  |0.020593  |0.609375  |0.019257  |0.609375  |0.017966  |0.628906  |0.021027  |0.609375  |0.016123  |0.105469  |0.045405  |0.258193              |
|------------------------------------------------------------------------------------------------------------------------------------------------------------------------------------------------------|
|45        |49        |1614      |13.7698   |0.574219  |0.266443  |1.14844   |0.29559   |1.14844   |0.262888  |1.16797   |0.297635  |1.14844   |0.213376  |0.195312  |0.977678  |0.486594              |
|------------------------------------------------------------------------------------------------------------------------------------------------------------------------------------------------------|
|46        |20        |19        |0.050217  |0.234375  |0.016323  |0.46875   |0.013343  |0.46875   |0.013755  |0.488281  |0.015391  |0.46875   |0.010929  |0.0820312 |0.034059  |0.19861               |
|------------------------------------------------------------------------------------------------------------------------------------------------------------------------------------------------------|
|47        |39        |599       |5.12726   |0.457031  |0.211321  |0.914062  |0.229201  |0.914062  |0.202294  |0.933594  |0.204734  |0.914062  |0.092821  |0.15625   |0.380109  |0.387289              |
|------------------------------------------------------------------------------------------------------------------------------------------------------------------------------------------------------|
|48        |5         |4         |0.013867  |0.0585938 |0.005509  |0.117188  |0.004434  |0.117188  |0.004663  |0.136719  |0.00484   |0.117188  |0.003251  |0.0234375 |0.008776  |0.0496524             |
|------------------------------------------------------------------------------------------------------------------------------------------------------------------------------------------------------|
|49        |6         |0         |0.004215  |0.0703125 |0.003862  |0.140625  |0.002679  |0.140625  |0.0028    |0.160156  |0.003288  |0.140625  |0.002137  |0.0273438 |0.004955  |0.0595829             |
|------------------------------------------------------------------------------------------------------------------------------------------------------------------------------------------------------|
|50        |26        |358       |1.72453   |0.304688  |0.06791   |0.609375  |0.072633  |0.609375  |0.063333  |0.628906  |0.07228   |0.609375  |0.052343  |0.105469  |0.216709  |0.258193              |
|------------------------------------------------------------------------------------------------------------------------------------------------------------------------------------------------------|
|51        |45        |723       |12.4657   |0.527344  |0.258114  |1.05469   |0.308232  |1.05469   |0.203629  |1.07422   |0.131487  |1.05469   |0.091683  |0.179688  |0.390592  |0.446872              |
|------------------------------------------------------------------------------------------------------------------------------------------------------------------------------------------------------|
|52        |9         |29        |0.078669  |0.105469  |0.011363  |0.210938  |0.01088   |0.210938  |0.007921  |0.230469  |0.011229  |0.210938  |0.008643  |0.0390625 |0.026709  |0.0893744             |
|------------------------------------------------------------------------------------------------------------------------------------------------------------------------------------------------------|
|53        |43        |1743      |10.9349   |0.503906  |0.247973  |1.00781   |0.294334  |1.00781   |0.442457  |1.02734   |0.262198  |1.00781   |0.181894  |0.171875  |0.824555  |0.427011              |
|------------------------------------------------------------------------------------------------------------------------------------------------------------------------------------------------------|
|54        |31        |55        |0.386999  |0.363281  |0.038312  |0.726562  |0.0391    |0.726562  |0.033995  |0.746094  |0.041392  |0.726562  |0.031941  |0.125     |0.089491  |0.307845              |
|------------------------------------------------------------------------------------------------------------------------------------------------------------------------------------------------------|
|55        |28        |612       |2.61757   |0.328125  |0.099262  |0.65625   |0.109546  |0.65625   |0.096365  |0.675781  |0.181797  |0.65625   |0.135712  |0.113281  |0.606994  |0.278054              |
|------------------------------------------------------------------------------------------------------------------------------------------------------------------------------------------------------|
|56        |12        |15        |0.061078  |0.140625  |0.020054  |0.28125   |0.034398  |0.28125   |0.015576  |0.300781  |0.02018   |0.28125   |0.015184  |0.0507812 |0.044866  |0.119166              |
|------------------------------------------------------------------------------------------------------------------------------------------------------------------------------------------------------|
|57        |40        |248       |2.74237   |0.46875   |0.075716  |0.9375    |0.078324  |0.9375    |0.069114  |0.957031  |0.080832  |0.9375    |0.059154  |0.160156  |0.215848  |0.397219              |
|------------------------------------------------------------------------------------------------------------------------------------------------------------------------------------------------------|
|58        |20        |48        |0.26804   |0.234375  |0.02529   |0.46875   |0.024746  |0.46875   |0.020456  |0.488281  |0.02672   |0.46875   |0.01977   |0.0820312 |0.059744  |0.19861               |
|------------------------------------------------------------------------------------------------------------------------------------------------------------------------------------------------------|
|59        |7         |10        |0.037022  |0.0820312 |0.009414  |0.164062  |0.006658  |0.164062  |0.00754   |0.183594  |0.017399  |0.164062  |0.00582   |0.03125   |0.020362  |0.0695134             |
|------------------------------------------------------------------------------------------------------------------------------------------------------------------------------------------------------|
|60        |8         |13        |0.048535  |0.09375   |0.010857  |0.1875    |0.009225  |0.1875    |0.008525  |0.207031  |0.010668  |0.1875    |0.007704  |0.0351562 |0.022417  |0.0794439             |
|------------------------------------------------------------------------------------------------------------------------------------------------------------------------------------------------------|
|61        |24        |172       |1.00545   |0.28125   |0.046974  |0.5625    |0.048486  |0.5625    |0.041846  |0.582031  |0.050546  |0.5625    |0.036674  |0.0976562 |0.13775   |0.238332              |
|------------------------------------------------------------------------------------------------------------------------------------------------------------------------------------------------------|
|62        |20        |226       |1.01266   |0.234375  |0.052408  |0.46875   |0.056118  |0.46875   |0.048484  |0.488281  |0.05684   |0.46875   |0.04151   |0.0820312 |0.164498  |0.19861               |
|------------------------------------------------------------------------------------------------------------------------------------------------------------------------------------------------------|
|63        |11        |73        |0.241278  |0.128906  |0.021301  |0.257812  |0.021943  |0.257812  |0.01767   |0.277344  |0.023094  |0.257812  |0.016894  |0.046875  |0.059802  |0.109235              |
|------------------------------------------------------------------------------------------------------------------------------------------------------------------------------------------------------|
|64        |40        |138       |1.08203   |0.46875   |0.050548  |0.9375    |0.050477  |0.9375    |0.044271  |0.957031  |0.053814  |0.9375    |0.039477  |0.160156  |0.133531  |0.397219              |
|------------------------------------------------------------------------------------------------------------------------------------------------------------------------------------------------------|
|65        |11        |89        |0.244389  |0.128906  |0.024039  |0.257812  |0.024877  |0.257812  |0.020014  |0.277344  |0.025431  |0.257812  |0.018469  |0.046875  |0.06888   |0.109235              |
|------------------------------------------------------------------------------------------------------------------------------------------------------------------------------------------------------|
|66        |30        |1         |0.017448  |0.351562  |0.016384  |0.703125  |0.012135  |0.703125  |0.012951  |0.722656  |0.014565  |0.703125  |0.009673  |0.121094  |0.020833  |0.297915              |
|------------------------------------------------------------------------------------------------------------------------------------------------------------------------------------------------------|
|67        |42        |1440      |9.91659   |0.492188  |0.360546  |0.984375  |0.447888  |0.984375  |0.390685  |1.00391   |0.43065   |0.984375  |0.329328  |0.167969  |1.37034   |0.41708               |
|------------------------------------------------------------------------------------------------------------------------------------------------------------------------------------------------------|
|68        |20        |13        |0.2437    |0.234375  |0.019692  |0.46875   |0.016102  |0.46875   |0.01689   |0.488281  |0.018032  |0.46875   |0.013295  |0.0820312 |0.038483  |0.19861               |
|------------------------------------------------------------------------------------------------------------------------------------------------------------------------------------------------------|
|69        |45        |1839      |14.0347   |0.527344  |0.383171  |1.05469   |0.31772   |1.05469   |0.303142  |1.07422   |0.314914  |1.05469   |0.226455  |0.179688  |1.02853   |0.446872              |
|------------------------------------------------------------------------------------------------------------------------------------------------------------------------------------------------------|
|70        |45        |664       |6.24588   |0.527344  |0.218583  |1.05469   |0.289405  |1.05469   |0.186279  |1.07422   |0.130894  |1.05469   |0.093852  |0.179688  |0.536544  |0.446872              |
|------------------------------------------------------------------------------------------------------------------------------------------------------------------------------------------------------|
|71        |41        |1412      |10.6795   |0.480469  |0.20416   |0.960938  |0.227363  |0.960938  |0.202274  |0.980469  |0.217609  |0.960938  |0.156578  |0.164062  |0.708154  |0.40715               |
|------------------------------------------------------------------------------------------------------------------------------------------------------------------------------------------------------|
|72        |46        |1586      |10.2647   |0.539062  |0.238519  |1.07812   |0.265151  |1.07812   |0.251978  |1.09766   |0.408838  |1.07812   |0.333614  |0.183594  |0.986018  |0.456802              |
|------------------------------------------------------------------------------------------------------------------------------------------------------------------------------------------------------|
|73        |6         |10        |0.029976  |0.0703125 |0.008362  |0.140625  |0.007622  |0.140625  |0.006014  |0.160156  |0.008302  |0.140625  |0.00611   |0.0273438 |0.017604  |0.0595829             |
|------------------------------------------------------------------------------------------------------------------------------------------------------------------------------------------------------|
|74        |11        |52        |0.170934  |0.128906  |0.019202  |0.257812  |0.019018  |0.257812  |0.015382  |0.277344  |0.020568  |0.257812  |0.01524   |0.046875  |0.06893   |0.109235              |
|------------------------------------------------------------------------------------------------------------------------------------------------------------------------------------------------------|
|75        |5         |1         |0.01283   |0.0585938 |0.006606  |0.117188  |0.004906  |0.117188  |0.004506  |0.136719  |0.00562   |0.117188  |0.003496  |0.0234375 |0.008878  |0.0496524             |
|------------------------------------------------------------------------------------------------------------------------------------------------------------------------------------------------------|
|76        |27        |484       |2.60338   |0.316406  |0.098608  |0.632812  |0.10729   |0.632812  |0.094582  |0.652344  |0.105042  |0.632812  |0.07595   |0.109375  |0.33202   |0.268123              |
|------------------------------------------------------------------------------------------------------------------------------------------------------------------------------------------------------|
|77        |9         |13        |0.050654  |0.105469  |0.016974  |0.210938  |0.016132  |0.210938  |0.014746  |0.230469  |0.13522   |0.210938  |0.013588  |0.0390625 |0.037406  |0.0893744             |
|------------------------------------------------------------------------------------------------------------------------------------------------------------------------------------------------------|
|78        |9         |12        |0.050468  |0.105469  |0.01676   |0.210938  |0.016458  |0.210938  |0.013654  |0.230469  |0.017424  |0.210938  |0.01354   |0.0390625 |0.038672  |0.0893744             |
|------------------------------------------------------------------------------------------------------------------------------------------------------------------------------------------------------|
|79        |26        |80        |0.888304  |0.304688  |0.071924  |0.609375  |0.062422  |0.609375  |0.053364  |0.628906  |0.075494  |0.609375  |0.048504  |0.105469  |0.161292  |0.258193              |
|------------------------------------------------------------------------------------------------------------------------------------------------------------------------------------------------------|
|80        |5         |19        |0.086263  |0.0585938 |0.014865  |0.117188  |0.0151    |0.117188  |0.011477  |0.136719  |0.016082  |0.117188  |0.011177  |0.0234375 |0.03983   |0.0496524             |
|------------------------------------------------------------------------------------------------------------------------------------------------------------------------------------------------------|
|81        |14        |69        |0.494502  |0.164062  |0.02516   |0.328125  |0.02366   |0.328125  |0.019628  |0.347656  |0.026074  |0.328125  |0.018717  |0.0585938 |0.064662  |0.139027              |
|------------------------------------------------------------------------------------------------------------------------------------------------------------------------------------------------------|
|82        |37        |738       |6.77644   |0.433594  |0.405263  |0.867188  |0.27655   |0.867188  |0.222088  |0.886719  |0.1435    |0.867188  |0.097786  |0.148438  |0.423562  |0.367428              |
|------------------------------------------------------------------------------------------------------------------------------------------------------------------------------------------------------|
|83        |24        |38        |0.15718   |0.28125   |0.020956  |0.5625    |0.020088  |0.5625    |0.016412  |0.582031  |0.022103  |0.5625    |0.016438  |0.0976562 |0.048992  |0.238332              |
|------------------------------------------------------------------------------------------------------------------------------------------------------------------------------------------------------|
|84        |20        |30        |0.084866  |0.234375  |0.018263  |0.46875   |0.017291  |0.46875   |0.013634  |0.488281  |0.019223  |0.46875   |0.014456  |0.0820312 |0.041797  |0.19861               |
|------------------------------------------------------------------------------------------------------------------------------------------------------------------------------------------------------|
|85        |19        |211       |0.851999  |0.222656  |0.043107  |0.445312  |0.046236  |0.445312  |0.037843  |0.464844  |0.044836  |0.445312  |0.032423  |0.078125  |0.129788  |0.188679              |
|------------------------------------------------------------------------------------------------------------------------------------------------------------------------------------------------------|
|86        |45        |515       |5.26104   |0.527344  |0.098198  |1.05469   |0.100212  |1.05469   |0.088102  |1.07422   |0.100041  |1.05469   |0.072466  |0.179688  |0.292904  |0.446872              |
|------------------------------------------------------------------------------------------------------------------------------------------------------------------------------------------------------|
|87        |28        |587       |2.87186   |0.328125  |0.177219  |0.65625   |0.101345  |0.65625   |0.088498  |0.675781  |0.09493   |0.65625   |0.068411  |0.113281  |0.295174  |0.278054              |
|------------------------------------------------------------------------------------------------------------------------------------------------------------------------------------------------------|
|88        |17        |150       |0.891596  |0.199219  |0.053737  |0.398438  |0.057867  |0.398438  |0.049367  |0.417969  |0.475478  |0.398438  |0.039929  |0.0703125 |0.151896  |0.168818              |
|------------------------------------------------------------------------------------------------------------------------------------------------------------------------------------------------------|
|89        |26        |186       |1.5305    |0.304688  |0.070379  |0.609375  |0.073222  |0.609375  |0.065723  |0.628906  |0.069092  |0.609375  |0.05142   |0.105469  |0.409447  |0.258193              |
|------------------------------------------------------------------------------------------------------------------------------------------------------------------------------------------------------|
|90        |26        |442       |2.11662   |0.304688  |0.082722  |0.609375  |0.090104  |0.609375  |0.078654  |0.628906  |0.094337  |0.609375  |0.067391  |0.105469  |0.314566  |0.258193              |
|------------------------------------------------------------------------------------------------------------------------------------------------------------------------------------------------------|
|91        |22        |431       |1.65551   |0.257812  |0.177922  |0.515625  |0.167432  |0.515625  |0.141044  |0.535156  |0.137833  |0.515625  |0.106427  |0.0898438 |0.436006  |0.218471              |
|------------------------------------------------------------------------------------------------------------------------------------------------------------------------------------------------------|
|92        |36        |59        |0.461367  |0.421875  |0.032972  |0.84375   |0.031025  |0.84375   |0.029498  |0.863281  |0.034306  |0.84375   |0.024949  |0.144531  |0.094147  |0.357498              |
|------------------------------------------------------------------------------------------------------------------------------------------------------------------------------------------------------|
|93        |47        |452       |3.94959   |0.550781  |0.097237  |1.10156   |0.103544  |1.10156   |0.091719  |1.12109   |0.100298  |1.10156   |0.07304   |0.1875    |0.290383  |0.466733              |
|------------------------------------------------------------------------------------------------------------------------------------------------------------------------------------------------------|
|94        |45        |427       |4.9462    |0.527344  |0.092161  |1.05469   |0.094931  |1.05469   |0.090802  |1.07422   |0.091796  |1.05469   |0.067053  |0.179688  |0.264932  |0.446872              |
|------------------------------------------------------------------------------------------------------------------------------------------------------------------------------------------------------|
|95        |42        |185       |1.91408   |0.492188  |0.052698  |0.984375  |0.052268  |0.984375  |0.047032  |1.00391   |0.05586   |0.984375  |0.041145  |0.167969  |0.14266   |0.41708               |
|------------------------------------------------------------------------------------------------------------------------------------------------------------------------------------------------------|
|96        |21        |74        |0.250299  |0.246094  |0.024558  |0.492188  |0.024918  |0.492188  |0.021808  |0.511719  |0.026686  |0.492188  |0.019825  |0.0859375 |0.064043  |0.20854               |
|------------------------------------------------------------------------------------------------------------------------------------------------------------------------------------------------------|
|97        |9         |8         |0.024635  |0.105469  |0.010413  |0.210938  |0.00698   |0.210938  |0.007247  |0.230469  |0.008095  |0.210938  |0.005867  |0.0390625 |0.019736  |0.0893744             |
|------------------------------------------------------------------------------------------------------------------------------------------------------------------------------------------------------|
|98        |23        |239       |0.958531  |0.269531  |0.045513  |0.539062  |0.048487  |0.539062  |0.0419    |0.558594  |0.048985  |0.539062  |0.035545  |0.09375   |0.140759  |0.228401              |
|------------------------------------------------------------------------------------------------------------------------------------------------------------------------------------------------------|
|99        |18        |165       |0.552189  |0.210938  |0.045852  |0.421875  |0.054218  |0.421875  |0.044431  |0.441406  |0.057577  |0.421875  |0.042581  |0.0742188 |0.156391  |0.178749              |
|------------------------------------------------------------------------------------------------------------------------------------------------------------------------------------------------------|
|100       |15        |180       |0.722015  |0.175781  |0.051629  |0.351562  |0.058676  |0.351562  |0.054446  |0.371094  |1.04449   |0.351562  |0.219734  |0.0625    |0.188748  |0.148957              |
|------------------------------------------------------------------------------------------------------------------------------------------------------------------------------------------------------|
|101       |27        |16        |0.064997  |0.316406  |0.025091  |0.632812  |0.018702  |0.632812  |0.023787  |0.652344  |0.028508  |0.632812  |0.012326  |0.109375  |0.050385  |0.268123              |
|------------------------------------------------------------------------------------------------------------------------------------------------------------------------------------------------------|
|102       |22        |389       |1.4268    |0.257812  |0.068641  |0.515625  |0.068598  |0.515625  |0.059929  |0.535156  |0.122037  |0.515625  |0.080434  |0.0898438 |0.3028    |0.218471              |
|------------------------------------------------------------------------------------------------------------------------------------------------------------------------------------------------------|
|103       |16        |163       |1.11965   |0.1875    |0.04798   |0.375     |0.050761  |0.375     |0.042593  |0.394531  |0.049575  |0.375     |0.037754  |0.0664062 |0.153009  |0.158888              |
|------------------------------------------------------------------------------------------------------------------------------------------------------------------------------------------------------|
|104       |42        |1093      |10.514    |0.492188  |0.200286  |0.984375  |0.215831  |0.984375  |0.192023  |1.00391   |0.219891  |0.984375  |0.150769  |0.167969  |0.726805  |0.41708               |
|------------------------------------------------------------------------------------------------------------------------------------------------------------------------------------------------------|
|105       |17        |24        |0.058546  |0.199219  |0.017358  |0.398438  |0.015572  |0.398438  |0.015194  |0.417969  |0.017733  |0.398438  |0.012559  |0.0703125 |0.038197  |0.168818              |
|------------------------------------------------------------------------------------------------------------------------------------------------------------------------------------------------------|
|106       |36        |550       |3.87131   |0.421875  |0.105611  |0.84375   |0.11384   |0.84375   |0.10046   |0.863281  |0.112403  |0.84375   |0.081265  |0.144531  |0.341338  |0.357498              |
|------------------------------------------------------------------------------------------------------------------------------------------------------------------------------------------------------|
|107       |34        |660       |4.92555   |0.398438  |0.119115  |0.796875  |0.125733  |0.796875  |0.110719  |0.816406  |0.1214    |0.796875  |0.087935  |0.136719  |0.374523  |0.337637              |
|------------------------------------------------------------------------------------------------------------------------------------------------------------------------------------------------------|
|108       |27        |563       |2.40418   |0.316406  |0.091918  |0.632812  |0.101365  |0.632812  |0.088412  |0.652344  |0.098213  |0.632812  |0.07079   |0.109375  |0.330715  |0.268123              |
|------------------------------------------------------------------------------------------------------------------------------------------------------------------------------------------------------|
|109       |39        |529       |5.18879   |0.457031  |0.149814  |0.914062  |0.15658   |0.914062  |0.152825  |0.933594  |0.129886  |0.914062  |0.117586  |0.15625   |0.328618  |0.387289              |
|------------------------------------------------------------------------------------------------------------------------------------------------------------------------------------------------------|
|110       |29        |480       |2.62286   |0.339844  |0.086354  |0.679688  |0.09398   |0.679688  |0.082379  |0.699219  |0.092443  |0.679688  |0.067097  |0.117188  |0.282702  |0.287984              |
|------------------------------------------------------------------------------------------------------------------------------------------------------------------------------------------------------|
|111       |8         |5         |0.014366  |0.09375   |0.006151  |0.1875    |0.004356  |0.1875    |0.004446  |0.207031  |0.005043  |0.1875    |0.00363   |0.0351562 |0.011065  |0.0794439             |
|------------------------------------------------------------------------------------------------------------------------------------------------------------------------------------------------------|
|112       |41        |397       |3.61806   |0.480469  |0.081589  |0.960938  |0.084649  |0.960938  |0.074541  |0.980469  |0.085216  |0.960938  |0.06241   |0.164062  |0.24593   |0.40715               |
|------------------------------------------------------------------------------------------------------------------------------------------------------------------------------------------------------|
|113       |41        |217       |1.53923   |0.480469  |0.077896  |0.960938  |0.082002  |0.960938  |0.0852    |0.980469  |0.069382  |0.960938  |0.042128  |0.164062  |0.192086  |0.40715               |
|------------------------------------------------------------------------------------------------------------------------------------------------------------------------------------------------------|
|114       |43        |41        |0.136955  |0.503906  |0.037801  |1.00781   |0.031343  |1.00781   |0.028195  |1.02734   |0.029327  |1.00781   |0.019654  |0.171875  |0.054977  |0.427011              |
|------------------------------------------------------------------------------------------------------------------------------------------------------------------------------------------------------|
|115       |15        |107       |0.345471  |0.175781  |0.024632  |0.351562  |0.025263  |0.351562  |0.021146  |0.371094  |0.026468  |0.351562  |0.019069  |0.0625    |0.069871  |0.148957              |
|------------------------------------------------------------------------------------------------------------------------------------------------------------------------------------------------------|
|116       |43        |1565      |19.6146   |0.503906  |0.287406  |1.00781   |0.312018  |1.00781   |0.279816  |1.02734   |0.288055  |1.00781   |0.206648  |0.171875  |0.92462   |0.427011              |
|------------------------------------------------------------------------------------------------------------------------------------------------------------------------------------------------------|
|117       |49        |750       |7.06102   |0.574219  |0.27074   |1.14844   |0.316754  |1.14844   |0.218334  |1.16797   |0.161453  |1.14844   |0.108235  |0.195312  |0.776443  |0.486594              |
|------------------------------------------------------------------------------------------------------------------------------------------------------------------------------------------------------|
|118       |18        |206       |1.34201   |0.210938  |0.042746  |0.421875  |0.045926  |0.421875  |0.038465  |0.441406  |0.045769  |0.421875  |0.03295   |0.0742188 |0.133177  |0.178749              |
|------------------------------------------------------------------------------------------------------------------------------------------------------------------------------------------------------|
|119       |46        |414       |3.60186   |0.539062  |0.083578  |1.07812   |0.08946   |1.07812   |0.079789  |1.09766   |0.201752  |1.07812   |0.078593  |0.183594  |0.260408  |0.456802              |
|------------------------------------------------------------------------------------------------------------------------------------------------------------------------------------------------------|
|120       |49        |457       |5.51215   |0.574219  |0.09208   |1.14844   |0.093378  |1.14844   |0.084543  |1.16797   |0.094917  |1.14844   |0.069089  |0.195312  |0.271364  |0.486594              |
|------------------------------------------------------------------------------------------------------------------------------------------------------------------------------------------------------|
|121       |9         |8         |0.06374   |0.105469  |0.007022  |0.210938  |0.004824  |0.210938  |0.00478   |0.230469  |0.005478  |0.210938  |0.00378   |0.0390625 |0.014036  |0.0893744             |
|------------------------------------------------------------------------------------------------------------------------------------------------------------------------------------------------------|
|122       |25        |98        |0.449327  |0.292969  |0.028019  |0.585938  |0.027931  |0.585938  |0.024026  |0.605469  |0.02974   |0.585938  |0.022382  |0.101562  |0.073454  |0.248262              |
|------------------------------------------------------------------------------------------------------------------------------------------------------------------------------------------------------|
|123       |47        |498       |4.11914   |0.550781  |0.088073  |1.10156   |0.094289  |1.10156   |0.083488  |1.12109   |0.095266  |1.10156   |0.087104  |0.1875    |0.489786  |0.466733              |
|------------------------------------------------------------------------------------------------------------------------------------------------------------------------------------------------------|
|124       |11        |34        |0.198983  |0.128906  |0.013772  |0.257812  |0.013294  |0.257812  |0.010975  |0.277344  |0.014437  |0.257812  |0.011291  |0.046875  |0.032612  |0.109235              |
|------------------------------------------------------------------------------------------------------------------------------------------------------------------------------------------------------|
|125       |9         |56        |0.120065  |0.105469  |0.014794  |0.210938  |0.014431  |0.210938  |0.011664  |0.230469  |0.015515  |0.210938  |0.011062  |0.0390625 |0.090532  |0.0893744             |
|------------------------------------------------------------------------------------------------------------------------------------------------------------------------------------------------------|
|126       |39        |841       |4.95091   |0.457031  |0.169389  |0.914062  |0.306006  |0.914062  |0.144125  |0.933594  |0.155204  |0.914062  |0.109312  |0.15625   |0.476292  |0.387289              |
|------------------------------------------------------------------------------------------------------------------------------------------------------------------------------------------------------|
|127       |7         |5         |0.013808  |0.0820312 |0.005748  |0.164062  |0.004173  |0.164062  |0.012929  |0.183594  |0.004548  |0.164062  |0.002988  |0.03125   |0.008023  |0.0695134             |
|------------------------------------------------------------------------------------------------------------------------------------------------------------------------------------------------------|
|128       |38        |50        |0.16996   |0.445312  |0.026738  |0.890625  |0.023895  |0.890625  |0.026058  |0.910156  |0.026898  |0.890625  |0.019858  |0.152344  |0.060052  |0.377358              |
|------------------------------------------------------------------------------------------------------------------------------------------------------------------------------------------------------|
|129       |20        |301       |1.2772    |0.234375  |0.054386  |0.46875   |0.05873   |0.46875   |0.05044   |0.488281  |0.057632  |0.46875   |0.041975  |0.0820312 |0.174017  |0.19861               |
|------------------------------------------------------------------------------------------------------------------------------------------------------------------------------------------------------|
|130       |39        |392       |2.52436   |0.457031  |0.073853  |0.914062  |0.07816   |0.914062  |0.068974  |0.933594  |0.081941  |0.914062  |0.058095  |0.15625   |0.247991  |0.387289              |
|------------------------------------------------------------------------------------------------------------------------------------------------------------------------------------------------------|
|131       |30        |441       |3.27138   |0.351562  |0.191072  |0.703125  |0.16744   |0.703125  |0.167132  |0.722656  |0.206901  |0.703125  |0.109445  |0.121094  |0.455236  |0.297915              |
|------------------------------------------------------------------------------------------------------------------------------------------------------------------------------------------------------|
|132       |22        |295       |2.18255   |0.257812  |0.199457  |0.515625  |0.109635  |0.515625  |0.140859  |0.535156  |0.099189  |0.515625  |0.044009  |0.0898438 |0.18674   |0.218471              |
|------------------------------------------------------------------------------------------------------------------------------------------------------------------------------------------------------|
|133       |45        |60        |0.186755  |0.527344  |0.0295    |1.05469   |0.025791  |1.05469   |0.024709  |1.07422   |0.029071  |1.05469   |0.021206  |0.179688  |0.064973  |0.446872              |
|------------------------------------------------------------------------------------------------------------------------------------------------------------------------------------------------------|
|134       |6         |11        |0.039123  |0.0703125 |0.010654  |0.140625  |0.010031  |0.140625  |0.008063  |0.160156  |0.011831  |0.140625  |0.009077  |0.0273438 |0.025818  |0.0595829             |
|------------------------------------------------------------------------------------------------------------------------------------------------------------------------------------------------------|
|135       |49        |978       |9.24372   |0.574219  |0.165086  |1.14844   |0.1754    |1.14844   |0.156453  |1.16797   |0.191269  |1.14844   |0.141835  |0.195312  |0.585498  |0.486594              |
|------------------------------------------------------------------------------------------------------------------------------------------------------------------------------------------------------|
|136       |8         |32        |0.07752   |0.09375   |0.013656  |0.1875    |0.013432  |0.1875    |0.01031   |0.207031  |0.014602  |0.1875    |0.01056   |0.0351562 |0.033966  |0.0794439             |
|------------------------------------------------------------------------------------------------------------------------------------------------------------------------------------------------------|
|137       |18        |241       |0.946186  |0.210938  |0.053962  |0.421875  |0.057796  |0.421875  |0.049136  |0.441406  |0.05775   |0.421875  |0.042036  |0.0742188 |0.170258  |0.178749              |
|------------------------------------------------------------------------------------------------------------------------------------------------------------------------------------------------------|
|138       |28        |445       |2.58802   |0.328125  |0.088068  |0.65625   |0.09562   |0.65625   |0.083681  |0.675781  |0.094135  |0.65625   |0.068501  |0.113281  |0.48965   |0.278054              |
|------------------------------------------------------------------------------------------------------------------------------------------------------------------------------------------------------|
|139       |36        |89        |0.634326  |0.421875  |0.039323  |0.84375   |0.03892   |0.84375   |0.035401  |0.863281  |0.042357  |0.84375   |0.030884  |0.144531  |0.097899  |0.357498              |
|------------------------------------------------------------------------------------------------------------------------------------------------------------------------------------------------------|
|140       |25        |79        |0.484668  |0.292969  |0.032026  |0.585938  |0.031051  |0.585938  |0.027743  |0.605469  |0.033932  |0.585938  |0.024949  |0.101562  |0.159804  |0.248262              |
|------------------------------------------------------------------------------------------------------------------------------------------------------------------------------------------------------|
|141       |49        |384       |3.80682   |0.574219  |0.088949  |1.14844   |0.092932  |1.14844   |0.083504  |1.16797   |0.178701  |1.14844   |0.113946  |0.195312  |0.42345   |0.486594              |
|------------------------------------------------------------------------------------------------------------------------------------------------------------------------------------------------------|
|142       |5         |3         |0.012504  |0.0585938 |0.005395  |0.117188  |0.003395  |0.117188  |0.003539  |0.136719  |0.004     |0.117188  |0.002653  |0.0234375 |0.009561  |0.0496524             |
|------------------------------------------------------------------------------------------------------------------------------------------------------------------------------------------------------|
|143       |7         |9         |0.02001   |0.0820312 |0.00759   |0.164062  |0.005543  |0.164062  |0.006616  |0.183594  |0.00668   |0.164062  |0.004559  |0.03125   |0.016171  |0.0695134             |
|------------------------------------------------------------------------------------------------------------------------------------------------------------------------------------------------------|
|144       |6         |28        |0.055365  |0.0703125 |0.010089  |0.140625  |0.009926  |0.140625  |0.00752   |0.160156  |0.010734  |0.140625  |0.007733  |0.0273438 |0.025337  |0.0595829             |
|------------------------------------------------------------------------------------------------------------------------------------------------------------------------------------------------------|
|145       |38        |917       |5.6994    |0.445312  |0.154209  |0.890625  |0.167711  |0.890625  |0.14812   |0.910156  |0.162452  |0.890625  |0.116896  |0.152344  |0.513645  |0.377358              |
|------------------------------------------------------------------------------------------------------------------------------------------------------------------------------------------------------|
|146       |11        |10        |0.021279  |0.128906  |0.008491  |0.257812  |0.005986  |0.257812  |0.006302  |0.277344  |0.007365  |0.257812  |0.005014  |0.046875  |0.015669  |0.109235              |
|------------------------------------------------------------------------------------------------------------------------------------------------------------------------------------------------------|
|147       |30        |572       |2.8711    |0.351562  |0.09468   |0.703125  |0.10409   |0.703125  |0.090899  |0.722656  |0.10093   |0.703125  |0.073136  |0.121094  |0.315543  |0.297915              |
|------------------------------------------------------------------------------------------------------------------------------------------------------------------------------------------------------|
|148       |32        |985       |4.80523   |0.375     |0.157357  |0.75      |0.174296  |0.75      |0.187923  |0.769531  |0.302733  |0.75      |0.236066  |0.128906  |0.658171  |0.317776              |
|------------------------------------------------------------------------------------------------------------------------------------------------------------------------------------------------------|
|149       |28        |232       |1.97672   |0.328125  |0.087701  |0.65625   |0.094149  |0.65625   |0.082724  |0.675781  |0.093197  |0.65625   |0.069792  |0.113281  |0.247737  |0.278054              |
|------------------------------------------------------------------------------------------------------------------------------------------------------------------------------------------------------|
|150       |489       |161222    |12623.9   |5.73047   |22.238    |11.4609   |28.0525   |11.4609   |26.4251   |11.4805   |26.9761   |11.4609   |17.5898   |1.91406   |79.6845   |4.85601               |
|------------------------------------------------------------------------------------------------------------------------------------------------------------------------------------------------------|
|151       |489       |227363    |13267.3   |5.73047   |31.5304   |11.4609   |35.9407   |11.4609   |32.7443   |11.4805   |45.1019   |11.4609   |24.9983   |1.91406   |104.945   |4.85601               |
|------------------------------------------------------------------------------------------------------------------------------------------------------------------------------------------------------|
|152       |444       |28125     |2232.09   |5.20312   |3.93339   |10.4062   |4.62183   |10.4062   |4.98007   |10.4258   |4.74677   |10.4062   |3.5654    |1.73828   |15.5918   |4.40914               |
|------------------------------------------------------------------------------------------------------------------------------------------------------------------------------------------------------|
|153       |422       |6662      |580.813   |4.94531   |2.14373   |9.89062   |2.65525   |9.89062   |2.41669   |9.91016   |2.42124   |9.89062   |1.09897   |1.65234   |4.35041   |4.19067               |
|------------------------------------------------------------------------------------------------------------------------------------------------------------------------------------------------------|
|154       |362       |16564     |1054.82   |4.24219   |4.2265    |8.48438   |2.88787   |8.48438   |2.88039   |8.50391   |3.31028   |8.48438   |2.09012   |1.41797   |12.7959   |3.59484               |
|------------------------------------------------------------------------------------------------------------------------------------------------------------------------------------------------------|
|155       |428       |126062    |7404.17   |5.01562   |15.9281   |10.0312   |20.1468   |10.0312   |18.756    |10.0508   |17.0354   |10.0312   |12.1832   |1.67578   |63.7701   |4.25025               |
|------------------------------------------------------------------------------------------------------------------------------------------------------------------------------------------------------|
|156       |313       |71324     |2927.11   |3.66797   |9.43554   |7.33594   |11.8106   |7.33594   |10.7489   |7.35547   |10.8807   |7.33594   |7.5833    |1.22656   |32.8633   |3.10824               |
|------------------------------------------------------------------------------------------------------------------------------------------------------------------------------------------------------|
|157       |128       |4169      |100.095   |1.5       |0.6416    |3         |0.821357  |3         |0.700747  |3.01953   |0.659705  |3         |0.463592  |0.503906  |2.08153   |1.2711                |
|------------------------------------------------------------------------------------------------------------------------------------------------------------------------------------------------------|
|158       |487       |152134    |10079.7   |5.70703   |19.7059   |11.4141   |23.1404   |11.4141   |24.9361   |11.4336   |26.5455   |11.4141   |15.0067   |1.90625   |80.2847   |4.83615               |
|------------------------------------------------------------------------------------------------------------------------------------------------------------------------------------------------------|
|159       |227       |50095     |1404.1    |2.66016   |7.13658   |5.32031   |8.11401   |5.32031   |9.24378   |5.33984   |6.63718   |5.32031   |4.62737   |0.890625  |28.8726   |2.25422               |
|------------------------------------------------------------------------------------------------------------------------------------------------------------------------------------------------------|
|160       |153       |8295      |241.828   |1.79297   |1.2782    |3.58594   |1.30626   |3.58594   |2.01274   |3.60547   |1.51345   |3.58594   |1.08819   |0.601562  |5.81665   |1.51936               |
|------------------------------------------------------------------------------------------------------------------------------------------------------------------------------------------------------|
|161       |431       |36627     |3702.52   |5.05078   |5.722     |10.1016   |7.1338    |10.1016   |6.03841   |10.1211   |5.93791   |10.1016   |3.8698    |1.6875    |22.2263   |4.28004               |
|------------------------------------------------------------------------------------------------------------------------------------------------------------------------------------------------------|
|162       |178       |18116     |718.815   |2.08594   |2.43012   |4.17188   |3.71991   |4.17188   |2.98178   |4.19141   |2.96069   |4.17188   |2.00943   |0.699219  |11.2327   |1.76763               |
|------------------------------------------------------------------------------------------------------------------------------------------------------------------------------------------------------|
|163       |300       |3290      |473.411   |3.51562   |2.89005   |7.03125   |1.69881   |7.03125   |1.95411   |7.05078   |4.09913   |7.03125   |1.82402   |1.17578   |3.34508   |2.97915               |
|------------------------------------------------------------------------------------------------------------------------------------------------------------------------------------------------------|
|164       |497       |207177    |17338.7   |5.82422   |32.8614   |11.6484   |37.4675   |11.6484   |32.8638   |11.668    |41.3412   |11.6484   |27.266    |1.94531   |128.434   |4.93545               |
|------------------------------------------------------------------------------------------------------------------------------------------------------------------------------------------------------|
|165       |385       |15605     |1737.43   |4.51172   |2.47975   |9.02344   |2.87343   |9.02344   |2.45007   |9.04297   |2.75286   |9.02344   |1.95365   |1.50781   |8.58509   |3.82324               |
|------------------------------------------------------------------------------------------------------------------------------------------------------------------------------------------------------|
|166       |104       |30        |0.079257  |1.21875   |0.051663  |2.4375    |0.041568  |2.4375    |0.044532  |2.45703   |0.04756   |2.4375    |0.033417  |0.410156  |0.07714   |1.03277               |
|------------------------------------------------------------------------------------------------------------------------------------------------------------------------------------------------------|
|167       |108       |1195      |40.6304   |1.26562   |0.237823  |2.53125   |0.250948  |2.53125   |0.227023  |2.55078   |0.360887  |2.53125   |0.34828   |0.425781  |2.09731   |1.07249               |
|------------------------------------------------------------------------------------------------------------------------------------------------------------------------------------------------------|
|168       |210       |9870      |439.58    |2.46094   |1.53109   |4.92188   |1.69424   |4.92188   |1.51753   |4.94141   |1.63972   |4.92188   |1.15819   |0.824219  |5.27637   |2.0854                |
|------------------------------------------------------------------------------------------------------------------------------------------------------------------------------------------------------|
|169       |456       |190673    |10418.1   |5.34375   |26.7862   |10.6875   |30.0062   |10.6875   |27.2996   |10.707    |30.4192   |10.6875   |20.1734   |1.78516   |96.7242   |4.5283                |
|------------------------------------------------------------------------------------------------------------------------------------------------------------------------------------------------------|
|170       |282       |11923     |600.958   |3.30469   |2.04205   |6.60938   |1.9775    |6.60938   |1.78189   |6.62891   |2.0351    |6.60938   |1.36303   |1.10547   |6.4513    |2.8004                |
|------------------------------------------------------------------------------------------------------------------------------------------------------------------------------------------------------|
|171       |119       |1214      |30.5211   |1.39453   |0.241738  |2.78906   |0.25255   |2.78906   |0.23253   |2.80859   |0.252913  |2.78906   |0.18404   |0.46875   |0.733814  |1.18173               |
|------------------------------------------------------------------------------------------------------------------------------------------------------------------------------------------------------|
|172       |282       |48138     |2056.02   |3.30469   |8.01513   |6.60938   |10.6129   |6.60938   |7.02477   |6.62891   |7.13936   |6.60938   |5.15728   |1.10547   |27.1422   |2.8004                |
|------------------------------------------------------------------------------------------------------------------------------------------------------------------------------------------------------|
|173       |106       |5054      |128.636   |1.24219   |0.74781   |2.48438   |0.8285    |2.48438   |0.83058   |2.50391   |0.801869  |2.48438   |0.561047  |0.417969  |2.54511   |1.05263               |
|------------------------------------------------------------------------------------------------------------------------------------------------------------------------------------------------------|
|174       |443       |62585     |4511.36   |5.19141   |8.56169   |10.3828   |12.8415   |10.3828   |12.3728   |10.4023   |14.9893   |10.3828   |6.43931   |1.73438   |32.7868   |4.39921               |
|------------------------------------------------------------------------------------------------------------------------------------------------------------------------------------------------------|
|175       |223       |28376     |891.226   |2.61328   |3.78254   |5.22656   |5.1587    |5.22656   |3.86444   |5.24609   |4.07932   |5.22656   |2.84271   |0.875     |13.3367   |2.2145                |
|------------------------------------------------------------------------------------------------------------------------------------------------------------------------------------------------------|
|176       |491       |59468     |4764.63   |5.75391   |8.34718   |11.5078   |9.48025   |11.5078   |8.50754   |11.5273   |9.69355   |11.5078   |6.38346   |1.92188   |29.6575   |4.87587               |
|------------------------------------------------------------------------------------------------------------------------------------------------------------------------------------------------------|
|177       |392       |57446     |3612.84   |4.59375   |8.14957   |9.1875    |8.64744   |9.1875    |7.89684   |9.20703   |8.14613   |9.1875    |5.90685   |1.53516   |26.9948   |3.89275               |
|------------------------------------------------------------------------------------------------------------------------------------------------------------------------------------------------------|
|178       |170       |6088      |186.96    |1.99219   |0.984122  |3.98438   |1.15819   |3.98438   |0.954708  |4.00391   |1.01129   |3.98438   |0.704511  |0.667969  |3.29264   |1.68818               |
|------------------------------------------------------------------------------------------------------------------------------------------------------------------------------------------------------|
|179       |499       |102459    |7642.24   |5.84766   |14.1328   |11.6953   |15.8916   |11.6953   |15.6068   |11.7148   |15.1342   |11.6953   |10.8644   |1.95312   |50.1436   |4.95531               |
|------------------------------------------------------------------------------------------------------------------------------------------------------------------------------------------------------|
|180       |209       |25085     |736.397   |2.44922   |3.37563   |4.89844   |3.78412   |4.89844   |3.35203   |4.91797   |3.56251   |4.89844   |2.57691   |0.820312  |11.6734   |2.07547               |
|------------------------------------------------------------------------------------------------------------------------------------------------------------------------------------------------------|
|181       |336       |9997      |618.802   |3.9375    |1.50373   |7.875     |1.63885   |7.875     |1.49015   |7.89453   |1.62552   |7.875     |1.142     |1.31641   |5.03581   |3.33664               |
|------------------------------------------------------------------------------------------------------------------------------------------------------------------------------------------------------|
|182       |326       |94800     |3598.46   |3.82031   |12.4068   |7.64062   |14.3085   |7.64062   |12.5152   |7.66016   |13.2471   |7.64062   |9.42397   |1.27734   |44.6655   |3.23734               |
|------------------------------------------------------------------------------------------------------------------------------------------------------------------------------------------------------|
|183       |320       |13413     |766.099   |3.75      |2.03157   |7.5       |2.35296   |7.5       |2.01442   |7.51953   |2.1714    |7.5       |1.51896   |1.25391   |6.92611   |3.17776               |
|------------------------------------------------------------------------------------------------------------------------------------------------------------------------------------------------------|
|184       |304       |46493     |2265.36   |3.5625    |6.41711   |7.125     |8.76257   |7.125     |7.66417   |7.14453   |8.66292   |7.125     |5.02808   |1.19141   |23.3927   |3.01887               |
|------------------------------------------------------------------------------------------------------------------------------------------------------------------------------------------------------|
|185       |310       |73877     |2977.64   |3.63281   |11.0634   |7.26562   |15.6738   |7.26562   |13.0713   |7.28516   |11.7024   |7.26562   |7.45143   |1.21484   |42.1076   |3.07845               |
|------------------------------------------------------------------------------------------------------------------------------------------------------------------------------------------------------|
|186       |211       |8256      |295.479   |2.47266   |1.19834   |4.94531   |1.30717   |4.94531   |1.18961   |4.96484   |1.30926   |4.94531   |0.909039  |0.828125  |4.08396   |2.09533               |
|------------------------------------------------------------------------------------------------------------------------------------------------------------------------------------------------------|
|187       |420       |79142     |8374.6    |4.92188   |13.2783   |9.84375   |14.3675   |9.84375   |13.3003   |9.86328   |16.7691   |9.84375   |9.48083   |1.64453   |43.1667   |4.1708                |
|------------------------------------------------------------------------------------------------------------------------------------------------------------------------------------------------------|
|188       |385       |108563    |7238.59   |4.51172   |20.9608   |9.02344   |27.6733   |9.02344   |23.4927   |9.04297   |19.3936   |9.02344   |14.1145   |1.50781   |62.665    |3.82324               |
|------------------------------------------------------------------------------------------------------------------------------------------------------------------------------------------------------|
|189       |131       |14394     |370.518   |1.53516   |2.58672   |3.07031   |4.87898   |3.07031   |3.7391    |3.08984   |3.21671   |3.07031   |2.51508   |0.515625  |8.79339   |1.30089               |
|------------------------------------------------------------------------------------------------------------------------------------------------------------------------------------------------------|
|190       |169       |516       |15.6541   |1.98047   |0.167565  |3.96094   |0.164847  |3.96094   |0.15466   |3.98047   |0.174273  |3.96094   |0.128513  |0.664062  |0.45383   |1.67825               |
|------------------------------------------------------------------------------------------------------------------------------------------------------------------------------------------------------|
|191       |391       |144078    |8540.81   |4.58203   |18.812    |9.16406   |21.4405   |9.16406   |19.1478   |9.18359   |25.4794   |9.16406   |15.1263   |1.53125   |69.7306   |3.88282               |
|------------------------------------------------------------------------------------------------------------------------------------------------------------------------------------------------------|
|192       |448       |47647     |3599.9    |5.25      |6.64897   |10.5      |7.5406    |10.5      |6.79785   |10.5195   |7.18347   |10.5      |5.06149   |1.75391   |24.9915   |4.44886               |
|------------------------------------------------------------------------------------------------------------------------------------------------------------------------------------------------------|
|193       |321       |51736     |2537.47   |3.76172   |7.19349   |7.52344   |8.00722   |7.52344   |8.23374   |7.54297   |7.63964   |7.52344   |5.48004   |1.25781   |25.2391   |3.18769               |
|------------------------------------------------------------------------------------------------------------------------------------------------------------------------------------------------------|
|194       |358       |123971    |5676.74   |4.19531   |16.8513   |8.39062   |19.2567   |8.39062   |17.4809   |8.41016   |18.1167   |8.39062   |12.7923   |1.40234   |61.3261   |3.55511               |
|------------------------------------------------------------------------------------------------------------------------------------------------------------------------------------------------------|
|195       |230       |11958     |912.705   |2.69531   |3.64013   |5.39062   |4.30352   |5.39062   |2.79213   |5.41016   |3.37521   |5.39062   |2.45867   |0.902344  |9.47496   |2.28401               |
|------------------------------------------------------------------------------------------------------------------------------------------------------------------------------------------------------|
|196       |362       |9782      |839.953   |4.24219   |2.4629    |8.48438   |2.54539   |8.48438   |2.50811   |8.50391   |2.15563   |8.48438   |1.84675   |1.41797   |6.03498   |3.59484               |
|------------------------------------------------------------------------------------------------------------------------------------------------------------------------------------------------------|
|197       |363       |71905     |4478.42   |4.25391   |10.3594   |8.50781   |11.2902   |8.50781   |10.4321   |8.52734   |10.706    |8.50781   |8.0439    |1.42188   |36.3134   |3.60477               |
|------------------------------------------------------------------------------------------------------------------------------------------------------------------------------------------------------|
|198       |184       |15609     |442.814   |2.15625   |2.24535   |4.3125    |2.51835   |4.3125    |2.26128   |4.33203   |2.39379   |4.3125    |1.65935   |0.722656  |7.9621    |1.82721               |
|------------------------------------------------------------------------------------------------------------------------------------------------------------------------------------------------------|
|199       |299       |58660     |2488.7    |3.50391   |7.85471   |7.00781   |8.87155   |7.00781   |8.15551   |7.02734   |8.46421   |7.00781   |6.37339   |1.17188   |40.7097   |2.96922               |
|------------------------------------------------------------------------------------------------------------------------------------------------------------------------------------------------------|
|200       |213       |30492     |1015.57   |2.49609   |5.48508   |4.99219   |6.92479   |4.99219   |7.33775   |5.01172   |5.24927   |4.99219   |3.06133   |0.835938  |23.2293   |2.11519               |
|------------------------------------------------------------------------------------------------------------------------------------------------------------------------------------------------------|
|201       |406       |21524     |1537.34   |4.75781   |3.34729   |9.51562   |3.5691    |9.51562   |3.16957   |9.53516   |3.45698   |9.51562   |2.3931    |1.58984   |11.1372   |4.03178               |
|------------------------------------------------------------------------------------------------------------------------------------------------------------------------------------------------------|
|202       |308       |60910     |2817.22   |3.60938   |9.00114   |7.21875   |9.68331   |7.21875   |8.59918   |7.23828   |8.92931   |7.21875   |6.67887   |1.20703   |32.7705   |3.05859               |
|------------------------------------------------------------------------------------------------------------------------------------------------------------------------------------------------------|
|203       |296       |37421     |1765.85   |3.46875   |4.99708   |6.9375    |5.75352   |6.9375    |5.09031   |6.95703   |5.48388   |6.9375    |3.90846   |1.16016   |17.8725   |2.93942               |
|------------------------------------------------------------------------------------------------------------------------------------------------------------------------------------------------------|
|204       |172       |8444      |255.086   |2.01562   |1.29044   |4.03125   |1.36081   |4.03125   |1.31834   |4.05078   |1.26295   |4.03125   |0.894186  |0.675781  |4.34346   |1.70804               |
|------------------------------------------------------------------------------------------------------------------------------------------------------------------------------------------------------|
|205       |354       |17103     |1128.83   |4.14844   |2.50893   |8.29688   |3.45504   |8.29688   |4.21374   |8.31641   |2.64728   |8.29688   |2.19736   |1.38672   |10.4328   |3.51539               |
|------------------------------------------------------------------------------------------------------------------------------------------------------------------------------------------------------|
|206       |238       |50371     |1538.53   |2.78906   |11.6786   |5.57812   |8.09184   |5.57812   |7.00452   |5.59766   |7.36669   |5.57812   |5.29992   |0.933594  |24.513    |2.36346               |
|------------------------------------------------------------------------------------------------------------------------------------------------------------------------------------------------------|
|207       |274       |38124     |1646.96   |3.21094   |5.30838   |6.42188   |6.06402   |6.42188   |5.48525   |6.44141   |5.86742   |6.42188   |4.03077   |1.07422   |19.1027   |2.72095               |
|------------------------------------------------------------------------------------------------------------------------------------------------------------------------------------------------------|
|208       |222       |2235      |105.792   |2.60156   |0.735587  |5.20312   |0.850175  |5.20312   |0.62978   |5.22266   |0.492993  |5.20312   |0.336858  |0.871094  |1.35425   |2.20457               |
|------------------------------------------------------------------------------------------------------------------------------------------------------------------------------------------------------|
|209       |345       |93871     |4100.01   |4.04297   |12.3086   |8.08594   |14.3464   |8.08594   |12.9145   |8.10547   |13.1435   |8.08594   |9.42601   |1.35156   |45.1033   |3.42602               |
|------------------------------------------------------------------------------------------------------------------------------------------------------------------------------------------------------|
|210       |102       |1139      |20.3273   |1.19531   |0.201206  |2.39062   |0.21841   |2.39062   |0.195261  |2.41016   |0.300013  |2.39062   |0.158133  |0.402344  |0.643135  |1.01291               |
|------------------------------------------------------------------------------------------------------------------------------------------------------------------------------------------------------|
