This log is created with the input_v2 directory
--------------------------------------------------------------------------------------------------------------------------------------------------------------------------------------------------------
|Result Table                                                                                                                                                                                          |
--------------------------------------------------------------------------------------------------------------------------------------------------------------------------------------------------------
|id        |Vertex    |Edge      |Tj T      |Tj S      |N_0 T     |N_0 S     |N_1 T     |N_1 S     |N_2 T     |N_2 S     |P_0 T     |P_0 S     |P_1 T     |P_1 S     |P_2 T     |P_2 S                 |
--------------------------------------------------------------------------------------------------------------------------------------------------------------------------------------------------------
|0         |19        |286       |1.53877   |0.222656  |0.132338  |0.445312  |0.076217  |0.445312  |0.083775  |0.464844  |0.69463   |0.445312  |0.099011  |0.078125  |0.359823  |0.188679              |
|------------------------------------------------------------------------------------------------------------------------------------------------------------------------------------------------------|
|1         |41        |533       |6.73521   |0.480469  |0.09432   |0.960938  |0.088937  |0.960938  |0.088166  |0.980469  |0.113045  |0.960938  |0.111614  |0.164062  |0.430547  |0.40715               |
|------------------------------------------------------------------------------------------------------------------------------------------------------------------------------------------------------|
|2         |38        |81        |1.27185   |0.445312  |0.12654   |0.890625  |0.073985  |0.890625  |0.061314  |0.910156  |0.064077  |0.890625  |0.03764   |0.152344  |0.122474  |0.377358              |
|------------------------------------------------------------------------------------------------------------------------------------------------------------------------------------------------------|
|3         |9         |14        |0.083496  |0.105469  |0.034679  |0.210938  |0.021771  |0.210938  |0.02522   |0.230469  |0.036112  |0.210938  |0.01402   |0.0390625 |0.052028  |0.0893744             |
|------------------------------------------------------------------------------------------------------------------------------------------------------------------------------------------------------|
|4         |12        |8         |0.056821  |0.140625  |0.025975  |0.28125   |0.352429  |0.28125   |0.01997   |0.300781  |0.018251  |0.28125   |0.009506  |0.0507812 |0.113276  |0.119166              |
|------------------------------------------------------------------------------------------------------------------------------------------------------------------------------------------------------|
|5         |38        |1176      |73.1434   |0.445312  |0.579465  |0.890625  |0.199907  |0.890625  |0.163038  |0.910156  |0.213593  |0.890625  |0.118177  |0.152344  |0.527292  |0.377358              |
|------------------------------------------------------------------------------------------------------------------------------------------------------------------------------------------------------|
|6         |19        |17        |0.077785  |0.222656  |0.020144  |0.445312  |0.014006  |0.445312  |0.014548  |0.464844  |0.018556  |0.445312  |0.010994  |0.078125  |0.047037  |0.188679              |
|------------------------------------------------------------------------------------------------------------------------------------------------------------------------------------------------------|
|7         |20        |179       |0.804592  |0.234375  |0.062541  |0.46875   |0.060791  |0.46875   |0.065172  |0.488281  |0.073647  |0.46875   |0.042983  |0.0820312 |0.170771  |0.19861               |
|------------------------------------------------------------------------------------------------------------------------------------------------------------------------------------------------------|
|8         |11        |97        |0.42231   |0.128906  |0.030029  |0.257812  |0.024252  |0.257812  |0.021464  |0.277344  |0.02997   |0.257812  |0.04988   |0.046875  |0.07073   |0.109235              |
|------------------------------------------------------------------------------------------------------------------------------------------------------------------------------------------------------|
|9         |28        |114       |1.06962   |0.328125  |0.041546  |0.65625   |0.033184  |0.65625   |0.030984  |0.675781  |0.041312  |0.65625   |0.024241  |0.113281  |0.092053  |0.278054              |
|------------------------------------------------------------------------------------------------------------------------------------------------------------------------------------------------------|
|10        |11        |76        |0.4325    |0.128906  |0.058714  |0.257812  |0.045972  |0.257812  |0.041778  |0.277344  |0.053168  |0.257812  |0.028789  |0.046875  |0.107554  |0.109235              |
|------------------------------------------------------------------------------------------------------------------------------------------------------------------------------------------------------|
|11        |45        |66        |0.245025  |0.527344  |0.070936  |1.05469   |0.052443  |1.05469   |0.03745   |1.07422   |0.075669  |1.05469   |0.032986  |0.179688  |0.101397  |0.446872              |
|------------------------------------------------------------------------------------------------------------------------------------------------------------------------------------------------------|
|12        |25        |298       |2.03773   |0.292969  |0.053796  |0.585938  |0.051135  |0.585938  |0.044897  |0.605469  |0.052985  |0.585938  |0.038249  |0.101562  |0.154583  |0.248262              |
|------------------------------------------------------------------------------------------------------------------------------------------------------------------------------------------------------|
|13        |44        |1390      |29.707    |0.515625  |0.338603  |1.03125   |0.357681  |1.03125   |0.315109  |1.05078   |0.519733  |1.03125   |0.267542  |0.175781  |1.13266   |0.436941              |
|------------------------------------------------------------------------------------------------------------------------------------------------------------------------------------------------------|
|14        |29        |658       |5.07531   |0.339844  |0.14382   |0.679688  |0.153232  |0.679688  |0.130286  |0.699219  |0.144937  |0.679688  |0.107977  |0.117188  |0.441579  |0.287984              |
|------------------------------------------------------------------------------------------------------------------------------------------------------------------------------------------------------|
|15        |39        |75        |0.366015  |0.457031  |0.02662   |0.914062  |0.025637  |0.914062  |0.024724  |0.933594  |0.028005  |0.914062  |0.020275  |0.15625   |0.064616  |0.387289              |
|------------------------------------------------------------------------------------------------------------------------------------------------------------------------------------------------------|
|16        |6         |7         |0.013588  |0.0703125 |0.005052  |0.140625  |0.003835  |0.140625  |0.003908  |0.160156  |0.004484  |0.140625  |0.003278  |0.0273438 |0.009877  |0.0595829             |
|------------------------------------------------------------------------------------------------------------------------------------------------------------------------------------------------------|
|17        |25        |16        |0.026667  |0.292969  |0.012352  |0.585938  |0.008964  |0.585938  |0.009551  |0.605469  |0.010477  |0.585938  |0.007527  |0.101562  |0.020834  |0.248262              |
|------------------------------------------------------------------------------------------------------------------------------------------------------------------------------------------------------|
|18        |30        |384       |2.20406   |0.351562  |0.058725  |0.703125  |0.062196  |0.703125  |0.053536  |0.722656  |0.060772  |0.703125  |0.042897  |0.121094  |0.175549  |0.297915              |
|------------------------------------------------------------------------------------------------------------------------------------------------------------------------------------------------------|
|19        |17        |219       |0.520457  |0.199219  |0.049622  |0.398438  |0.047976  |0.398438  |0.029734  |0.417969  |0.060288  |0.398438  |0.025113  |0.0703125 |0.102248  |0.168818              |
|------------------------------------------------------------------------------------------------------------------------------------------------------------------------------------------------------|
|20        |20        |70        |0.2813    |0.234375  |0.019536  |0.46875   |0.019306  |0.46875   |0.016517  |0.488281  |0.020236  |0.46875   |0.015001  |0.0820312 |0.049455  |0.19861               |
|------------------------------------------------------------------------------------------------------------------------------------------------------------------------------------------------------|
|21        |14        |73        |0.198897  |0.164062  |0.016383  |0.328125  |0.016581  |0.328125  |0.013076  |0.347656  |0.017203  |0.328125  |0.012362  |0.0585938 |0.066955  |0.139027              |
|------------------------------------------------------------------------------------------------------------------------------------------------------------------------------------------------------|
|22        |32        |499       |2.31465   |0.375     |0.068824  |0.75      |0.073578  |0.75      |0.065064  |0.769531  |0.072575  |0.75      |0.05275   |0.128906  |0.219417  |0.317776              |
|------------------------------------------------------------------------------------------------------------------------------------------------------------------------------------------------------|
|23        |40        |0         |0.014184  |0.46875   |0.014079  |0.9375    |0.010981  |0.9375    |0.011553  |0.957031  |0.012475  |0.9375    |0.008628  |0.160156  |0.016731  |0.397219              |
|------------------------------------------------------------------------------------------------------------------------------------------------------------------------------------------------------|
|24        |42        |1645      |7.42434   |0.492188  |0.191242  |0.984375  |0.212035  |0.984375  |0.188174  |1.00391   |0.201521  |0.984375  |0.146197  |0.167969  |0.652195  |0.41708               |
|------------------------------------------------------------------------------------------------------------------------------------------------------------------------------------------------------|
|25        |6         |26        |0.04511   |0.0703125 |0.009659  |0.140625  |0.009277  |0.140625  |0.006651  |0.160156  |0.009627  |0.140625  |0.006851  |0.0273438 |0.023504  |0.0595829             |
|------------------------------------------------------------------------------------------------------------------------------------------------------------------------------------------------------|
|26        |37        |576       |2.97138   |0.433594  |0.078112  |0.867188  |0.08456   |0.867188  |0.100071  |0.886719  |0.08502   |0.867188  |0.061113  |0.148438  |0.252849  |0.367428              |
|------------------------------------------------------------------------------------------------------------------------------------------------------------------------------------------------------|
|27        |41        |38        |0.071146  |0.480469  |0.022503  |0.960938  |0.017365  |0.960938  |0.01803   |0.980469  |0.019991  |0.960938  |0.014263  |0.164062  |0.044664  |0.40715               |
|------------------------------------------------------------------------------------------------------------------------------------------------------------------------------------------------------|
|28        |45        |324       |2.456     |0.527344  |0.05832   |1.05469   |0.058906  |1.05469   |0.052303  |1.07422   |0.060799  |1.05469   |0.043748  |0.179688  |0.166261  |0.446872              |
|------------------------------------------------------------------------------------------------------------------------------------------------------------------------------------------------------|
|29        |42        |886       |4.87602   |0.492188  |0.305348  |0.984375  |0.156549  |0.984375  |0.110216  |1.00391   |0.258812  |0.984375  |0.202934  |0.167969  |0.411576  |0.41708               |
|------------------------------------------------------------------------------------------------------------------------------------------------------------------------------------------------------|
|30        |13        |2         |0.020627  |0.152344  |0.015818  |0.304688  |0.009808  |0.304688  |0.010124  |0.324219  |0.012507  |0.304688  |0.006161  |0.0546875 |0.073474  |0.129096              |
|------------------------------------------------------------------------------------------------------------------------------------------------------------------------------------------------------|
|31        |38        |718       |4.92529   |0.445312  |0.106591  |0.890625  |0.113235  |0.890625  |0.099762  |0.910156  |0.100242  |0.890625  |0.071874  |0.152344  |0.307031  |0.377358              |
|------------------------------------------------------------------------------------------------------------------------------------------------------------------------------------------------------|
|32        |26        |71        |0.375217  |0.304688  |0.025334  |0.609375  |0.024834  |0.609375  |0.021979  |0.628906  |0.026938  |0.609375  |0.019557  |0.105469  |0.130307  |0.258193              |
|------------------------------------------------------------------------------------------------------------------------------------------------------------------------------------------------------|
|33        |7         |8         |0.016961  |0.0820312 |0.00708   |0.164062  |0.005081  |0.164062  |0.005631  |0.183594  |0.005566  |0.164062  |0.003962  |0.03125   |0.013984  |0.0695134             |
|------------------------------------------------------------------------------------------------------------------------------------------------------------------------------------------------------|
|34        |41        |1422      |7.84613   |0.480469  |0.17312   |0.960938  |0.186591  |0.960938  |0.165624  |0.980469  |0.178666  |0.960938  |0.128633  |0.164062  |0.570214  |0.40715               |
|------------------------------------------------------------------------------------------------------------------------------------------------------------------------------------------------------|
|35        |20        |272       |0.91252   |0.234375  |0.043345  |0.46875   |0.04667   |0.46875   |0.040121  |0.488281  |0.042089  |0.46875   |0.030529  |0.0820312 |0.124255  |0.19861               |
|------------------------------------------------------------------------------------------------------------------------------------------------------------------------------------------------------|
|36        |31        |240       |0.966433  |0.363281  |0.039932  |0.726562  |0.041858  |0.726562  |0.036     |0.746094  |0.042561  |0.726562  |0.031293  |0.125     |0.120054  |0.307845              |
|------------------------------------------------------------------------------------------------------------------------------------------------------------------------------------------------------|
|37        |48        |1161      |6.94942   |0.5625    |0.145831  |1.125     |0.158029  |1.125     |0.139523  |1.14453   |0.153305  |1.125     |0.110146  |0.191406  |0.479612  |0.476663              |
|------------------------------------------------------------------------------------------------------------------------------------------------------------------------------------------------------|
|38        |44        |415       |2.88856   |0.515625  |0.065309  |1.03125   |0.068532  |1.03125   |0.060674  |1.05078   |0.069634  |1.03125   |0.06957   |0.175781  |0.226989  |0.436941              |
|------------------------------------------------------------------------------------------------------------------------------------------------------------------------------------------------------|
|39        |25        |406       |1.40409   |0.292969  |0.06012   |0.585938  |0.061263  |0.585938  |0.053349  |0.605469  |0.059928  |0.585938  |0.043141  |0.101562  |0.18876   |0.248262              |
|------------------------------------------------------------------------------------------------------------------------------------------------------------------------------------------------------|
|40        |8         |9         |0.022481  |0.09375   |0.006382  |0.1875    |0.013609  |0.1875    |0.00516   |0.207031  |0.005969  |0.1875    |0.004388  |0.0351562 |0.012838  |0.0794439             |
|------------------------------------------------------------------------------------------------------------------------------------------------------------------------------------------------------|
|41        |40        |376       |2.37157   |0.46875   |0.063859  |0.9375    |0.065159  |0.9375    |0.05736   |0.957031  |0.067092  |0.9375    |0.04777   |0.160156  |0.186007  |0.397219              |
|------------------------------------------------------------------------------------------------------------------------------------------------------------------------------------------------------|
|42        |39        |138       |0.677774  |0.457031  |0.033926  |0.914062  |0.033968  |0.914062  |0.030498  |0.933594  |0.036328  |0.914062  |0.026609  |0.15625   |0.091091  |0.387289              |
|------------------------------------------------------------------------------------------------------------------------------------------------------------------------------------------------------|
|43        |23        |287       |0.895348  |0.269531  |0.042168  |0.539062  |0.044957  |0.539062  |0.03867   |0.558594  |0.04531   |0.539062  |0.033002  |0.09375   |0.132107  |0.228401              |
|------------------------------------------------------------------------------------------------------------------------------------------------------------------------------------------------------|
|44        |28        |212       |0.904449  |0.328125  |0.037178  |0.65625   |0.038377  |0.65625   |0.033594  |0.675781  |0.039377  |0.65625   |0.02886   |0.113281  |0.109421  |0.278054              |
|------------------------------------------------------------------------------------------------------------------------------------------------------------------------------------------------------|
|45        |17        |195       |0.476756  |0.199219  |0.030427  |0.398438  |0.031934  |0.398438  |0.027189  |0.417969  |0.031865  |0.398438  |0.037656  |0.0703125 |0.130128  |0.168818              |
|------------------------------------------------------------------------------------------------------------------------------------------------------------------------------------------------------|
|46        |11        |13        |0.048667  |0.128906  |0.010583  |0.257812  |0.007695  |0.257812  |0.008345  |0.277344  |0.006021  |0.257812  |0.00427   |0.046875  |0.014927  |0.109235              |
|------------------------------------------------------------------------------------------------------------------------------------------------------------------------------------------------------|
|47        |27        |133       |0.526156  |0.316406  |0.028485  |0.632812  |0.028712  |0.632812  |0.024788  |0.652344  |0.030523  |0.632812  |0.022444  |0.109375  |0.07963   |0.268123              |
|------------------------------------------------------------------------------------------------------------------------------------------------------------------------------------------------------|
|48        |37        |826       |3.81851   |0.433594  |0.103811  |0.867188  |0.1148    |0.867188  |0.100289  |0.886719  |0.110069  |0.867188  |0.079868  |0.148438  |0.344559  |0.367428              |
|------------------------------------------------------------------------------------------------------------------------------------------------------------------------------------------------------|
|49        |9         |51        |0.092118  |0.105469  |0.011844  |0.210938  |0.01132   |0.210938  |0.009157  |0.230469  |0.012084  |0.210938  |0.008791  |0.0390625 |0.03157   |0.0893744             |
|------------------------------------------------------------------------------------------------------------------------------------------------------------------------------------------------------|
|50        |258       |46868     |1455.86   |3.02344   |5.04901   |6.04688   |5.62753   |6.04688   |5.0925    |6.06641   |5.6147    |6.04688   |3.94085   |1.01172   |17.9152   |2.56207               |
|------------------------------------------------------------------------------------------------------------------------------------------------------------------------------------------------------|
|51        |384       |31311     |1885.1    |4.5       |4.98171   |9         |5.88917   |9         |5.41411   |9.01953   |4.86842   |9         |2.6643    |1.50391   |12.0138   |3.81331               |
|------------------------------------------------------------------------------------------------------------------------------------------------------------------------------------------------------|
|52        |187       |28750     |544.212   |2.19141   |3.08181   |4.38281   |3.46957   |4.38281   |3.10851   |4.40234   |3.34876   |4.38281   |2.36709   |0.734375  |10.9308   |1.857                 |
|------------------------------------------------------------------------------------------------------------------------------------------------------------------------------------------------------|
|53        |268       |13441     |548.443   |3.14062   |1.77027   |6.28125   |1.7227    |6.28125   |1.54101   |6.30078   |1.68271   |6.28125   |1.17625   |1.05078   |5.47917   |2.66137               |
|------------------------------------------------------------------------------------------------------------------------------------------------------------------------------------------------------|
|54        |463       |156475    |8358.79   |5.42578   |18.5969   |10.8516   |19.636    |10.8516   |21.526    |10.8711   |19.0091   |10.8516   |14.6377   |1.8125    |62.5401   |4.59782               |
|------------------------------------------------------------------------------------------------------------------------------------------------------------------------------------------------------|
|55        |347       |4181      |267.649   |4.06641   |0.629506  |8.13281   |0.688928  |8.13281   |0.598293  |8.15234   |0.691422  |8.13281   |0.473747  |1.35938   |1.90183   |3.44588               |
|------------------------------------------------------------------------------------------------------------------------------------------------------------------------------------------------------|
|56        |484       |135121    |11590.9   |5.67188   |28.4561   |11.3438   |32.7215   |11.3438   |59.2169   |11.3633   |45.0279   |11.3438   |33.4224   |1.89453   |135.322   |4.80636               |
|------------------------------------------------------------------------------------------------------------------------------------------------------------------------------------------------------|
|57        |145       |5998      |263.277   |1.69922   |3.02827   |3.39844   |1.65801   |3.39844   |1.39237   |3.41797   |1.06631   |3.39844   |1.22337   |0.570312  |2.96672   |1.43992               |
|------------------------------------------------------------------------------------------------------------------------------------------------------------------------------------------------------|
|58        |197       |8204      |423.341   |2.30859   |1.02546   |4.61719   |1.11727   |4.61719   |1.00585   |4.63672   |1.47955   |4.61719   |0.785371  |0.773438  |5.14647   |1.95631               |
|------------------------------------------------------------------------------------------------------------------------------------------------------------------------------------------------------|
|59        |258       |7862      |382.448   |3.02344   |1.27973   |6.04688   |1.95362   |6.04688   |2.20077   |6.06641   |2.41285   |6.04688   |1.02032   |1.01172   |3.77258   |2.56207               |
|------------------------------------------------------------------------------------------------------------------------------------------------------------------------------------------------------|
|60        |188       |22014     |727.7     |2.20312   |3.06494   |4.40625   |3.60657   |4.40625   |3.20871   |4.42578   |3.80119   |4.40625   |2.10342   |0.738281  |9.30163   |1.86693               |
|------------------------------------------------------------------------------------------------------------------------------------------------------------------------------------------------------|
|61        |450       |22472     |2832.11   |5.27344   |6.0839    |10.5469   |7.30631   |10.5469   |6.70421   |10.5664   |10.1611   |10.5469   |14.6016   |1.76172   |28.4888   |4.46872               |
|------------------------------------------------------------------------------------------------------------------------------------------------------------------------------------------------------|
|62        |333       |83408     |4695.31   |3.90234   |13.2953   |7.80469   |18.5347   |7.80469   |13.8874   |7.82422   |12.9748   |7.80469   |9.92781   |1.30469   |41.3214   |3.30685               |
|------------------------------------------------------------------------------------------------------------------------------------------------------------------------------------------------------|
|63        |305       |55749     |3040.08   |3.57422   |12.7441   |7.14844   |8.80123   |7.14844   |9.80194   |7.16797   |9.75633   |7.14844   |6.87606   |1.19531   |27.9769   |3.0288                |
|------------------------------------------------------------------------------------------------------------------------------------------------------------------------------------------------------|
|64        |438       |137233    |7684.15   |5.13281   |23.0588   |10.2656   |27.8137   |10.2656   |25.7479   |10.2852   |24.2335   |10.2656   |22.1544   |1.71484   |85.6589   |4.34955               |
|------------------------------------------------------------------------------------------------------------------------------------------------------------------------------------------------------|
|65        |114       |2605      |60.2455   |1.33594   |0.450282  |2.67188   |0.489881  |2.67188   |0.619944  |2.69141   |0.519516  |2.67188   |0.541712  |0.449219  |2.14455   |1.13208               |
|------------------------------------------------------------------------------------------------------------------------------------------------------------------------------------------------------|
|66        |124       |1834      |48.8251   |1.45312   |0.281652  |2.90625   |0.292367  |2.90625   |0.26282   |2.92578   |0.284984  |2.90625   |0.20539   |0.488281  |0.859385  |1.23138               |
|------------------------------------------------------------------------------------------------------------------------------------------------------------------------------------------------------|
|67        |367       |96624     |4250.3    |4.30078   |10.6564   |8.60156   |11.9374   |8.60156   |11.0816   |8.62109   |10.9348   |8.60156   |8.2958    |1.4375    |37.3542   |3.64449               |
|------------------------------------------------------------------------------------------------------------------------------------------------------------------------------------------------------|
|68        |144       |13236     |219.77    |1.6875    |1.43823   |3.375     |1.60637   |3.375     |1.69375   |3.39453   |1.64285   |3.375     |1.11165   |0.566406  |5.53035   |1.42999               |
|------------------------------------------------------------------------------------------------------------------------------------------------------------------------------------------------------|
|69        |293       |36273     |2164.21   |3.43359   |6.01095   |6.86719   |6.35695   |6.86719   |5.23835   |6.88672   |11.952    |6.86719   |7.31856   |1.14844   |19.1822   |2.90963               |
|------------------------------------------------------------------------------------------------------------------------------------------------------------------------------------------------------|
|70        |293       |1675      |102.436   |3.43359   |0.513825  |6.86719   |0.5523    |6.86719   |0.845292  |6.88672   |0.586253  |6.86719   |0.27053   |1.14844   |1.35525   |2.90963               |
|------------------------------------------------------------------------------------------------------------------------------------------------------------------------------------------------------|
|71        |249       |10292     |599.173   |2.91797   |1.67918   |5.83594   |2.38028   |5.83594   |1.6567    |5.85547   |2.41723   |5.83594   |1.4452    |0.976562  |6.43086   |2.47269               |
|------------------------------------------------------------------------------------------------------------------------------------------------------------------------------------------------------|
|72        |403       |157288    |7977.67   |4.72266   |26.9371   |9.44531   |25.6061   |9.44531   |20.5577   |9.46484   |19.8268   |9.44531   |13.5219   |1.57812   |63.3952   |4.00199               |
|------------------------------------------------------------------------------------------------------------------------------------------------------------------------------------------------------|
|73        |350       |1900      |98.3429   |4.10156   |0.421064  |8.20312   |0.40113   |8.20312   |0.365506  |8.22266   |0.470249  |8.20312   |0.293657  |1.37109   |1.08119   |3.47567               |
|------------------------------------------------------------------------------------------------------------------------------------------------------------------------------------------------------|
|74        |267       |32258     |1116.46   |3.12891   |3.52473   |6.25781   |4.37817   |6.25781   |4.00098   |6.27734   |4.32547   |6.25781   |2.77722   |1.04688   |13.2434   |2.65144               |
|------------------------------------------------------------------------------------------------------------------------------------------------------------------------------------------------------|
|75        |205       |16287     |427.076   |2.40234   |1.99242   |4.80469   |2.07625   |4.80469   |2.10906   |4.82422   |2.30774   |4.80469   |1.55663   |0.804688  |6.63383   |2.03575               |
|------------------------------------------------------------------------------------------------------------------------------------------------------------------------------------------------------|
|76        |349       |4379      |239.136   |4.08984   |0.697255  |8.17969   |0.715025  |8.17969   |0.625769  |8.19922   |0.748283  |8.17969   |0.485859  |1.36719   |1.9812    |3.46574               |
|------------------------------------------------------------------------------------------------------------------------------------------------------------------------------------------------------|
|77        |108       |10447     |116.455   |1.26562   |1.16956   |2.53125   |1.37039   |2.53125   |1.23736   |2.55078   |1.2365    |2.53125   |0.865159  |0.425781  |4.06572   |1.07249               |
|------------------------------------------------------------------------------------------------------------------------------------------------------------------------------------------------------|
|78        |229       |8652      |289.871   |2.68359   |1.18584   |5.36719   |1.23985   |5.36719   |1.12953   |5.38672   |1.11042   |5.36719   |0.844209  |0.898438  |3.71741   |2.27408               |
|------------------------------------------------------------------------------------------------------------------------------------------------------------------------------------------------------|
|79        |252       |48851     |1270.9    |2.95312   |5.44847   |5.90625   |7.34996   |5.90625   |5.77391   |5.92578   |5.89662   |5.90625   |4.31129   |0.988281  |20.213    |2.50248               |
|------------------------------------------------------------------------------------------------------------------------------------------------------------------------------------------------------|
|80        |271       |37548     |1177.3    |3.17578   |4.27792   |6.35156   |4.89713   |6.35156   |4.2026    |6.37109   |4.39689   |6.35156   |3.44244   |1.0625    |14.5108   |2.69116               |
|------------------------------------------------------------------------------------------------------------------------------------------------------------------------------------------------------|
|81        |157       |11087     |223.286   |1.83984   |1.23108   |3.67969   |1.42195   |3.67969   |1.35993   |3.69922   |1.47215   |3.67969   |0.95513   |0.617188  |4.23078   |1.55909               |
|------------------------------------------------------------------------------------------------------------------------------------------------------------------------------------------------------|
|82        |129       |262       |3.92823   |1.51172   |0.080521  |3.02344   |0.078106  |3.02344   |0.074439  |3.04297   |0.08543   |3.02344   |0.062186  |0.507812  |0.202078  |1.28103               |
|------------------------------------------------------------------------------------------------------------------------------------------------------------------------------------------------------|
|83        |236       |4415      |154.611   |2.76562   |0.580837  |5.53125   |0.638027  |5.53125   |0.567643  |5.55078   |0.613741  |5.53125   |0.441095  |0.925781  |1.86975   |2.34359               |
|------------------------------------------------------------------------------------------------------------------------------------------------------------------------------------------------------|
|84        |325       |34196     |1398.49   |3.80859   |3.94537   |7.61719   |4.19937   |7.61719   |3.75645   |7.63672   |4.00799   |7.61719   |3.05324   |1.27344   |13.5046   |3.22741               |
|------------------------------------------------------------------------------------------------------------------------------------------------------------------------------------------------------|
|85        |145       |16008     |243.062   |1.69922   |1.79478   |3.39844   |1.9386    |3.39844   |1.76365   |3.41797   |1.83983   |3.39844   |1.41986   |0.570312  |6.46384   |1.43992               |
|------------------------------------------------------------------------------------------------------------------------------------------------------------------------------------------------------|
|86        |131       |326       |4.67155   |1.53516   |0.1526    |3.07031   |0.089528  |3.07031   |0.08425   |3.08984   |0.094839  |3.07031   |0.069721  |0.515625  |0.230978  |1.30089               |
|------------------------------------------------------------------------------------------------------------------------------------------------------------------------------------------------------|
|87        |260       |29516     |965.755   |3.04688   |3.44656   |6.09375   |3.72702   |6.09375   |3.50504   |6.11328   |3.87833   |6.09375   |2.52845   |1.01953   |11.935    |2.58193               |
|------------------------------------------------------------------------------------------------------------------------------------------------------------------------------------------------------|
|88        |152       |18156     |302.425   |1.78125   |2.36402   |3.5625    |2.64041   |3.5625    |2.18671   |3.58203   |2.45027   |3.5625    |1.7138    |0.597656  |8.14455   |1.50943               |
|------------------------------------------------------------------------------------------------------------------------------------------------------------------------------------------------------|
|89        |463       |185207    |8135.69   |5.42578   |20.5258   |10.8516   |23.2941   |10.8516   |20.5254   |10.8711   |22.6638   |10.8516   |15.7327   |1.8125    |71.5981   |4.59782               |
|------------------------------------------------------------------------------------------------------------------------------------------------------------------------------------------------------|
|90        |491       |77400     |4734.87   |5.75391   |8.75803   |11.5078   |9.83033   |11.5078   |8.98454   |11.5273   |9.47275   |11.5078   |6.7155    |1.92188   |30.4887   |4.87587               |
|------------------------------------------------------------------------------------------------------------------------------------------------------------------------------------------------------|
|91        |260       |412       |6.96039   |3.04688   |0.153149  |6.09375   |0.169808  |6.09375   |0.180838  |6.11328   |0.14877   |6.09375   |0.105133  |1.01953   |0.391279  |2.58193               |
|------------------------------------------------------------------------------------------------------------------------------------------------------------------------------------------------------|
|92        |294       |25045     |940.756   |3.44531   |2.79065   |6.89062   |3.32633   |6.89062   |2.80703   |6.91016   |2.96729   |6.89062   |2.26358   |1.15234   |9.85051   |2.91956               |
|------------------------------------------------------------------------------------------------------------------------------------------------------------------------------------------------------|
|93        |484       |6939      |471.807   |5.67188   |1.11224   |11.3438   |1.07731   |11.3438   |0.998257  |11.3633   |1.07314   |11.3438   |0.752947  |1.89453   |3.11092   |4.80636               |
|------------------------------------------------------------------------------------------------------------------------------------------------------------------------------------------------------|
|94        |311       |91427     |2669.28   |3.64453   |10.1947   |7.28906   |11.1635   |7.28906   |10.1843   |7.30859   |10.6332   |7.28906   |7.77349   |1.21875   |35.3451   |3.08838               |
|------------------------------------------------------------------------------------------------------------------------------------------------------------------------------------------------------|
|95        |424       |166931    |6454.97   |4.96875   |18.2605   |9.9375    |20.9382   |9.9375    |18.6696   |9.95703   |19.442    |9.9375    |14.2986   |1.66016   |66.6512   |4.21053               |
|------------------------------------------------------------------------------------------------------------------------------------------------------------------------------------------------------|
|96        |158       |4955      |113.656   |1.85156   |0.687757  |3.70312   |0.655469  |3.70312   |0.59534   |3.72266   |0.627792  |3.70312   |0.454263  |0.621094  |1.99776   |1.56902               |
|------------------------------------------------------------------------------------------------------------------------------------------------------------------------------------------------------|
|97        |310       |8865      |376.638   |3.63281   |1.26228   |7.26562   |1.31673   |7.26562   |1.18893   |7.28516   |1.2681    |7.26562   |0.82967   |1.21484   |3.66041   |3.07845               |
|------------------------------------------------------------------------------------------------------------------------------------------------------------------------------------------------------|
|98        |116       |8841      |119.734   |1.35938   |0.978702  |2.71875   |1.20132   |2.71875   |1.01113   |2.73828   |1.03066   |2.71875   |0.740449  |0.457031  |3.60631   |1.15194               |
|------------------------------------------------------------------------------------------------------------------------------------------------------------------------------------------------------|
|99        |362       |35207     |1638.49   |4.24219   |3.96681   |8.48438   |4.72214   |8.48438   |3.90526   |8.50391   |4.16916   |8.48438   |3.16822   |1.41797   |14.1047   |3.59484               |
|------------------------------------------------------------------------------------------------------------------------------------------------------------------------------------------------------|
|100       |96        |181       |1.53943   |1.125     |0.05668   |2.25      |0.054533  |2.25      |0.055157  |2.26953   |0.065984  |2.25      |0.047221  |0.378906  |0.144999  |0.953327              |
|------------------------------------------------------------------------------------------------------------------------------------------------------------------------------------------------------|
|101       |64        |1835      |15.1829   |0.75      |0.219821  |1.5       |0.241989  |1.5       |0.216838  |1.51953   |0.231611  |1.5       |0.168567  |0.253906  |0.800323  |0.635551              |
|------------------------------------------------------------------------------------------------------------------------------------------------------------------------------------------------------|
|102       |84        |771       |9.91481   |0.984375  |0.129388  |1.96875   |0.146731  |1.96875   |0.13069   |1.98828   |0.142191  |1.96875   |0.103441  |0.332031  |0.411702  |0.834161              |
|------------------------------------------------------------------------------------------------------------------------------------------------------------------------------------------------------|
|103       |81        |2515      |25.5941   |0.949219  |0.354955  |1.89844   |0.392592  |1.89844   |0.325527  |1.91797   |0.318558  |1.89844   |0.230417  |0.320312  |1.13004   |0.804369              |
|------------------------------------------------------------------------------------------------------------------------------------------------------------------------------------------------------|
|104       |82        |3939      |40.5088   |0.960938  |0.447495  |1.92188   |0.495906  |1.92188   |0.445245  |1.94141   |0.486589  |1.92188   |0.342493  |0.324219  |1.53534   |0.8143                |
|------------------------------------------------------------------------------------------------------------------------------------------------------------------------------------------------------|
|105       |56        |69        |0.15046   |0.65625   |0.029832  |1.3125    |0.027447  |1.3125    |0.026109  |1.33203   |0.030532  |1.3125    |0.022687  |0.222656  |0.068444  |0.556107              |
|------------------------------------------------------------------------------------------------------------------------------------------------------------------------------------------------------|
|106       |99        |3607      |47.667    |1.16016   |0.420932  |2.32031   |0.464777  |2.32031   |0.418084  |2.33984   |0.445475  |2.32031   |0.397288  |0.390625  |1.60125   |0.983118              |
|------------------------------------------------------------------------------------------------------------------------------------------------------------------------------------------------------|
|107       |80        |633       |10.8453   |0.9375    |0.29756   |1.875     |0.23454   |1.875     |0.170936  |1.89453   |0.207473  |1.875     |0.154907  |0.316406  |0.567745  |0.794439              |
|------------------------------------------------------------------------------------------------------------------------------------------------------------------------------------------------------|
|108       |89        |7692      |66.1309   |1.04297   |0.877078  |2.08594   |0.973331  |2.08594   |1.00977   |2.10547   |1.46147   |2.08594   |0.796595  |0.351562  |3.28825   |0.883813              |
|------------------------------------------------------------------------------------------------------------------------------------------------------------------------------------------------------|
|109       |70        |267       |2.89605   |0.820312  |0.060161  |1.64062   |0.061393  |1.64062   |0.055149  |1.66016   |0.064843  |1.64062   |0.047731  |0.277344  |0.165238  |0.695134              |
|------------------------------------------------------------------------------------------------------------------------------------------------------------------------------------------------------|
|110       |91        |2323      |27.8052   |1.06641   |0.32044   |2.13281   |0.3449    |2.13281   |0.347617  |2.15234   |0.392752  |2.13281   |0.356424  |0.359375  |1.03789   |0.903674              |
|------------------------------------------------------------------------------------------------------------------------------------------------------------------------------------------------------|
|111       |87        |1743      |22.0304   |1.01953   |0.229036  |2.03906   |0.243721  |2.03906   |0.218754  |2.05859   |0.236553  |2.03906   |0.171039  |0.34375   |0.731191  |0.863952              |
|------------------------------------------------------------------------------------------------------------------------------------------------------------------------------------------------------|
|112       |94        |3782      |47.3166   |1.10156   |0.439225  |2.20312   |0.563222  |2.20312   |0.518642  |2.22266   |0.469661  |2.20312   |0.334279  |0.371094  |1.48921   |0.933466              |
|------------------------------------------------------------------------------------------------------------------------------------------------------------------------------------------------------|
|113       |74        |3721      |31.2417   |0.867188  |0.520195  |1.73438   |0.782285  |1.73438   |0.558564  |1.75391   |0.66587   |1.73438   |0.361     |0.292969  |1.6178    |0.734856              |
|------------------------------------------------------------------------------------------------------------------------------------------------------------------------------------------------------|
|114       |88        |576       |7.84344   |1.03125   |0.117195  |2.0625    |0.105495  |2.0625    |0.09612   |2.08203   |0.135573  |2.0625    |0.094744  |0.347656  |0.355223  |0.873883              |
|------------------------------------------------------------------------------------------------------------------------------------------------------------------------------------------------------|
|115       |83        |348       |4.14456   |0.972656  |0.074142  |1.94531   |0.075946  |1.94531   |0.069359  |1.96484   |0.08006   |1.94531   |0.058232  |0.328125  |0.206205  |0.82423               |
|------------------------------------------------------------------------------------------------------------------------------------------------------------------------------------------------------|
|116       |52        |872       |6.0896    |0.609375  |0.134295  |1.21875   |0.147767  |1.21875   |0.13226   |1.23828   |0.138865  |1.21875   |0.099121  |0.207031  |0.471904  |0.516385              |
|------------------------------------------------------------------------------------------------------------------------------------------------------------------------------------------------------|
|117       |76        |4210      |35.8054   |0.890625  |0.560101  |1.78125   |0.561511  |1.78125   |0.472469  |1.80078   |0.495857  |1.78125   |0.35856   |0.300781  |1.72765   |0.754717              |
|------------------------------------------------------------------------------------------------------------------------------------------------------------------------------------------------------|
|118       |97        |461       |7.28734   |1.13672   |0.284019  |2.27344   |0.305684  |2.27344   |0.193113  |2.29297   |0.119702  |2.27344   |0.083939  |0.382812  |0.295198  |0.963257              |
|------------------------------------------------------------------------------------------------------------------------------------------------------------------------------------------------------|
|119       |54        |947       |8.44532   |0.632812  |0.140431  |1.26562   |0.149587  |1.26562   |0.133333  |1.28516   |0.132261  |1.26562   |0.096412  |0.214844  |0.438266  |0.536246              |
|------------------------------------------------------------------------------------------------------------------------------------------------------------------------------------------------------|
|120       |92        |3134      |36.7414   |1.07812   |0.371345  |2.15625   |0.407478  |2.15625   |0.366991  |2.17578   |0.388803  |2.15625   |0.281987  |0.363281  |1.25303   |0.913605              |
|------------------------------------------------------------------------------------------------------------------------------------------------------------------------------------------------------|
|121       |75        |402       |4.76204   |0.878906  |0.07745   |1.75781   |0.079685  |1.75781   |0.072221  |1.77734   |0.083283  |1.75781   |0.061198  |0.296875  |0.220293  |0.744787              |
|------------------------------------------------------------------------------------------------------------------------------------------------------------------------------------------------------|
|122       |59        |3053      |20.0679   |0.691406  |0.581496  |1.38281   |0.794829  |1.38281   |0.682789  |1.40234   |0.376223  |1.38281   |0.261759  |0.234375  |1.18928   |0.585899              |
|------------------------------------------------------------------------------------------------------------------------------------------------------------------------------------------------------|
|123       |75        |869       |9.864     |0.878906  |0.153693  |1.75781   |0.158898  |1.75781   |0.121838  |1.77734   |0.136181  |1.75781   |0.0991    |0.296875  |0.467041  |0.744787              |
|------------------------------------------------------------------------------------------------------------------------------------------------------------------------------------------------------|
|124       |59        |1857      |13.8913   |0.691406  |0.297793  |1.38281   |0.284984  |1.38281   |0.231963  |1.40234   |0.240698  |1.38281   |0.168572  |0.234375  |0.747425  |0.585899              |
|------------------------------------------------------------------------------------------------------------------------------------------------------------------------------------------------------|
|125       |52        |1163      |8.16906   |0.609375  |0.163329  |1.21875   |0.17664   |1.21875   |0.156203  |1.23828   |0.154204  |1.21875   |0.111888  |0.207031  |0.541446  |0.516385              |
|------------------------------------------------------------------------------------------------------------------------------------------------------------------------------------------------------|
|126       |75        |118       |0.960368  |0.878906  |0.052195  |1.75781   |0.049415  |1.75781   |0.048094  |1.77734   |0.05077   |1.75781   |0.03725   |0.296875  |0.130522  |0.744787              |
|------------------------------------------------------------------------------------------------------------------------------------------------------------------------------------------------------|
|127       |84        |4551      |47.0517   |0.984375  |0.507763  |1.96875   |0.56807   |1.96875   |0.509596  |1.98828   |0.536669  |1.96875   |0.388664  |0.332031  |1.93472   |0.834161              |
|------------------------------------------------------------------------------------------------------------------------------------------------------------------------------------------------------|
|128       |91        |1668      |21.9971   |1.06641   |0.233912  |2.13281   |0.237535  |2.13281   |0.214763  |2.15234   |0.24607   |2.13281   |0.168112  |0.359375  |0.708604  |0.903674              |
|------------------------------------------------------------------------------------------------------------------------------------------------------------------------------------------------------|
|129       |86        |7081      |65.2866   |1.00781   |0.850029  |2.01562   |0.880119  |2.01562   |0.859413  |2.03516   |0.82964   |2.01562   |0.598738  |0.339844  |2.70044   |0.854022              |
|------------------------------------------------------------------------------------------------------------------------------------------------------------------------------------------------------|
|130       |93        |1791      |23.9051   |1.08984   |0.239232  |2.17969   |0.251632  |2.17969   |0.254101  |2.19922   |0.245351  |2.17969   |0.177242  |0.367188  |0.752857  |0.923535              |
|------------------------------------------------------------------------------------------------------------------------------------------------------------------------------------------------------|
|131       |84        |6719      |56.0929   |0.984375  |0.857097  |1.96875   |0.885577  |1.96875   |0.788561  |1.98828   |0.810669  |1.96875   |0.583648  |0.332031  |2.72621   |0.834161              |
|------------------------------------------------------------------------------------------------------------------------------------------------------------------------------------------------------|
|132       |84        |4750      |56.2445   |0.984375  |0.717282  |1.96875   |0.713361  |1.96875   |0.584199  |1.98828   |0.778658  |1.96875   |0.777263  |0.332031  |2.4454    |0.834161              |
|------------------------------------------------------------------------------------------------------------------------------------------------------------------------------------------------------|
|133       |94        |4397      |59.8183   |1.10156   |0.532264  |2.20312   |0.554755  |2.20312   |0.496851  |2.22266   |0.575028  |2.20312   |0.405586  |0.371094  |1.99896   |0.933466              |
|------------------------------------------------------------------------------------------------------------------------------------------------------------------------------------------------------|
|134       |83        |5481      |49.0061   |0.972656  |1.64715   |1.94531   |1.05495   |1.94531   |0.918508  |1.96484   |0.656808  |1.94531   |0.466696  |0.328125  |2.31379   |0.82423               |
|------------------------------------------------------------------------------------------------------------------------------------------------------------------------------------------------------|
|135       |54        |580       |4.5971    |0.632812  |0.086163  |1.26562   |0.091634  |1.26562   |0.081828  |1.28516   |0.091982  |1.26562   |0.066915  |0.214844  |0.266916  |0.536246              |
|------------------------------------------------------------------------------------------------------------------------------------------------------------------------------------------------------|
|136       |99        |3707      |48.002    |1.16016   |0.463642  |2.32031   |0.506914  |2.32031   |0.446941  |2.33984   |0.45817   |2.32031   |0.366957  |0.390625  |1.66688   |0.983118              |
|------------------------------------------------------------------------------------------------------------------------------------------------------------------------------------------------------|
|137       |50        |147       |1.14732   |0.585938  |0.043539  |1.17188   |0.043321  |1.17188   |0.039376  |1.19141   |0.048379  |1.17188   |0.03557   |0.199219  |0.117846  |0.496524              |
|------------------------------------------------------------------------------------------------------------------------------------------------------------------------------------------------------|
|138       |90        |5080      |54.1977   |1.05469   |0.765853  |2.10938   |0.711877  |2.10938   |0.652685  |2.12891   |0.719191  |2.10938   |0.50081   |0.355469  |2.25483   |0.893744              |
|------------------------------------------------------------------------------------------------------------------------------------------------------------------------------------------------------|
|139       |67        |826       |8.89769   |0.785156  |0.145792  |1.57031   |0.135733  |1.57031   |0.120608  |1.58984   |0.144065  |1.57031   |0.098981  |0.265625  |0.397178  |0.665343              |
|------------------------------------------------------------------------------------------------------------------------------------------------------------------------------------------------------|
|140       |85        |5861      |62.3804   |0.996094  |0.732162  |1.99219   |0.822058  |1.99219   |0.968331  |2.01172   |0.756784  |1.99219   |0.614778  |0.335938  |2.45334   |0.844091              |
|------------------------------------------------------------------------------------------------------------------------------------------------------------------------------------------------------|
|141       |91        |7809      |72.864    |1.06641   |0.84935   |2.13281   |1.00926   |2.13281   |0.917998  |2.15234   |0.99305   |2.13281   |0.720245  |0.359375  |3.35665   |0.903674              |
|------------------------------------------------------------------------------------------------------------------------------------------------------------------------------------------------------|
|142       |81        |1560      |24.8316   |0.949219  |0.227479  |1.89844   |0.241991  |1.89844   |0.220593  |1.91797   |0.236353  |1.89844   |0.171546  |0.320312  |0.727547  |0.804369              |
|------------------------------------------------------------------------------------------------------------------------------------------------------------------------------------------------------|
|143       |98        |6625      |72.7412   |1.14844   |1.06317   |2.29688   |1.01767   |2.29688   |0.765766  |2.31641   |0.787451  |2.29688   |0.56092   |0.386719  |2.56722   |0.973188              |
|------------------------------------------------------------------------------------------------------------------------------------------------------------------------------------------------------|
|144       |59        |1746      |13.3851   |0.691406  |0.208335  |1.38281   |0.28443   |1.38281   |0.351113  |1.40234   |0.246505  |1.38281   |0.210878  |0.234375  |0.866667  |0.585899              |
|------------------------------------------------------------------------------------------------------------------------------------------------------------------------------------------------------|
|145       |87        |6101      |59.1446   |1.01953   |0.807755  |2.03906   |0.788045  |2.03906   |0.679504  |2.05859   |0.795376  |2.03906   |0.518004  |0.34375   |2.42827   |0.863952              |
|------------------------------------------------------------------------------------------------------------------------------------------------------------------------------------------------------|
|146       |95        |1343      |17.9725   |1.11328   |0.195569  |2.22656   |0.203528  |2.22656   |0.182871  |2.24609   |0.199324  |2.22656   |0.143413  |0.375     |0.590375  |0.943396              |
|------------------------------------------------------------------------------------------------------------------------------------------------------------------------------------------------------|
|147       |56        |633       |4.97842   |0.65625   |0.10274   |1.3125    |0.10909   |1.3125    |0.09725   |1.33203   |0.112507  |1.3125    |0.080003  |0.222656  |0.379786  |0.556107              |
|------------------------------------------------------------------------------------------------------------------------------------------------------------------------------------------------------|
|148       |77        |5477      |45.7984   |0.902344  |0.633847  |1.80469   |0.675173  |1.80469   |0.607063  |1.82422   |0.664437  |1.80469   |0.483565  |0.304688  |2.32057   |0.764647              |
|------------------------------------------------------------------------------------------------------------------------------------------------------------------------------------------------------|
|149       |99        |5229      |67.3601   |1.16016   |0.641329  |2.32031   |0.654132  |2.32031   |0.588558  |2.33984   |0.619546  |2.32031   |0.447276  |0.390625  |2.02888   |0.983118              |
|------------------------------------------------------------------------------------------------------------------------------------------------------------------------------------------------------|
|150       |580       |150451    |10398.9   |6.79688   |16.0757   |13.5938   |18.4989   |13.5938   |16.5387   |13.6133   |20.3964   |13.5938   |12.4516   |2.26953   |57.4661   |5.75968               |
|------------------------------------------------------------------------------------------------------------------------------------------------------------------------------------------------------|
|151       |571       |28659     |2230.56   |6.69141   |3.35167   |13.3828   |3.7092    |13.3828   |3.37429   |13.4023   |4.00052   |13.3828   |2.55771   |2.23438   |11.848    |5.67031               |
|------------------------------------------------------------------------------------------------------------------------------------------------------------------------------------------------------|
|152       |507       |52262     |3440.49   |5.94141   |5.78407   |11.8828   |6.46241   |11.8828   |5.79846   |11.9023   |6.19281   |11.8828   |4.42724   |1.98438   |20.3788   |5.03476               |
|------------------------------------------------------------------------------------------------------------------------------------------------------------------------------------------------------|
|153       |913       |47822     |6256.6    |10.6992   |6.00352   |21.3984   |6.8292    |21.3984   |6.30351   |21.418    |6.22198   |21.3984   |4.58896   |3.57031   |19.1069   |9.06653               |
|------------------------------------------------------------------------------------------------------------------------------------------------------------------------------------------------------|
|154       |776       |399396    |42405.4   |9.09375   |60.5453   |18.1875   |65.9709   |18.1875   |54.8097   |18.207    |56.0909   |18.1875   |39.2128   |3.03516   |277.45    |7.70606               |
|------------------------------------------------------------------------------------------------------------------------------------------------------------------------------------------------------|
|155       |926       |385549    |54922     |10.8516   |54.259    |21.7031   |65.0083   |21.7031   |55.7025   |21.7227   |59.0698   |21.7031   |41.725    |3.62109   |195.766   |9.19563               |
|------------------------------------------------------------------------------------------------------------------------------------------------------------------------------------------------------|
|156       |765       |174116    |21300.8   |8.96484   |23.1388   |17.9297   |27.043    |17.9297   |23.0436   |17.9492   |27.6226   |17.9297   |17.4039   |2.99219   |80.3903   |7.59682               |
|------------------------------------------------------------------------------------------------------------------------------------------------------------------------------------------------------|
|157       |700       |370236    |31861.3   |8.20312   |49.6305   |16.4062   |54.8886   |16.4062   |48.8228   |16.4258   |50.8769   |16.4062   |36.2734   |2.73828   |169.22    |6.95134               |
|------------------------------------------------------------------------------------------------------------------------------------------------------------------------------------------------------|
|158       |811       |53354     |7592.81   |9.50391   |8.59688   |19.0078   |13.3744   |19.0078   |8.47758   |19.0273   |8.16107   |19.0078   |5.30245   |3.17188   |26.2783   |8.05362               |
|------------------------------------------------------------------------------------------------------------------------------------------------------------------------------------------------------|
|159       |558       |4457      |466.087   |6.53906   |0.831585  |13.0781   |0.898012  |13.0781   |0.811304  |13.0977   |1.66364   |13.0781   |0.681114  |2.18359   |2.56863   |5.54121               |
|------------------------------------------------------------------------------------------------------------------------------------------------------------------------------------------------------|
|160       |808       |222720    |26715.5   |9.46875   |29.9931   |18.9375   |33.4105   |18.9375   |30.0454   |18.957    |31.3938   |18.9375   |23.6598   |3.16016   |106.899   |8.02383               |
|------------------------------------------------------------------------------------------------------------------------------------------------------------------------------------------------------|
|161       |747       |53207     |6935.71   |8.75391   |8.27069   |17.5078   |8.89416   |17.5078   |10.2459   |17.5273   |8.25667   |17.5078   |6.30405   |2.92188   |26.5735   |7.41807               |
|------------------------------------------------------------------------------------------------------------------------------------------------------------------------------------------------------|
|162       |786       |125160    |16257.1   |9.21094   |18.9985   |18.4219   |22.3901   |18.4219   |25.2495   |18.4414   |33.8877   |18.4219   |19.3062   |3.07422   |82.6819   |7.80536               |
|------------------------------------------------------------------------------------------------------------------------------------------------------------------------------------------------------|
|163       |546       |175762    |13253.8   |6.39844   |18.5906   |12.7969   |21.7974   |12.7969   |19.2181   |12.8164   |23.5444   |12.7969   |16.4212   |2.13672   |79.3845   |5.42205               |
|------------------------------------------------------------------------------------------------------------------------------------------------------------------------------------------------------|
|164       |790       |269623    |29185.8   |9.25781   |31.9762   |18.5156   |36.2508   |18.5156   |33.4298   |18.5352   |33.5854   |18.5156   |24.9517   |3.08984   |129.339   |7.84508               |
|------------------------------------------------------------------------------------------------------------------------------------------------------------------------------------------------------|
|165       |566       |157252    |11115.3   |6.63281   |18.3965   |13.2656   |20.7301   |13.2656   |19.3146   |13.2852   |19.7148   |13.2656   |14.0405   |2.21484   |65.3783   |5.62066               |
|------------------------------------------------------------------------------------------------------------------------------------------------------------------------------------------------------|
|166       |802       |32847     |4015.45   |9.39844   |5.01931   |18.7969   |4.88546   |18.7969   |4.61895   |18.8164   |5.7925    |18.7969   |3.33674   |3.13672   |14.9875   |7.96425               |
|------------------------------------------------------------------------------------------------------------------------------------------------------------------------------------------------------|
|167       |963       |51750     |7536.9    |11.2852   |6.64197   |22.5703   |7.50853   |22.5703   |6.75029   |22.5898   |7.40421   |22.5703   |6.00777   |3.76562   |22.0284   |9.56306               |
|------------------------------------------------------------------------------------------------------------------------------------------------------------------------------------------------------|
|168       |843       |178300    |20457     |9.87891   |21.9613   |19.7578   |23.9406   |19.7578   |22.5938   |19.7773   |23.4328   |19.7578   |17.0232   |3.29688   |76.3352   |8.3714                |
|------------------------------------------------------------------------------------------------------------------------------------------------------------------------------------------------------|
|169       |956       |242978    |31707.4   |11.2031   |35.3991   |22.4062   |38.9185   |22.4062   |36.0225   |22.4258   |40.1924   |22.4062   |27.3775   |3.73828   |123.44    |9.49355               |
|------------------------------------------------------------------------------------------------------------------------------------------------------------------------------------------------------|
|170       |583       |26251     |2488.98   |6.83203   |3.7246    |13.6641   |4.65847   |13.6641   |3.63425   |13.6836   |3.65747   |13.6641   |2.80105   |2.28125   |12.0731   |5.78947               |
|------------------------------------------------------------------------------------------------------------------------------------------------------------------------------------------------------|
|171       |737       |412381    |32453.1   |8.63672   |47.8906   |17.2734   |55.123    |17.2734   |48.3512   |17.293    |51.7858   |17.2734   |35.7962   |2.88281   |172.862   |7.31877               |
|------------------------------------------------------------------------------------------------------------------------------------------------------------------------------------------------------|
|172       |707       |73180     |7777.89   |8.28516   |9.7357    |16.5703   |10.2909   |16.5703   |9.11944   |16.5898   |9.7747    |16.5703   |7.50043   |2.76562   |31.5682   |7.02085               |
|------------------------------------------------------------------------------------------------------------------------------------------------------------------------------------------------------|
|173       |578       |267420    |16106.2   |6.77344   |31.2139   |13.5469   |35.8864   |13.5469   |37.3228   |13.5664   |34.057    |13.5469   |23.8544   |2.26172   |118.936   |5.73982               |
|------------------------------------------------------------------------------------------------------------------------------------------------------------------------------------------------------|
|174       |528       |176941    |10623.8   |6.1875    |22.3148   |12.375    |25.8547   |12.375    |22.8553   |12.3945   |22.4934   |12.375    |15.845    |2.06641   |74.8034   |5.2433                |
|------------------------------------------------------------------------------------------------------------------------------------------------------------------------------------------------------|
|175       |653       |273403    |21509.3   |7.65234   |35.6146   |15.3047   |37.7737   |15.3047   |35.0461   |15.3242   |38.1214   |15.3047   |26.8996   |2.55469   |127.995   |6.48461               |
|------------------------------------------------------------------------------------------------------------------------------------------------------------------------------------------------------|
|176       |541       |123337    |9089.18   |6.33984   |15.1405   |12.6797   |16.3888   |12.6797   |15.7791   |12.6992   |16.916    |12.6797   |11.7832   |2.11719   |51.9631   |5.37239               |
|------------------------------------------------------------------------------------------------------------------------------------------------------------------------------------------------------|
|177       |654       |26245     |2669.9    |7.66406   |3.94568   |15.3281   |3.80657   |15.3281   |3.42324   |15.3477   |3.83841   |15.3281   |2.70363   |2.55859   |11.2485   |6.49454               |
|------------------------------------------------------------------------------------------------------------------------------------------------------------------------------------------------------|
|178       |605       |326950    |19564.3   |7.08984   |37.8363   |14.1797   |43.4314   |14.1797   |38.4312   |14.1992   |44.2339   |14.1797   |29.5251   |2.36719   |135.819   |6.00794               |
|------------------------------------------------------------------------------------------------------------------------------------------------------------------------------------------------------|
|179       |879       |176460    |21684.5   |10.3008   |20.7474   |20.6016   |25.3117   |20.6016   |21.1422   |20.6211   |23.074    |20.6016   |16.6208   |3.4375    |74.1055   |8.7289                |
|------------------------------------------------------------------------------------------------------------------------------------------------------------------------------------------------------|
|180       |623       |51693     |4659.66   |7.30078   |6.35624   |14.6016   |8.04226   |14.6016   |6.52211   |14.6211   |6.5462    |14.6016   |5.00555   |2.4375    |21.7642   |6.18669               |
|------------------------------------------------------------------------------------------------------------------------------------------------------------------------------------------------------|
|181       |964       |774501    |74735.7   |11.2969   |89.6816   |22.5938   |107.38    |22.5938   |92.3133   |22.6133   |97.3438   |22.5938   |71.9098   |3.76953   |331.685   |9.57299               |
|------------------------------------------------------------------------------------------------------------------------------------------------------------------------------------------------------|
|182       |769       |382622    |33260.5   |9.01172   |44.9034   |18.0234   |50.7615   |18.0234   |45.2007   |18.043    |47.6037   |18.0234   |34.0124   |3.00781   |157.764   |7.63654               |
|------------------------------------------------------------------------------------------------------------------------------------------------------------------------------------------------------|
|183       |908       |494631    |52338.5   |10.6406   |59.1108   |21.2812   |75.7881   |21.2812   |86.0609   |21.3008   |61.2026   |21.2812   |44.396    |3.55078   |219.18    |9.01688               |
|------------------------------------------------------------------------------------------------------------------------------------------------------------------------------------------------------|
|184       |595       |283063    |18223     |6.97266   |32.5027   |13.9453   |37.671    |13.9453   |33.9635   |13.9648   |35.4708   |13.9453   |25.3973   |2.32812   |118.344   |5.90864               |
|------------------------------------------------------------------------------------------------------------------------------------------------------------------------------------------------------|
|185       |895       |136844    |17647.7   |10.4883   |16.4174   |20.9766   |19.9321   |20.9766   |17.8361   |20.9961   |18.1106   |20.9766   |13.2259   |3.5       |60.3004   |8.88779               |
|------------------------------------------------------------------------------------------------------------------------------------------------------------------------------------------------------|
|186       |954       |562992    |65452.8   |11.1797   |66.7123   |22.3594   |77.3669   |22.3594   |67.8062   |22.3789   |72.2514   |22.3594   |51.6516   |3.73047   |237.491   |9.47368               |
|------------------------------------------------------------------------------------------------------------------------------------------------------------------------------------------------------|
|187       |685       |193746    |18853.3   |8.02734   |23.2794   |16.0547   |25.9694   |16.0547   |23.0806   |16.0742   |24.8068   |16.0547   |18.7595   |2.67969   |83.3341   |6.80238               |
|------------------------------------------------------------------------------------------------------------------------------------------------------------------------------------------------------|
|188       |618       |312466    |23340.3   |7.24219   |40.4005   |14.4844   |46.7647   |14.4844   |40.3543   |14.5039   |43.9655   |14.4844   |29.8502   |2.41797   |149.642   |6.13704               |
|------------------------------------------------------------------------------------------------------------------------------------------------------------------------------------------------------|
|189       |552       |49626     |4513.2    |6.46875   |7.00957   |12.9375   |7.91072   |12.9375   |7.81112   |12.957    |7.08201   |12.9375   |4.91328   |2.16016   |23.2756   |5.48163               |
|------------------------------------------------------------------------------------------------------------------------------------------------------------------------------------------------------|
|190       |746       |14672     |1833.89   |8.74219   |2.13225   |17.4844   |2.26108   |17.4844   |2.29123   |17.5039   |2.60809   |17.4844   |1.57314   |2.91797   |8.90897   |7.40814               |
|------------------------------------------------------------------------------------------------------------------------------------------------------------------------------------------------------|
|191       |944       |214778    |27987.8   |11.0625   |25.4409   |22.125    |29.269    |22.125    |26.7396   |22.1445   |26.729    |22.125    |20.2779   |3.69141   |89.4838   |9.37438               |
|------------------------------------------------------------------------------------------------------------------------------------------------------------------------------------------------------|
|192       |552       |283036    |15221.9   |6.46875   |33.3929   |12.9375   |38.6261   |12.9375   |34.0876   |12.957    |34.9889   |12.9375   |24.5326   |2.16016   |118.177   |5.48163               |
|------------------------------------------------------------------------------------------------------------------------------------------------------------------------------------------------------|
|193       |942       |571934    |71415.5   |11.0391   |76.3083   |22.0781   |86.5356   |22.0781   |74.5987   |22.0977   |84.0462   |22.0781   |60.1489   |3.68359   |276.606   |9.35452               |
|------------------------------------------------------------------------------------------------------------------------------------------------------------------------------------------------------|
|194       |522       |168746    |12240.2   |6.11719   |27.3409   |12.2344   |24.9369   |12.2344   |22.6168   |12.2539   |25.194    |12.2344   |19.8385   |2.04297   |96.6753   |5.18371               |
|------------------------------------------------------------------------------------------------------------------------------------------------------------------------------------------------------|
|195       |953       |731905    |81300.1   |11.168    |83.8042   |22.3359   |96.4509   |22.3359   |87.8544   |22.3555   |90.1219   |22.3359   |67.4366   |3.72656   |305.2     |9.46375               |
|------------------------------------------------------------------------------------------------------------------------------------------------------------------------------------------------------|
|196       |840       |160608    |18820.5   |9.84375   |19.6714   |19.6875   |22.1859   |19.6875   |20.248    |19.707    |20.0465   |19.6875   |16.4127   |3.28516   |67.3267   |8.34161               |
|------------------------------------------------------------------------------------------------------------------------------------------------------------------------------------------------------|
|197       |593       |58818     |5024.46   |6.94922   |7.32774   |13.8984   |8.10382   |13.8984   |8.05223   |13.918    |7.88808   |13.8984   |5.57097   |2.32031   |26.5718   |5.88878               |
|------------------------------------------------------------------------------------------------------------------------------------------------------------------------------------------------------|
|198       |508       |214382    |11178     |5.95312   |24.5715   |11.9062   |28.0814   |11.9062   |25.3634   |11.9258   |27.2101   |11.9062   |20.2894   |1.98828   |100.417   |5.04469               |
|------------------------------------------------------------------------------------------------------------------------------------------------------------------------------------------------------|
|199       |680       |283676    |22223.8   |7.96875   |33.7871   |15.9375   |38.2626   |15.9375   |33.6439   |15.957    |35.6609   |15.9375   |25.467    |2.66016   |118.093   |6.75273               |
|------------------------------------------------------------------------------------------------------------------------------------------------------------------------------------------------------|
