This log is created with the input_test directory
--------------------------------------------------------------------------------------------------------------------------------------------------------------------------------------------------------
|Result Table                                                                                                                                                                                          |
--------------------------------------------------------------------------------------------------------------------------------------------------------------------------------------------------------
|id        |Vertex    |Edge      |Tj T      |Tj S      |N_0 T     |N_0 S     |N_1 T     |N_1 S     |N_2 T     |N_2 S     |P_0 T     |P_0 S     |P_1 T     |P_1 S     |P_2 T     |P_2 S                 |
--------------------------------------------------------------------------------------------------------------------------------------------------------------------------------------------------------
|0         |21        |35        |0.433517  |0.246094  |0.056608  |0.492188  |0.054158  |0.492188  |0.061181  |0.511719  |0.051779  |0.492188  |0.029114  |0.0859375 |2.6396    |0.20854               |
|------------------------------------------------------------------------------------------------------------------------------------------------------------------------------------------------------|
|1         |37        |1148      |17.0216   |0.433594  |1.67942   |0.867188  |0.514607  |0.867188  |0.366634  |0.886719  |0.389386  |0.867188  |0.22192   |0.148438  |0.86061   |0.367428              |
|------------------------------------------------------------------------------------------------------------------------------------------------------------------------------------------------------|
|2         |20        |338       |1.84841   |0.234375  |0.134004  |0.46875   |0.128395  |0.46875   |0.100681  |0.488281  |0.176127  |0.46875   |0.07378   |0.0820312 |0.592213  |0.19861               |
|------------------------------------------------------------------------------------------------------------------------------------------------------------------------------------------------------|
|3         |28        |298       |2.46967   |0.328125  |0.084076  |0.65625   |0.079546  |0.65625   |0.068574  |0.675781  |0.131429  |0.65625   |0.08355   |0.113281  |0.277286  |0.278054              |
|------------------------------------------------------------------------------------------------------------------------------------------------------------------------------------------------------|
|4         |32        |389       |5.45902   |0.375     |0.372502  |0.75      |0.225722  |0.75      |0.147996  |0.769531  |0.153468  |0.75      |0.106835  |0.128906  |1.83992   |0.317776              |
|------------------------------------------------------------------------------------------------------------------------------------------------------------------------------------------------------|
|5         |14        |10        |0.031653  |0.164062  |0.011995  |0.328125  |0.008534  |0.328125  |0.008655  |0.347656  |0.010262  |0.328125  |0.006524  |0.0585938 |0.023735  |0.139027              |
|------------------------------------------------------------------------------------------------------------------------------------------------------------------------------------------------------|
|6         |34        |687       |9.06034   |0.398438  |0.239721  |0.796875  |0.226722  |0.796875  |0.19368   |0.816406  |0.224734  |0.796875  |0.127915  |0.136719  |0.444921  |0.337637              |
|------------------------------------------------------------------------------------------------------------------------------------------------------------------------------------------------------|
|7         |13        |24        |0.130254  |0.152344  |0.030631  |0.304688  |0.028729  |0.304688  |0.024838  |0.324219  |0.028272  |0.304688  |0.015529  |0.0546875 |0.055372  |0.129096              |
|------------------------------------------------------------------------------------------------------------------------------------------------------------------------------------------------------|
|8         |19        |46        |0.35235   |0.222656  |0.033951  |0.445312  |0.032472  |0.445312  |0.041891  |0.464844  |0.04468   |0.445312  |0.025823  |0.078125  |0.08968   |0.188679              |
|------------------------------------------------------------------------------------------------------------------------------------------------------------------------------------------------------|
|9         |42        |826       |16.6199   |0.492188  |0.148039  |0.984375  |0.145115  |0.984375  |0.167553  |1.00391   |0.457725  |0.984375  |0.286053  |0.167969  |0.72001   |0.41708               |
|------------------------------------------------------------------------------------------------------------------------------------------------------------------------------------------------------|
|10        |21        |196       |1.25457   |0.246094  |0.073431  |0.492188  |0.072524  |0.492188  |0.063032  |0.511719  |0.074268  |0.492188  |0.048664  |0.0859375 |0.181948  |0.20854               |
|------------------------------------------------------------------------------------------------------------------------------------------------------------------------------------------------------|
|11        |39        |77        |0.713445  |0.457031  |0.061721  |0.914062  |0.050118  |0.914062  |0.053881  |0.933594  |0.068852  |0.914062  |0.038199  |0.15625   |0.126454  |0.387289              |
|------------------------------------------------------------------------------------------------------------------------------------------------------------------------------------------------------|
|12        |18        |226       |0.926277  |0.210938  |0.065696  |0.421875  |0.061457  |0.421875  |0.233364  |0.441406  |0.112972  |0.421875  |0.054848  |0.0742188 |0.218499  |0.178749              |
|------------------------------------------------------------------------------------------------------------------------------------------------------------------------------------------------------|
|13        |49        |73        |0.420445  |0.574219  |0.057335  |1.14844   |0.050041  |1.14844   |0.048121  |1.16797   |0.059281  |1.14844   |0.041057  |0.195312  |0.118297  |0.486594              |
|------------------------------------------------------------------------------------------------------------------------------------------------------------------------------------------------------|
|14        |10        |63        |0.190307  |0.117188  |0.02054   |0.234375  |0.021775  |0.234375  |0.311865  |0.253906  |0.039361  |0.234375  |0.021451  |0.0429688 |0.094196  |0.0993049             |
|------------------------------------------------------------------------------------------------------------------------------------------------------------------------------------------------------|
|15        |39        |114       |0.919175  |0.457031  |0.052817  |0.914062  |0.077323  |0.914062  |0.058327  |0.933594  |0.058277  |0.914062  |0.032583  |0.15625   |0.115886  |0.387289              |
|------------------------------------------------------------------------------------------------------------------------------------------------------------------------------------------------------|
|16        |9         |40        |0.123306  |0.105469  |0.022125  |0.210938  |0.017858  |0.210938  |0.015278  |0.230469  |0.019689  |0.210938  |0.012495  |0.0390625 |0.048237  |0.0893744             |
|------------------------------------------------------------------------------------------------------------------------------------------------------------------------------------------------------|
|17        |36        |951       |7.34722   |0.421875  |0.133023  |0.84375   |0.226441  |0.84375   |0.196859  |0.863281  |0.141993  |0.84375   |0.094707  |0.144531  |0.406443  |0.357498              |
|------------------------------------------------------------------------------------------------------------------------------------------------------------------------------------------------------|
|18        |30        |65        |0.595769  |0.351562  |0.091249  |0.703125  |0.060024  |0.703125  |0.051161  |0.722656  |0.058918  |0.703125  |0.035992  |0.121094  |0.133285  |0.297915              |
|------------------------------------------------------------------------------------------------------------------------------------------------------------------------------------------------------|
|19        |19        |190       |1.20581   |0.222656  |0.069191  |0.445312  |0.068259  |0.445312  |0.068275  |0.464844  |0.074954  |0.445312  |0.047867  |0.078125  |0.183272  |0.188679              |
|------------------------------------------------------------------------------------------------------------------------------------------------------------------------------------------------------|
|20        |18        |245       |0.771612  |0.210938  |0.081516  |0.421875  |0.082225  |0.421875  |0.068757  |0.441406  |0.076338  |0.421875  |0.056617  |0.0742188 |0.221588  |0.178749              |
|------------------------------------------------------------------------------------------------------------------------------------------------------------------------------------------------------|
|21        |47        |818       |10.4109   |0.550781  |0.138522  |1.10156   |0.144841  |1.10156   |0.129423  |1.12109   |0.146401  |1.10156   |0.102674  |0.1875    |0.440782  |0.466733              |
|------------------------------------------------------------------------------------------------------------------------------------------------------------------------------------------------------|
|22        |12        |62        |0.216545  |0.140625  |0.017091  |0.28125   |0.017317  |0.28125   |0.013748  |0.300781  |0.017866  |0.28125   |0.013469  |0.0507812 |0.046092  |0.119166              |
|------------------------------------------------------------------------------------------------------------------------------------------------------------------------------------------------------|
|23        |31        |366       |1.77224   |0.363281  |0.063073  |0.726562  |0.068425  |0.726562  |0.059625  |0.746094  |0.067703  |0.726562  |0.049124  |0.125     |0.201333  |0.307845              |
|------------------------------------------------------------------------------------------------------------------------------------------------------------------------------------------------------|
|24        |6         |21        |0.044015  |0.0703125 |0.008549  |0.140625  |0.008208  |0.140625  |0.0063    |0.160156  |0.008855  |0.140625  |0.006426  |0.0273438 |0.021212  |0.0595829             |
|------------------------------------------------------------------------------------------------------------------------------------------------------------------------------------------------------|
|25        |33        |11        |0.031397  |0.386719  |0.015829  |0.773438  |0.012097  |0.773438  |0.012301  |0.792969  |0.013862  |0.773438  |0.009885  |0.132812  |0.026202  |0.327706              |
|------------------------------------------------------------------------------------------------------------------------------------------------------------------------------------------------------|
|26        |39        |1474      |11.8428   |0.457031  |0.191357  |0.914062  |0.203357  |0.914062  |0.181235  |0.933594  |0.2008    |0.914062  |0.139517  |0.15625   |0.630543  |0.387289              |
|------------------------------------------------------------------------------------------------------------------------------------------------------------------------------------------------------|
|27        |7         |10        |0.019776  |0.0820312 |0.00654   |0.164062  |0.00482   |0.164062  |0.005584  |0.183594  |0.005637  |0.164062  |0.003994  |0.03125   |0.013701  |0.0695134             |
|------------------------------------------------------------------------------------------------------------------------------------------------------------------------------------------------------|
|28        |38        |200       |1.29542   |0.445312  |0.055333  |0.890625  |0.043812  |0.890625  |0.038965  |0.910156  |0.045715  |0.890625  |0.033984  |0.152344  |0.119993  |0.377358              |
|------------------------------------------------------------------------------------------------------------------------------------------------------------------------------------------------------|
|29        |32        |109       |0.617431  |0.375     |0.027737  |0.75      |0.028101  |0.75      |0.0255    |0.769531  |0.03043   |0.75      |0.022293  |0.128906  |0.075556  |0.317776              |
|------------------------------------------------------------------------------------------------------------------------------------------------------------------------------------------------------|
|30        |26        |119       |0.486574  |0.304688  |0.027051  |0.609375  |0.028227  |0.609375  |0.025117  |0.628906  |0.029752  |0.609375  |0.022217  |0.105469  |0.07679   |0.258193              |
|------------------------------------------------------------------------------------------------------------------------------------------------------------------------------------------------------|
|31        |7         |38        |0.229133  |0.0820312 |0.022649  |0.164062  |0.009975  |0.164062  |0.008332  |0.183594  |0.01082   |0.164062  |0.007779  |0.03125   |0.026513  |0.0695134             |
|------------------------------------------------------------------------------------------------------------------------------------------------------------------------------------------------------|
|32        |7         |35        |0.094715  |0.0820312 |0.014835  |0.164062  |0.015088  |0.164062  |0.01232   |0.183594  |0.016447  |0.164062  |0.012715  |0.03125   |0.04089   |0.0695134             |
|------------------------------------------------------------------------------------------------------------------------------------------------------------------------------------------------------|
|33        |40        |4         |0.082376  |0.46875   |0.023477  |0.9375    |0.01662   |0.9375    |0.018887  |0.957031  |0.020124  |0.9375    |0.013644  |0.160156  |0.039789  |0.397219              |
|------------------------------------------------------------------------------------------------------------------------------------------------------------------------------------------------------|
|34        |17        |187       |0.667006  |0.199219  |0.041677  |0.398438  |0.041883  |0.398438  |0.03619   |0.417969  |0.043225  |0.398438  |0.030988  |0.0703125 |0.118946  |0.168818              |
|------------------------------------------------------------------------------------------------------------------------------------------------------------------------------------------------------|
|35        |42        |97        |0.934878  |0.492188  |0.101544  |0.984375  |0.047723  |0.984375  |0.04392   |1.00391   |0.055957  |0.984375  |0.078853  |0.167969  |0.136703  |0.41708               |
|------------------------------------------------------------------------------------------------------------------------------------------------------------------------------------------------------|
|36        |20        |107       |0.543882  |0.234375  |0.03828   |0.46875   |0.328821  |0.46875   |0.038577  |0.488281  |0.04597   |0.46875   |0.034625  |0.0820312 |0.120897  |0.19861               |
|------------------------------------------------------------------------------------------------------------------------------------------------------------------------------------------------------|
|37        |10        |22        |0.062311  |0.117188  |0.011859  |0.234375  |0.010747  |0.234375  |0.008365  |0.253906  |0.011393  |0.234375  |0.008711  |0.0429688 |0.026742  |0.0993049             |
|------------------------------------------------------------------------------------------------------------------------------------------------------------------------------------------------------|
|38        |11        |64        |0.21824   |0.128906  |0.017008  |0.257812  |0.017011  |0.257812  |0.013838  |0.277344  |0.017941  |0.257812  |0.013263  |0.046875  |0.046726  |0.109235              |
|------------------------------------------------------------------------------------------------------------------------------------------------------------------------------------------------------|
|39        |7         |7         |0.017856  |0.0820312 |0.00602   |0.164062  |0.004986  |0.164062  |0.00519   |0.183594  |0.005497  |0.164062  |0.004201  |0.03125   |0.012673  |0.0695134             |
|------------------------------------------------------------------------------------------------------------------------------------------------------------------------------------------------------|
|40        |38        |1213      |6.40484   |0.445312  |0.171117  |0.890625  |0.189943  |0.890625  |0.168146  |0.910156  |0.183072  |0.890625  |0.130939  |0.152344  |0.586923  |0.377358              |
|------------------------------------------------------------------------------------------------------------------------------------------------------------------------------------------------------|
|41        |26        |487       |1.86524   |0.304688  |0.141834  |0.609375  |0.152776  |0.609375  |0.092244  |0.628906  |0.08256   |0.609375  |0.056527  |0.105469  |0.256001  |0.258193              |
|------------------------------------------------------------------------------------------------------------------------------------------------------------------------------------------------------|
|42        |34        |42        |0.136795  |0.398438  |0.021584  |0.796875  |0.018094  |0.796875  |0.017373  |0.816406  |0.020596  |0.796875  |0.014747  |0.136719  |0.048645  |0.337637              |
|------------------------------------------------------------------------------------------------------------------------------------------------------------------------------------------------------|
|43        |15        |127       |0.335503  |0.175781  |0.024522  |0.351562  |0.026011  |0.351562  |0.022038  |0.371094  |0.027364  |0.351562  |0.019479  |0.0625    |0.077972  |0.148957              |
|------------------------------------------------------------------------------------------------------------------------------------------------------------------------------------------------------|
|44        |9         |5         |0.012167  |0.105469  |0.005998  |0.210938  |0.004183  |0.210938  |0.012645  |0.230469  |0.004697  |0.210938  |0.00311   |0.0390625 |0.010048  |0.0893744             |
|------------------------------------------------------------------------------------------------------------------------------------------------------------------------------------------------------|
|45        |7         |27        |0.300776  |0.0820312 |0.00965   |0.164062  |0.008758  |0.164062  |0.012399  |0.183594  |0.014703  |0.164062  |0.010653  |0.03125   |0.032192  |0.0695134             |
|------------------------------------------------------------------------------------------------------------------------------------------------------------------------------------------------------|
|46        |39        |33        |0.049671  |0.457031  |0.020925  |0.914062  |0.017182  |0.914062  |0.018053  |0.933594  |0.019619  |0.914062  |0.014196  |0.15625   |0.042067  |0.387289              |
|------------------------------------------------------------------------------------------------------------------------------------------------------------------------------------------------------|
|47        |40        |766       |4.44258   |0.46875   |0.119617  |0.9375    |0.187893  |0.9375    |0.110193  |0.957031  |0.117701  |0.9375    |0.088381  |0.160156  |0.364026  |0.397219              |
|------------------------------------------------------------------------------------------------------------------------------------------------------------------------------------------------------|
|48        |6         |7         |0.017119  |0.0703125 |0.005411  |0.140625  |0.004479  |0.140625  |0.004736  |0.160156  |0.005368  |0.140625  |0.003861  |0.0273438 |0.012731  |0.0595829             |
|------------------------------------------------------------------------------------------------------------------------------------------------------------------------------------------------------|
|49        |44        |109       |0.942119  |0.515625  |0.036873  |1.03125   |0.035751  |1.03125   |0.034763  |1.05078   |0.036646  |1.03125   |0.027568  |0.175781  |0.091318  |0.436941              |
|------------------------------------------------------------------------------------------------------------------------------------------------------------------------------------------------------|
|50        |41        |992       |5.60418   |0.480469  |0.407544  |0.960938  |0.216703  |0.960938  |0.142726  |0.980469  |0.154906  |0.960938  |0.11163   |0.164062  |0.494982  |0.40715               |
|------------------------------------------------------------------------------------------------------------------------------------------------------------------------------------------------------|
|51        |13        |75        |0.204658  |0.152344  |0.017895  |0.304688  |0.018687  |0.304688  |0.015195  |0.324219  |0.019145  |0.304688  |0.014181  |0.0546875 |0.051054  |0.129096              |
|------------------------------------------------------------------------------------------------------------------------------------------------------------------------------------------------------|
|52        |28        |237       |1.07258   |0.328125  |0.044852  |0.65625   |0.047289  |0.65625   |0.041203  |0.675781  |0.048061  |0.65625   |0.035422  |0.113281  |0.136888  |0.278054              |
|------------------------------------------------------------------------------------------------------------------------------------------------------------------------------------------------------|
|53        |43        |1494      |8.15521   |0.503906  |0.199524  |1.00781   |0.222117  |1.00781   |0.197483  |1.02734   |0.212598  |1.00781   |0.153259  |0.171875  |0.68943   |0.427011              |
|------------------------------------------------------------------------------------------------------------------------------------------------------------------------------------------------------|
|54        |17        |10        |0.021801  |0.199219  |0.01076   |0.398438  |0.008976  |0.398438  |0.009031  |0.417969  |0.010013  |0.398438  |0.007715  |0.0703125 |0.020797  |0.168818              |
|------------------------------------------------------------------------------------------------------------------------------------------------------------------------------------------------------|
|55        |44        |1574      |8.45251   |0.515625  |0.322946  |1.03125   |0.374713  |1.03125   |0.287782  |1.05078   |0.380935  |1.03125   |0.216103  |0.175781  |0.921271  |0.436941              |
|------------------------------------------------------------------------------------------------------------------------------------------------------------------------------------------------------|
|56        |24        |137       |0.794659  |0.28125   |0.051693  |0.5625    |0.090025  |0.5625    |0.042667  |0.582031  |0.05579   |0.5625    |0.030581  |0.0976562 |0.133957  |0.238332              |
|------------------------------------------------------------------------------------------------------------------------------------------------------------------------------------------------------|
|57        |32        |217       |1.20644   |0.375     |0.047635  |0.75      |0.040584  |0.75      |0.034762  |0.769531  |0.040761  |0.75      |0.030009  |0.128906  |0.112648  |0.317776              |
|------------------------------------------------------------------------------------------------------------------------------------------------------------------------------------------------------|
|58        |13        |21        |0.032216  |0.152344  |0.00988   |0.304688  |0.008924  |0.304688  |0.009011  |0.324219  |0.009783  |0.304688  |0.007501  |0.0546875 |0.021919  |0.129096              |
|------------------------------------------------------------------------------------------------------------------------------------------------------------------------------------------------------|
|59        |41        |379       |3.32609   |0.480469  |0.064887  |0.960938  |0.066698  |0.960938  |0.058805  |0.980469  |0.066681  |0.960938  |0.04859   |0.164062  |0.195714  |0.40715               |
|------------------------------------------------------------------------------------------------------------------------------------------------------------------------------------------------------|
|60        |7         |19        |0.044407  |0.0820312 |0.007731  |0.164062  |0.007299  |0.164062  |0.005773  |0.183594  |0.008119  |0.164062  |0.00608   |0.03125   |0.019741  |0.0695134             |
|------------------------------------------------------------------------------------------------------------------------------------------------------------------------------------------------------|
|61        |7         |12        |0.02385   |0.0820312 |0.006734  |0.164062  |0.005873  |0.164062  |0.005187  |0.183594  |0.006624  |0.164062  |0.004993  |0.03125   |0.014517  |0.0695134             |
|------------------------------------------------------------------------------------------------------------------------------------------------------------------------------------------------------|
|62        |34        |777       |3.31563   |0.398438  |0.096234  |0.796875  |0.114915  |0.796875  |0.096758  |0.816406  |0.119518  |0.796875  |0.079509  |0.136719  |0.34838   |0.337637              |
|------------------------------------------------------------------------------------------------------------------------------------------------------------------------------------------------------|
|63        |37        |961       |5.43036   |0.433594  |0.150493  |0.867188  |0.167078  |0.867188  |0.150855  |0.886719  |0.156243  |0.867188  |0.111857  |0.148438  |0.49709   |0.367428              |
|------------------------------------------------------------------------------------------------------------------------------------------------------------------------------------------------------|
|64        |25        |32        |0.063852  |0.292969  |0.017341  |0.585938  |0.015338  |0.585938  |0.015359  |0.605469  |0.017128  |0.585938  |0.013134  |0.101562  |0.040835  |0.248262              |
|------------------------------------------------------------------------------------------------------------------------------------------------------------------------------------------------------|
|65        |22        |398       |1.36512   |0.257812  |0.064883  |0.515625  |0.07141   |0.515625  |0.062137  |0.535156  |0.069621  |0.515625  |0.050274  |0.0898438 |0.214889  |0.218471              |
|------------------------------------------------------------------------------------------------------------------------------------------------------------------------------------------------------|
|66        |14        |7         |0.017643  |0.164062  |0.008786  |0.328125  |0.006459  |0.328125  |0.006548  |0.347656  |0.007611  |0.328125  |0.00518   |0.0585938 |0.015698  |0.139027              |
|------------------------------------------------------------------------------------------------------------------------------------------------------------------------------------------------------|
|67        |45        |1879      |10.6432   |0.527344  |0.263218  |1.05469   |0.307497  |1.05469   |0.2564    |1.07422   |0.271179  |1.05469   |0.195035  |0.179688  |0.919843  |0.446872              |
|------------------------------------------------------------------------------------------------------------------------------------------------------------------------------------------------------|
|68        |22        |9         |0.022224  |0.257812  |0.011459  |0.515625  |0.008599  |0.515625  |0.008849  |0.535156  |0.010062  |0.515625  |0.015392  |0.0898438 |0.021612  |0.218471              |
|------------------------------------------------------------------------------------------------------------------------------------------------------------------------------------------------------|
|69        |39        |1306      |6.24401   |0.457031  |0.170393  |0.914062  |0.188488  |0.914062  |0.16666   |0.933594  |0.184092  |0.914062  |0.130156  |0.15625   |0.587654  |0.387289              |
|------------------------------------------------------------------------------------------------------------------------------------------------------------------------------------------------------|
|70        |35        |378       |2.01769   |0.410156  |0.06007   |0.820312  |0.064396  |0.820312  |0.056155  |0.839844  |0.064708  |0.820312  |0.047351  |0.140625  |0.18801   |0.347567              |
|------------------------------------------------------------------------------------------------------------------------------------------------------------------------------------------------------|
|71        |22        |354       |1.09298   |0.257812  |0.051     |0.515625  |0.055905  |0.515625  |0.047978  |0.535156  |0.054645  |0.515625  |0.040093  |0.0898438 |0.16705   |0.218471              |
|------------------------------------------------------------------------------------------------------------------------------------------------------------------------------------------------------|
|72        |30        |814       |3.01013   |0.351562  |0.1014    |0.703125  |0.11224   |0.703125  |0.099714  |0.722656  |0.110279  |0.703125  |0.077956  |0.121094  |0.396398  |0.297915              |
|------------------------------------------------------------------------------------------------------------------------------------------------------------------------------------------------------|
|73        |14        |90        |1.94043   |0.164062  |0.17103   |0.328125  |0.29046   |0.328125  |0.081765  |0.347656  |0.093585  |0.328125  |0.06451   |0.0585938 |0.255525  |0.139027              |
|------------------------------------------------------------------------------------------------------------------------------------------------------------------------------------------------------|
|74        |31        |241       |6.01535   |0.363281  |0.244735  |0.726562  |0.203705  |0.726562  |0.143525  |0.746094  |0.159099  |0.726562  |0.112808  |0.125     |0.428551  |0.307845              |
|------------------------------------------------------------------------------------------------------------------------------------------------------------------------------------------------------|
|75        |39        |99        |2.57075   |0.457031  |0.124249  |0.914062  |0.196357  |0.914062  |0.143897  |0.933594  |0.194192  |0.914062  |0.128368  |0.15625   |0.3209    |0.387289              |
|------------------------------------------------------------------------------------------------------------------------------------------------------------------------------------------------------|
|76        |47        |1190      |19.1986   |0.550781  |0.520003  |1.10156   |0.507505  |1.10156   |0.34164   |1.12109   |0.340337  |1.10156   |0.245994  |0.1875    |1.08875   |0.466733              |
|------------------------------------------------------------------------------------------------------------------------------------------------------------------------------------------------------|
|77        |47        |270       |3.62638   |0.550781  |0.104247  |1.10156   |0.108327  |1.10156   |0.094887  |1.12109   |0.113188  |1.10156   |0.083263  |0.1875    |0.302066  |0.466733              |
|------------------------------------------------------------------------------------------------------------------------------------------------------------------------------------------------------|
|78        |46        |481       |6.29996   |0.539062  |0.140608  |1.07812   |0.14756   |1.07812   |0.132087  |1.09766   |0.201536  |1.07812   |0.112093  |0.183594  |0.427326  |0.456802              |
|------------------------------------------------------------------------------------------------------------------------------------------------------------------------------------------------------|
|79        |22        |51        |0.290527  |0.257812  |0.030697  |0.515625  |0.030626  |0.515625  |0.027348  |0.535156  |0.033087  |0.515625  |0.032136  |0.0898438 |0.077044  |0.218471              |
|------------------------------------------------------------------------------------------------------------------------------------------------------------------------------------------------------|
|80        |38        |1147      |8.79044   |0.445312  |0.274162  |0.890625  |0.248377  |0.890625  |0.219154  |0.910156  |0.235741  |0.890625  |0.17049   |0.152344  |0.816813  |0.377358              |
|------------------------------------------------------------------------------------------------------------------------------------------------------------------------------------------------------|
|81        |25        |281       |2.04323   |0.292969  |0.120336  |0.585938  |0.123868  |0.585938  |0.113756  |0.605469  |0.117888  |0.585938  |0.16076   |0.101562  |0.263002  |0.248262              |
|------------------------------------------------------------------------------------------------------------------------------------------------------------------------------------------------------|
|82        |38        |836       |7.87033   |0.445312  |0.160252  |0.890625  |0.169542  |0.890625  |0.149474  |0.910156  |0.162025  |0.890625  |0.114036  |0.152344  |0.494794  |0.377358              |
|------------------------------------------------------------------------------------------------------------------------------------------------------------------------------------------------------|
|83        |48        |136       |1.20094   |0.5625    |0.050856  |1.125     |0.051541  |1.125     |0.046575  |1.14453   |0.054844  |1.125     |0.041203  |0.191406  |0.135246  |0.476663              |
|------------------------------------------------------------------------------------------------------------------------------------------------------------------------------------------------------|
|84        |23        |16        |0.038539  |0.269531  |0.015956  |0.539062  |0.014254  |0.539062  |0.013597  |0.558594  |0.015897  |0.539062  |0.011689  |0.09375   |0.030945  |0.228401              |
|------------------------------------------------------------------------------------------------------------------------------------------------------------------------------------------------------|
|85        |17        |197       |0.68016   |0.199219  |0.041981  |0.398438  |0.044712  |0.398438  |0.03807   |0.417969  |0.042586  |0.398438  |0.030905  |0.0703125 |0.126935  |0.168818              |
|------------------------------------------------------------------------------------------------------------------------------------------------------------------------------------------------------|
|86        |47        |1009      |8.91781   |0.550781  |0.16415   |1.10156   |0.181824  |1.10156   |0.160686  |1.12109   |0.173705  |1.10156   |0.125449  |0.1875    |0.548322  |0.466733              |
|------------------------------------------------------------------------------------------------------------------------------------------------------------------------------------------------------|
|87        |33        |921       |4.27336   |0.386719  |0.136507  |0.773438  |0.151517  |0.773438  |0.134628  |0.792969  |0.144384  |0.773438  |0.101203  |0.132812  |0.611596  |0.327706              |
|------------------------------------------------------------------------------------------------------------------------------------------------------------------------------------------------------|
|88        |45        |1429      |11.2596   |0.527344  |0.221245  |1.05469   |0.440299  |1.05469   |0.294558  |1.07422   |0.223745  |1.05469   |0.150799  |0.179688  |0.646703  |0.446872              |
|------------------------------------------------------------------------------------------------------------------------------------------------------------------------------------------------------|
|89        |31        |366       |1.60767   |0.363281  |0.056251  |0.726562  |0.060984  |0.726562  |0.053175  |0.746094  |0.060506  |0.726562  |0.044157  |0.125     |0.181446  |0.307845              |
|------------------------------------------------------------------------------------------------------------------------------------------------------------------------------------------------------|
|90        |32        |644       |2.98105   |0.375     |0.087423  |0.75      |0.095987  |0.75      |0.084466  |0.769531  |0.090965  |0.75      |0.065712  |0.128906  |0.559523  |0.317776              |
|------------------------------------------------------------------------------------------------------------------------------------------------------------------------------------------------------|
|91        |30        |667       |2.61185   |0.351562  |0.086068  |0.703125  |0.094614  |0.703125  |0.083577  |0.722656  |0.091559  |0.703125  |0.066517  |0.121094  |0.289034  |0.297915              |
|------------------------------------------------------------------------------------------------------------------------------------------------------------------------------------------------------|
|92        |17        |10        |0.021561  |0.199219  |0.009991  |0.398438  |0.008413  |0.398438  |0.008232  |0.417969  |0.009555  |0.398438  |0.006856  |0.0703125 |0.019032  |0.168818              |
|------------------------------------------------------------------------------------------------------------------------------------------------------------------------------------------------------|
|93        |32        |169       |1.06966   |0.375     |0.03331   |0.75      |0.034388  |0.75      |0.030257  |0.769531  |0.03582   |0.75      |0.026322  |0.128906  |0.095198  |0.317776              |
|------------------------------------------------------------------------------------------------------------------------------------------------------------------------------------------------------|
|94        |36        |233       |1.1105    |0.421875  |0.042125  |0.84375   |0.043941  |0.84375   |0.038068  |0.863281  |0.045433  |0.84375   |0.03337   |0.144531  |0.123206  |0.357498              |
|------------------------------------------------------------------------------------------------------------------------------------------------------------------------------------------------------|
|95        |24        |60        |0.257953  |0.28125   |0.018303  |0.5625    |0.018002  |0.5625    |0.014909  |0.582031  |0.019589  |0.5625    |0.01478   |0.0976562 |0.046914  |0.238332              |
|------------------------------------------------------------------------------------------------------------------------------------------------------------------------------------------------------|
|96        |30        |134       |0.852462  |0.351562  |0.03132   |0.703125  |0.031081  |0.703125  |0.026431  |0.722656  |0.035378  |0.703125  |0.025895  |0.121094  |0.098825  |0.297915              |
|------------------------------------------------------------------------------------------------------------------------------------------------------------------------------------------------------|
|97        |45        |226       |2.03309   |0.527344  |0.110527  |1.05469   |0.100942  |1.05469   |0.101497  |1.07422   |0.148983  |1.05469   |0.204026  |0.179688  |0.417712  |0.446872              |
|------------------------------------------------------------------------------------------------------------------------------------------------------------------------------------------------------|
|98        |42        |844       |5.64827   |0.492188  |0.18736   |0.984375  |0.222396  |0.984375  |0.181503  |1.00391   |0.157061  |0.984375  |0.097245  |0.167969  |0.65603   |0.41708               |
|------------------------------------------------------------------------------------------------------------------------------------------------------------------------------------------------------|
|99        |49        |1246      |7.62352   |0.574219  |0.197887  |1.14844   |0.17423   |1.14844   |0.153956  |1.16797   |0.172153  |1.14844   |0.123975  |0.195312  |0.555516  |0.486594              |
|------------------------------------------------------------------------------------------------------------------------------------------------------------------------------------------------------|
|100       |37        |1287      |5.29449   |0.433594  |0.154321  |0.867188  |0.172198  |0.867188  |0.158042  |0.886719  |0.167578  |0.867188  |0.118871  |0.148438  |0.534694  |0.367428              |
|------------------------------------------------------------------------------------------------------------------------------------------------------------------------------------------------------|
|101       |12        |9         |0.021251  |0.140625  |0.007894  |0.28125   |0.006542  |0.28125   |0.006493  |0.300781  |0.007118  |0.28125   |0.005222  |0.0507812 |0.015538  |0.119166              |
|------------------------------------------------------------------------------------------------------------------------------------------------------------------------------------------------------|
|102       |13        |140       |0.298817  |0.152344  |0.0245    |0.304688  |0.026235  |0.304688  |0.022269  |0.324219  |0.026618  |0.304688  |0.019597  |0.0546875 |0.076701  |0.129096              |
|------------------------------------------------------------------------------------------------------------------------------------------------------------------------------------------------------|
|103       |27        |515       |1.76845   |0.316406  |0.068694  |0.632812  |0.075427  |0.632812  |0.066461  |0.652344  |0.073396  |0.632812  |0.053066  |0.109375  |0.235948  |0.268123              |
|------------------------------------------------------------------------------------------------------------------------------------------------------------------------------------------------------|
|104       |35        |741       |4.26988   |0.410156  |0.10706   |0.820312  |0.114713  |0.820312  |0.100876  |0.839844  |0.116787  |0.820312  |0.080449  |0.140625  |0.420842  |0.347567              |
|------------------------------------------------------------------------------------------------------------------------------------------------------------------------------------------------------|
|105       |27        |36        |0.074417  |0.316406  |0.016493  |0.632812  |0.0145    |0.632812  |0.016222  |0.652344  |0.0165    |0.632812  |0.011997  |0.109375  |0.037865  |0.268123              |
|------------------------------------------------------------------------------------------------------------------------------------------------------------------------------------------------------|
|106       |39        |575       |4.49413   |0.457031  |0.098774  |0.914062  |0.103055  |0.914062  |0.091562  |0.933594  |0.101069  |0.914062  |0.073356  |0.15625   |0.304235  |0.387289              |
|------------------------------------------------------------------------------------------------------------------------------------------------------------------------------------------------------|
|107       |18        |205       |0.645906  |0.210938  |0.037302  |0.421875  |0.039792  |0.421875  |0.03391   |0.441406  |0.038273  |0.421875  |0.028065  |0.0742188 |0.112495  |0.178749              |
|------------------------------------------------------------------------------------------------------------------------------------------------------------------------------------------------------|
|108       |45        |1901      |9.9895    |0.527344  |0.241783  |1.05469   |0.267681  |1.05469   |0.280187  |1.07422   |0.247417  |1.05469   |0.177474  |0.179688  |0.803588  |0.446872              |
|------------------------------------------------------------------------------------------------------------------------------------------------------------------------------------------------------|
|109       |47        |826       |5.40816   |0.550781  |0.110686  |1.10156   |0.276868  |1.10156   |0.168171  |1.12109   |0.135495  |1.10156   |0.092247  |0.1875    |1.38853   |0.466733              |
|------------------------------------------------------------------------------------------------------------------------------------------------------------------------------------------------------|
|110       |6         |19        |0.115593  |0.0703125 |0.0114    |0.140625  |0.010143  |0.140625  |0.008531  |0.160156  |0.012077  |0.140625  |0.00751   |0.0273438 |0.032566  |0.0595829             |
|------------------------------------------------------------------------------------------------------------------------------------------------------------------------------------------------------|
|111       |29        |22        |0.03694   |0.339844  |0.015762  |0.679688  |0.013184  |0.679688  |0.013863  |0.699219  |0.015046  |0.679688  |0.0109    |0.117188  |0.031181  |0.287984              |
|------------------------------------------------------------------------------------------------------------------------------------------------------------------------------------------------------|
|112       |34        |160       |0.74047   |0.398438  |0.038704  |0.796875  |0.037918  |0.796875  |0.033045  |0.816406  |0.037627  |0.796875  |0.026946  |0.136719  |0.136535  |0.337637              |
|------------------------------------------------------------------------------------------------------------------------------------------------------------------------------------------------------|
|113       |10        |15        |0.074457  |0.117188  |0.019126  |0.234375  |0.018511  |0.234375  |0.017397  |0.253906  |0.085504  |0.234375  |0.014176  |0.0429688 |0.034997  |0.0993049             |
|------------------------------------------------------------------------------------------------------------------------------------------------------------------------------------------------------|
|114       |21        |21        |0.05963   |0.246094  |0.019921  |0.492188  |0.016591  |0.492188  |0.016843  |0.511719  |0.020791  |0.492188  |0.009727  |0.0859375 |0.029879  |0.20854               |
|------------------------------------------------------------------------------------------------------------------------------------------------------------------------------------------------------|
|115       |32        |621       |2.8498    |0.375     |0.079546  |0.75      |0.086875  |0.75      |0.077203  |0.769531  |0.084861  |0.75      |0.061592  |0.128906  |0.265644  |0.317776              |
|------------------------------------------------------------------------------------------------------------------------------------------------------------------------------------------------------|
|116       |15        |158       |0.407226  |0.175781  |0.029436  |0.351562  |0.03143   |0.351562  |0.0308    |0.371094  |0.031983  |0.351562  |0.023262  |0.0625    |0.091352  |0.148957              |
|------------------------------------------------------------------------------------------------------------------------------------------------------------------------------------------------------|
|117       |11        |30        |0.072293  |0.128906  |0.010151  |0.257812  |0.009975  |0.257812  |0.008434  |0.277344  |0.010977  |0.257812  |0.008148  |0.046875  |0.026075  |0.109235              |
|------------------------------------------------------------------------------------------------------------------------------------------------------------------------------------------------------|
|118       |28        |557       |1.93924   |0.328125  |0.071493  |0.65625   |0.078478  |0.65625   |0.068616  |0.675781  |0.076305  |0.65625   |0.055273  |0.113281  |0.245386  |0.278054              |
|------------------------------------------------------------------------------------------------------------------------------------------------------------------------------------------------------|
|119       |11        |19        |0.043312  |0.128906  |0.008934  |0.257812  |0.008273  |0.257812  |0.007705  |0.277344  |0.009047  |0.257812  |0.007021  |0.046875  |0.022211  |0.109235              |
|------------------------------------------------------------------------------------------------------------------------------------------------------------------------------------------------------|
|120       |46        |244       |2.12333   |0.539062  |0.065919  |1.07812   |0.086841  |1.07812   |0.050544  |1.09766   |0.060328  |1.07812   |0.042281  |0.183594  |0.22324   |0.456802              |
|------------------------------------------------------------------------------------------------------------------------------------------------------------------------------------------------------|
|121       |10        |9         |0.02922   |0.117188  |0.010826  |0.234375  |0.008353  |0.234375  |0.009114  |0.253906  |0.00913   |0.234375  |0.006646  |0.0429688 |0.022528  |0.0993049             |
|------------------------------------------------------------------------------------------------------------------------------------------------------------------------------------------------------|
|122       |40        |243       |2.3162    |0.46875   |0.048554  |0.9375    |0.047353  |0.9375    |0.041798  |0.957031  |0.048748  |0.9375    |0.03582   |0.160156  |0.132648  |0.397219              |
|------------------------------------------------------------------------------------------------------------------------------------------------------------------------------------------------------|
|123       |27        |137       |0.560542  |0.316406  |0.02801   |0.632812  |0.029028  |0.632812  |0.024573  |0.652344  |0.030432  |0.632812  |0.022539  |0.109375  |0.081139  |0.268123              |
|------------------------------------------------------------------------------------------------------------------------------------------------------------------------------------------------------|
|124       |37        |437       |2.46207   |0.433594  |0.065264  |0.867188  |0.068322  |0.867188  |0.060071  |0.886719  |0.117084  |0.867188  |0.050364  |0.148438  |0.202016  |0.367428              |
|------------------------------------------------------------------------------------------------------------------------------------------------------------------------------------------------------|
|125       |41        |1302      |7.17516   |0.480469  |0.453891  |0.960938  |0.245126  |0.960938  |0.181893  |0.980469  |0.194422  |0.960938  |0.140463  |0.164062  |0.627867  |0.40715               |
|------------------------------------------------------------------------------------------------------------------------------------------------------------------------------------------------------|
|126       |15        |143       |0.45794   |0.175781  |0.028079  |0.351562  |0.029277  |0.351562  |0.024967  |0.371094  |0.029601  |0.351562  |0.021808  |0.0625    |0.085964  |0.148957              |
|------------------------------------------------------------------------------------------------------------------------------------------------------------------------------------------------------|
|127       |5         |1         |0.008719  |0.0585938 |0.003402  |0.117188  |0.002469  |0.117188  |0.002429  |0.136719  |0.002931  |0.117188  |0.001934  |0.0234375 |0.006243  |0.0496524             |
|------------------------------------------------------------------------------------------------------------------------------------------------------------------------------------------------------|
|128       |32        |83        |0.537524  |0.375     |0.027384  |0.75      |0.026933  |0.75      |0.024785  |0.769531  |0.029414  |0.75      |0.02197   |0.128906  |0.072987  |0.317776              |
|------------------------------------------------------------------------------------------------------------------------------------------------------------------------------------------------------|
|129       |19        |326       |0.871898  |0.222656  |0.050594  |0.445312  |0.05527   |0.445312  |0.047364  |0.464844  |0.054039  |0.445312  |0.039637  |0.078125  |0.165975  |0.188679              |
|------------------------------------------------------------------------------------------------------------------------------------------------------------------------------------------------------|
|130       |5         |5         |0.014472  |0.0585938 |0.004335  |0.117188  |0.003657  |0.117188  |0.003774  |0.136719  |0.004397  |0.117188  |0.00308   |0.0234375 |0.009262  |0.0496524             |
|------------------------------------------------------------------------------------------------------------------------------------------------------------------------------------------------------|
|131       |23        |341       |1.50517   |0.269531  |0.05271   |0.539062  |0.056932  |0.539062  |0.049066  |0.558594  |0.055666  |0.539062  |0.040578  |0.09375   |0.169459  |0.228401              |
|------------------------------------------------------------------------------------------------------------------------------------------------------------------------------------------------------|
|132       |22        |267       |0.914072  |0.257812  |0.043345  |0.515625  |0.046655  |0.515625  |0.03982   |0.535156  |0.046542  |0.515625  |0.034011  |0.0898438 |0.137698  |0.218471              |
|------------------------------------------------------------------------------------------------------------------------------------------------------------------------------------------------------|
|133       |44        |95        |0.507692  |0.515625  |0.03177   |1.03125   |0.031062  |1.03125   |0.03011   |1.05078   |0.033592  |1.03125   |0.025388  |0.175781  |0.081948  |0.436941              |
|------------------------------------------------------------------------------------------------------------------------------------------------------------------------------------------------------|
|134       |32        |252       |1.36005   |0.375     |0.043943  |0.75      |0.046211  |0.75      |0.040682  |0.769531  |0.047376  |0.75      |0.034876  |0.128906  |0.134276  |0.317776              |
|------------------------------------------------------------------------------------------------------------------------------------------------------------------------------------------------------|
|135       |34        |508       |2.98952   |0.398438  |0.07559   |0.796875  |0.080804  |0.796875  |0.070682  |0.816406  |0.110805  |0.796875  |0.058209  |0.136719  |0.247056  |0.337637              |
|------------------------------------------------------------------------------------------------------------------------------------------------------------------------------------------------------|
|136       |13        |92        |0.213938  |0.152344  |0.019184  |0.304688  |0.019918  |0.304688  |0.016509  |0.324219  |0.020792  |0.304688  |0.015202  |0.0546875 |0.055111  |0.129096              |
|------------------------------------------------------------------------------------------------------------------------------------------------------------------------------------------------------|
|137       |14        |171       |0.359185  |0.164062  |0.027811  |0.328125  |0.029694  |0.328125  |0.025106  |0.347656  |0.029641  |0.328125  |0.021496  |0.0585938 |0.086406  |0.139027              |
|------------------------------------------------------------------------------------------------------------------------------------------------------------------------------------------------------|
|138       |32        |509       |9.29263   |0.375     |0.219296  |0.75      |0.22884   |0.75      |0.203547  |0.769531  |0.35092   |0.75      |0.20732   |0.128906  |0.740232  |0.317776              |
|------------------------------------------------------------------------------------------------------------------------------------------------------------------------------------------------------|
|139       |12        |4         |0.055517  |0.140625  |0.025141  |0.28125   |0.01979   |0.28125   |0.019923  |0.300781  |0.021129  |0.28125   |0.014327  |0.0507812 |0.044163  |0.119166              |
|------------------------------------------------------------------------------------------------------------------------------------------------------------------------------------------------------|
|140       |5         |4         |0.047764  |0.0585938 |0.015767  |0.117188  |0.012469  |0.117188  |0.011828  |0.136719  |0.013734  |0.117188  |0.010744  |0.0234375 |0.032187  |0.0496524             |
|------------------------------------------------------------------------------------------------------------------------------------------------------------------------------------------------------|
|141       |26        |157       |3.05269   |0.304688  |0.23716   |0.609375  |0.102623  |0.609375  |0.085306  |0.628906  |0.084377  |0.609375  |0.061413  |0.105469  |0.225543  |0.258193              |
|------------------------------------------------------------------------------------------------------------------------------------------------------------------------------------------------------|
|142       |26        |125       |1.18901   |0.304688  |0.062785  |0.609375  |0.06468   |0.609375  |0.057544  |0.628906  |0.067247  |0.609375  |0.050714  |0.105469  |0.175553  |0.258193              |
|------------------------------------------------------------------------------------------------------------------------------------------------------------------------------------------------------|
|143       |37        |280       |3.48475   |0.433594  |0.452     |0.867188  |0.181549  |0.867188  |0.152952  |0.886719  |0.181464  |0.867188  |0.135389  |0.148438  |0.355797  |0.367428              |
|------------------------------------------------------------------------------------------------------------------------------------------------------------------------------------------------------|
|144       |49        |2299      |22.2979   |0.574219  |0.446542  |1.14844   |0.536019  |1.14844   |0.44536   |1.16797   |0.44751   |1.14844   |0.322709  |0.195312  |1.47124   |0.486594              |
|------------------------------------------------------------------------------------------------------------------------------------------------------------------------------------------------------|
|145       |42        |1260      |9.61572   |0.492188  |0.219475  |0.984375  |0.245163  |0.984375  |0.217076  |1.00391   |0.235297  |0.984375  |0.21218   |0.167969  |0.75823   |0.41708               |
|------------------------------------------------------------------------------------------------------------------------------------------------------------------------------------------------------|
|146       |37        |19        |0.044772  |0.433594  |0.022647  |0.867188  |0.017676  |0.867188  |0.01837   |0.886719  |0.019995  |0.867188  |0.014433  |0.148438  |0.038856  |0.367428              |
|------------------------------------------------------------------------------------------------------------------------------------------------------------------------------------------------------|
|147       |32        |592       |3.81917   |0.375     |0.117776  |0.75      |0.208707  |0.75      |0.177782  |0.769531  |0.160923  |0.75      |0.095796  |0.128906  |0.373974  |0.317776              |
|------------------------------------------------------------------------------------------------------------------------------------------------------------------------------------------------------|
|148       |15        |154       |0.506965  |0.175781  |0.033581  |0.351562  |0.035118  |0.351562  |0.030523  |0.371094  |0.03576   |0.351562  |0.026269  |0.0625    |0.103994  |0.148957              |
|------------------------------------------------------------------------------------------------------------------------------------------------------------------------------------------------------|
|149       |44        |611       |5.78534   |0.515625  |0.108226  |1.03125   |0.184743  |1.03125   |0.153599  |1.05078   |0.11605   |1.03125   |0.084383  |0.175781  |0.383313  |0.436941              |
|------------------------------------------------------------------------------------------------------------------------------------------------------------------------------------------------------|
